I0331 18:32:27.021064 16394 BcmPortGroup.cpp:133] Create BcmPortGroup with controlling port: 102, port group size: 4, laneMode:4.
I0331 18:32:27.021080 16394 BcmPortGroup.cpp:133] Create BcmPortGroup with controlling port: 106, port group size: 4, laneMode:4.
I0331 18:32:27.021099 16394 BcmPortGroup.cpp:133] Create BcmPortGroup with controlling port: 110, port group size: 4, laneMode:4.
I0331 18:32:27.021115 16394 BcmPortGroup.cpp:133] Create BcmPortGroup with controlling port: 114, port group size: 4, laneMode:4.
I0331 18:32:27.021146 16394 BcmPortGroup.cpp:133] Create BcmPortGroup with controlling port: 118, port group size: 4, laneMode:4.
I0331 18:32:27.021163 16394 BcmPortGroup.cpp:133] Create BcmPortGroup with controlling port: 122, port group size: 4, laneMode:4.
I0331 18:32:27.021179 16394 BcmPortGroup.cpp:133] Create BcmPortGroup with controlling port: 126, port group size: 4, laneMode:4.
I0331 18:32:27.021195 16394 BcmPortGroup.cpp:133] Create BcmPortGroup with controlling port: 130, port group size: 4, laneMode:4.
I0331 18:32:27.163291 16394 HwSwitch.cpp:49]  HwSwitch run state changed to: INITIALIZED
I0331 18:32:27.998126 16394 HwSwitch.cpp:49]  HwSwitch run state changed to: CONFIGURED
I0331 18:32:28.519517 16394 BcmSwitch.cpp:363] Destroying BcmSwitch
I0331 18:32:28.520633 16394 BcmQcmManager.cpp:225] Destroying Qcm Manager
I0331 18:32:28.520693 16394 BcmUnit.cpp:216]  [Exit] Initiating BRCM ASIC shutdown
I0331 18:32:30.322914 16394 BcmUnit.cpp:251] [Exit] Bcm shut down time 1.80217
[       OK ] cold_boot.BcmDeathTest.DieOnHostRouteWithEcmpNextHops (4924 ms)
[       OK ] cold_boot.BcmTest.chipColdBootDefaults (4158 ms)
[       OK ] cold_boot.BcmTest.fpGroupExists (4132 ms)
[       OK ] cold_boot.BcmTest.fpOnlyDesiredGrpsConfigured (4172 ms)
[       OK ] cold_boot.BcmTest.fpDesiredGrpsExist (4146 ms)
[       OK ] cold_boot.BcmTest.fpNoMissingOrQsetChangedGrpsPostInit (4148 ms)
[       OK ] cold_boot.BcmTest.onlyExpectedQueueStatsSeen (6933 ms)
[       OK ] warm_boot.BcmTest.onlyExpectedQueueStatsSeen (5187 ms)
[       OK ] cold_boot.BcmTest.VerifyDropEgress (5610 ms)
[       OK ] warm_boot.BcmTest.VerifyDropEgress (4567 ms)
[       OK ] cold_boot.BcmTest.addPortFails (4153 ms)
[       OK ] cold_boot.BcmTest.removePortFails (4135 ms)
[       OK ] cold_boot.BcmTest.validQosPolicyConfigWithRules (5176 ms)
[       OK ] cold_boot.BcmTest.validQosPolicyConfigWithRulesAndDifferentPolicyForPort (5193 ms)
[       OK ] cold_boot.BcmTest.expAndDscpQosMapDefaultQosPolicy (5177 ms)
[       OK ] cold_boot.BcmTest.dscpQosMapForPort (5200 ms)
[       OK ] cold_boot.BcmTest.expQosMapForPort (5201 ms)
[       OK ] cold_boot.BcmTest.validInterfaceConfig (4140 ms)
[       OK ] cold_boot.BcmTest.QsetCmp (4127 ms)
[       OK ] cold_boot.BcmTest.BcmAddsExtraQuals (4137 ms)
[       OK ] cold_boot.BcmAclCoppTest.CoppAcl (6442 ms)
[       OK ] warm_boot.BcmAclCoppTest.CoppAcl (4902 ms)
[       OK ] cold_boot.BcmAclCoppTest.CoppAclAddDelInterface (6447 ms)
[       OK ] warm_boot.BcmAclCoppTest.CoppAclAddDelInterface (4904 ms)
[       OK ] cold_boot.BcmAclCoppTest.CoppAclAddInterfaceAddr (6465 ms)
[       OK ] warm_boot.BcmAclCoppTest.CoppAclAddInterfaceAddr (4874 ms)
[       OK ] cold_boot.BcmAclCoppTest.CoppAclAddInterface (6474 ms)
[       OK ] warm_boot.BcmAclCoppTest.CoppAclAddInterface (4833 ms)
[       OK ] cold_boot.BcmAclUnitTests.AclDataMaskStateSame (0 ms)
[       OK ] cold_boot.BcmAclUnitTests.AclDataMaskStateSame2 (0 ms)
[       OK ] cold_boot.BcmAclUnitTests.AclModDataMaskStateSame (0 ms)
[       OK ] cold_boot.BcmAclUnitTests.AclArrayDataMaskStateSame (0 ms)
[       OK ] cold_boot.BcmAddDelEcmpTest.addDelRoutes (6446 ms)
[       OK ] warm_boot.BcmAddDelEcmpTest.addDelRoutes (4944 ms)
[       OK ] cold_boot.BcmBstStatsMgrTest.StatEnableDisable (6440 ms)
[       OK ] warm_boot.BcmBstStatsMgrTest.StatEnableDisable (4929 ms)
[       OK ] cold_boot.BcmControlPlaneTest.CosQueueUtils (4131 ms)
[       OK ] cold_boot.BcmControlPlaneTest.DefaultCPUQueuesCheckWithoutConfig (4169 ms)
[       OK ] cold_boot.BcmControlPlaneTest.ConfigCPUQueuesSetup (6549 ms)
[       OK ] warm_boot.BcmControlPlaneTest.ConfigCPUQueuesSetup (4874 ms)
[       OK ] cold_boot.BcmControlPlaneTest.ChangeCPULowQueueSettings (4992 ms)
[       OK ] cold_boot.BcmControlPlaneTest.DisableCPULowQueueSettings (5085 ms)
[       OK ] cold_boot.BcmControlPlaneTest.TestBcmAndCfgReasonConversions (4160 ms)
[       OK ] cold_boot.BcmControlPlaneTest.VerifyReasonToQueueMapping (6462 ms)
[       OK ] warm_boot.BcmControlPlaneTest.VerifyReasonToQueueMapping (4824 ms)
[       OK ] cold_boot.BcmControlPlaneTest.WriteOverReasonToQueue (6284 ms)
[       OK ] warm_boot.BcmControlPlaneTest.WriteOverReasonToQueue (4888 ms)
[       OK ] cold_boot.BcmQueueManagerCounterTest.SetupPortQueueCounters (5009 ms)
[       OK ] cold_boot.BcmQueueManagerCounterTest.SetupCPUQueueCounters (4988 ms)
[       OK ] cold_boot.BcmEcmpTest.SearchMissingEgressInECMP (6677 ms)
[       OK ] warm_boot.BcmEcmpTest.SearchMissingEgressInECMP (4739 ms)
[       OK ] cold_boot.BcmEcmpTest.UcmpShrink (5250 ms)
[       OK ] cold_boot.BcmEmptyEcmpTest.emptyEcmpRecoveryOnWarmboot (6388 ms)
[       OK ] warm_boot.BcmEmptyEcmpTest.emptyEcmpRecoveryOnWarmboot (4891 ms)
[       OK ] cold_boot.BcmHostKey.unResolvedNextHop (0 ms)
[       OK ] cold_boot.BcmHostKey.resolvedNextHop (0 ms)
[       OK ] cold_boot.BcmHostKey.labeledNextHopWithSwap (0 ms)
[       OK ] cold_boot.BcmHostKey.labeledNextHopWithPush (0 ms)
[       OK ] cold_boot.BcmHostKey.labeledNextHopWithPushOnlyOne (0 ms)
[       OK ] cold_boot.BcmHostKey.unLabeledNextHopWitForLabelForwarding (0 ms)
[       OK ] cold_boot.BcmHostKey.LabeledKeyStr (0 ms)
[       OK ] cold_boot.BcmHostTest.CreateV4AndV6L3Host (6501 ms)
[       OK ] warm_boot.BcmHostTest.CreateV4AndV6L3Host (4869 ms)
[       OK ] cold_boot.BcmHostTest.CreateInterfaceWithoutIp (6453 ms)
[       OK ] warm_boot.BcmHostTest.CreateInterfaceWithoutIp (4845 ms)
[       OK ] cold_boot.BcmHostTest.CreateInterfaceWithHostIp (6337 ms)
[       OK ] warm_boot.BcmHostTest.CreateInterfaceWithHostIp (4914 ms)
[       OK ] cold_boot.BcmHostTest.DeleteV4AndV6L3Host (6326 ms)
[       OK ] warm_boot.BcmHostTest.DeleteV4AndV6L3Host (4858 ms)
[       OK ] cold_boot.BcmHostTest.HostRouteLookupClassNotSet (4167 ms)
[       OK ] cold_boot.BcmInterfaceTest.InterfaceApplyConfig (6746 ms)
[       OK ] warm_boot.BcmInterfaceTest.InterfaceApplyConfig (5177 ms)
[       OK ] cold_boot.BcmInterfaceTest.fromJumboToNonJumboInterface (6460 ms)
[       OK ] warm_boot.BcmInterfaceTest.fromJumboToNonJumboInterface (4918 ms)
[       OK ] cold_boot.BcmInterfaceTest.checkMplsEnabled (6504 ms)
[       OK ] warm_boot.BcmInterfaceTest.checkMplsEnabled (4915 ms)
[       OK ] cold_boot.BcmLabeledEgressTest.labeledEgress (4921 ms)
[       OK ] cold_boot.BcmLabeledEgressTest.noLabeledEgress (4980 ms)
[       OK ] cold_boot.BcmLabeledEgressTest.LabeledEgressWithEcmp (4825 ms)
[       OK ] cold_boot.BcmLabeledEgressTest.labeledTunnelEgressWithEcmp (4995 ms)
[       OK ] cold_boot.BcmLabeledEgressTest.labeledTunnelEgressCommonTunnel (4785 ms)
[       OK ] cold_boot.BcmLabeledEgressTest.labeledTunnelEgressWithOneLabel (4992 ms)
[       OK ] cold_boot.BcmLabeledEgressTest.LabeledUnlabeledEgressWithEcmp (4985 ms)
[       OK ] cold_boot.BcmLabelSwitchActionTest.addLabelSwitchAction (6450 ms)
[       OK ] warm_boot.BcmLabelSwitchActionTest.addLabelSwitchAction (4886 ms)
[       OK ] cold_boot.BcmLabelSwitchActionTest.addLabelSwitchActionWithL3Routes (6467 ms)
[       OK ] warm_boot.BcmLabelSwitchActionTest.addLabelSwitchActionWithL3Routes (4908 ms)
[       OK ] cold_boot.BcmLabelSwitchActionTest.removeLabelSwitchAction (6461 ms)
[       OK ] warm_boot.BcmLabelSwitchActionTest.removeLabelSwitchAction (4910 ms)
[       OK ] cold_boot.BcmLabelForwardingTests.ValidLabelFIBDelta (4996 ms)
[       OK ] cold_boot.BcmLabelForwardingTests.InvalidLabelFIBDelta (4959 ms)
[       OK ] cold_boot.BcmLabelForwardingTests.ValidPushStack (4801 ms)
[       OK ] cold_boot.BcmLabelForwardingTests.InvalidPushStack (4965 ms)
[       OK ] cold_boot.BcmPortQueueManagerTest.DefaultPortQueuesCheckWithoutConfig (6296 ms)
[       OK ] warm_boot.BcmPortQueueManagerTest.DefaultPortQueuesCheckWithoutConfig (4850 ms)
[       OK ] cold_boot.BcmPortQueueManagerTest.ConfigPortQueuesSetup (6484 ms)
[       OK ] warm_boot.BcmPortQueueManagerTest.ConfigPortQueuesSetup (4878 ms)
[       OK ] cold_boot.BcmPortQueueManagerTest.ChangeQueue0Settings (4981 ms)
[       OK ] cold_boot.BcmPortQueueManagerTest.ClearPortQueueSettings (6458 ms)
[       OK ] warm_boot.BcmPortQueueManagerTest.ClearPortQueueSettings (4900 ms)
[       OK ] cold_boot.BcmPortQueueManagerTest.ChangePortQueueAQM (4998 ms)
[       OK ] cold_boot.BcmPortQueueManagerTest.InternalPriorityMappings (5001 ms)
[       OK ] cold_boot.BcmPortQueueManagerTest.InternalPriorityMappingsOverride (5019 ms)
[       OK ] cold_boot.BcmPortIngressBufferManagerTest.validateConfig (4135 ms)
[       OK ] cold_boot.BcmPortIngressBufferManagerTest.validateConfigReset (4010 ms)
[       OK ] cold_boot.BcmPortIngressBufferManagerTest.validateIngressPoolParamChange (4171 ms)
[       OK ] cold_boot.BcmPortIngressBufferManagerTest.validatePGParamChange (4177 ms)
[       OK ] cold_boot.BcmPortIngressBufferManagerTest.validatePGQueueChanges (4171 ms)
[       OK ] cold_boot.BcmPortIngressBufferManagerTest.validateLossyMode (4172 ms)
[       OK ] cold_boot.BcmPortIngressBufferManagerTest.validatePgNoPfc (4110 ms)
[       OK ] cold_boot.BcmPortIngressBufferManagerTest.validateHighBufferValues (4163 ms)
[       OK ] cold_boot.BcmPortTest.PortApplyConfig (6418 ms)
[       OK ] warm_boot.BcmPortTest.PortApplyConfig (4882 ms)
[       OK ] cold_boot.BcmPortTest.PortSflowConfig (6475 ms)
[       OK ] warm_boot.BcmPortTest.PortSflowConfig (4852 ms)
[       OK ] cold_boot.BcmPortTest.PortLoopbackMode (6471 ms)
[       OK ] warm_boot.BcmPortTest.PortLoopbackMode (4895 ms)
[       OK ] cold_boot.BcmPortTest.PortLoopbackModeMAC40G (4147 ms)
[       OK ] cold_boot.BcmPortTest.PortLoopbackModePHY40G (6446 ms)
[       OK ] warm_boot.BcmPortTest.PortLoopbackModePHY40G (4845 ms)
[       OK ] cold_boot.BcmPortTest.PortLoopbackModeMAC100G (6260 ms)
[       OK ] warm_boot.BcmPortTest.PortLoopbackModeMAC100G (4883 ms)
[       OK ] cold_boot.BcmPortTest.PortLoopbackModePHY100G (6487 ms)
[       OK ] warm_boot.BcmPortTest.PortLoopbackModePHY100G (4832 ms)
[       OK ] cold_boot.BcmPortTest.SampleDestination (6480 ms)
[       OK ] warm_boot.BcmPortTest.SampleDestination (4853 ms)
[       OK ] cold_boot.BcmPortTest.NoSampleDestinationSet (6479 ms)
[       OK ] warm_boot.BcmPortTest.NoSampleDestinationSet (4873 ms)
[       OK ] cold_boot.BcmPortTest.IngressMirror (6446 ms)
[       OK ] warm_boot.BcmPortTest.IngressMirror (4905 ms)
[       OK ] cold_boot.BcmPortTest.EgressMirror (6318 ms)
[       OK ] warm_boot.BcmPortTest.EgressMirror (4929 ms)
[       OK ] cold_boot.BcmPortTest.SampleDestinationMirror (6500 ms)
[       OK ] warm_boot.BcmPortTest.SampleDestinationMirror (4864 ms)
[       OK ] cold_boot.BcmPortTest.SampleDestinationCpu (6448 ms)
[       OK ] warm_boot.BcmPortTest.SampleDestinationCpu (4870 ms)
[       OK ] cold_boot.BcmPortTest.AssertL3Enabled (6518 ms)
[       OK ] warm_boot.BcmPortTest.AssertL3Enabled (4808 ms)
[       OK ] cold_boot.BcmPortStressTest.statEnableLoop (8884 ms)
[       OK ] warm_boot.BcmPortStressTest.statEnableLoop (6904 ms)
[       OK ] cold_boot.BcmQosPolicyTest.QosPolicyCreate (6452 ms)
[       OK ] warm_boot.BcmQosPolicyTest.QosPolicyCreate (4868 ms)
[       OK ] cold_boot.BcmQosPolicyTest.QosPolicyCreateMultiple (6244 ms)
[       OK ] warm_boot.BcmQosPolicyTest.QosPolicyCreateMultiple (4890 ms)
[       OK ] cold_boot.BcmQosPolicyTest.QosPolicyDelete (6328 ms)
[       OK ] warm_boot.BcmQosPolicyTest.QosPolicyDelete (4909 ms)
[       OK ] cold_boot.BcmQosPolicyTest.QosPolicyModify (6485 ms)
[       OK ] warm_boot.BcmQosPolicyTest.QosPolicyModify (4932 ms)
[       OK ] cold_boot.BcmQosPolicyTest.QosPolicyInvalidQueueId (5037 ms)
[       OK ] cold_boot.BcmQosPolicyTest.QosPolicyInvalidDscp (4133 ms)
[       OK ] cold_boot.BcmQosPolicyTest.QosPolicyDefault (6475 ms)
[   FAILED ] warm_boot.BcmQosPolicyTest.QosPolicyDefault (0 ms)
[       OK ] cold_boot.BcmQosPolicyTest.QosPolicyRemoveDefault (6533 ms)
[       OK ] warm_boot.BcmQosPolicyTest.QosPolicyRemoveDefault (4895 ms)
[       OK ] cold_boot.BcmQosPolicyTest.QosPolicyOverrideDefault (6443 ms)
[   FAILED ] warm_boot.BcmQosPolicyTest.QosPolicyOverrideDefault (0 ms)
[       OK ] cold_boot.BcmQosPolicyTest.QosPolicyCPU (6468 ms)
[       OK ] warm_boot.BcmQosPolicyTest.QosPolicyCPU (4676 ms)
[       OK ] cold_boot.BcmQosPolicyTest.QosPolicyCPURemove (6470 ms)
[       OK ] warm_boot.BcmQosPolicyTest.QosPolicyCPURemove (4881 ms)
[       OK ] cold_boot.BcmQosPolicyTest.QosPolicySdkAssertions (4132 ms)
[       OK ] cold_boot.BcmQosPolicyTest.QosPolicyConfigMigrate (6497 ms)
[   FAILED ] warm_boot.BcmQosPolicyTest.QosPolicyConfigMigrate (0 ms)
[       OK ] cold_boot.BcmQosMapTest.BcmNumberOfQoSMaps (6477 ms)
[       OK ] warm_boot.BcmQosMapTest.BcmNumberOfQoSMaps (4952 ms)
[       OK ] cold_boot.BcmQosMapTest.BcmDscpMapWithRules (6440 ms)
[   FAILED ] warm_boot.BcmQosMapTest.BcmDscpMapWithRules (0 ms)
[       OK ] cold_boot.BcmQosMapTest.PfcMapsRemovePolicy (4147 ms)
[       OK ] cold_boot.BcmQosMapTest.PfcMapsReset (4159 ms)
[       OK ] cold_boot.BcmQosMapTest.BcmAllQosMapsWithPfcMaps (3939 ms)
[   FAILED ] cold_boot.BcmQosMapTest.BcmAllQosMaps (0 ms)
[   FAILED ] warm_boot.BcmQosMapTest.BcmAllQosMaps (0 ms)
[       OK ] cold_boot.BcmRtag7Test.programLoadBalancerMap (5628 ms)
[       OK ] warm_boot.BcmRtag7Test.programLoadBalancerMap (4582 ms)
[       OK ] cold_boot.BcmRtag7Test.programMPLSLoadBalancer (5761 ms)
[       OK ] warm_boot.BcmRtag7Test.programMPLSLoadBalancer (4574 ms)
[       OK ] cold_boot.BcmRouteTest.AddRoutesAndCountPrintCheckToCPU (6983 ms)
[       OK ] warm_boot.BcmRouteTest.AddRoutesAndCountPrintCheckToCPU (5386 ms)
[       OK ] cold_boot.BcmRouteTest.AddV4NonHostRoute (6610 ms)
[       OK ] warm_boot.BcmRouteTest.AddV4NonHostRoute (5016 ms)
[       OK ] cold_boot.BcmRouteTest.AddV4HostRoute (6587 ms)
[       OK ] warm_boot.BcmRouteTest.AddV4HostRoute (5034 ms)
[       OK ] cold_boot.BcmRouteTest.AddV6NonHostRoute (6430 ms)
[       OK ] warm_boot.BcmRouteTest.AddV6NonHostRoute (5042 ms)
[       OK ] cold_boot.BcmRouteTest.AddV6HostRoute (6444 ms)
[       OK ] warm_boot.BcmRouteTest.AddV6HostRoute (5038 ms)
[       OK ] cold_boot.BcmRouteTest.RemoveHWNonexistentNonHostRoute (6465 ms)
[       OK ] warm_boot.BcmRouteTest.RemoveHWNonexistentNonHostRoute (4867 ms)
[       OK ] cold_boot.BcmRouteTest.HostRouteStat (5003 ms)
[       OK ] cold_boot.BcmRouteTest.LpmRouteV6Stat128b (4990 ms)
[       OK ] cold_boot.BcmRouteTest.BcmHostReference (4962 ms)
[       OK ] cold_boot.BcmRouteTest.EgressUpdateOnHostRouteUpdateOneHopToManyHops (6448 ms)
[       OK ] warm_boot.BcmRouteTest.EgressUpdateOnHostRouteUpdateOneHopToManyHops (4883 ms)
[       OK ] cold_boot.BcmRouteTest.UnresolveResolveNextHop (4925 ms)
[       OK ] cold_boot.BcmRouteHostReferenceTest.AddRouteAndCheckHostReference (6288 ms)
[       OK ] warm_boot.BcmRouteHostReferenceTest.AddRouteAndCheckHostReference (4897 ms)
[       OK ] cold_boot.BcmRouteHostReferenceTest.AddRoutesWithDistinctNextHopsAndCheckHostReference (6473 ms)
[       OK ] warm_boot.BcmRouteHostReferenceTest.AddRoutesWithDistinctNextHopsAndCheckHostReference (4889 ms)
[       OK ] cold_boot.BcmRouteHostReferenceTest.AddRoutesWithSharedNextHopsAndCheckHostReference (6440 ms)
[       OK ] warm_boot.BcmRouteHostReferenceTest.AddRoutesWithSharedNextHopsAndCheckHostReference (4895 ms)
[       OK ] cold_boot.BcmRouteHostReferenceTest.DeleteRoutesAndCheckHostReference (6449 ms)
[       OK ] warm_boot.BcmRouteHostReferenceTest.DeleteRoutesAndCheckHostReference (4868 ms)
[       OK ] cold_boot.BcmRouteHostReferenceTest.AddRouteAndCheckInvalidHostReference (6471 ms)
[       OK ] warm_boot.BcmRouteHostReferenceTest.AddRouteAndCheckInvalidHostReference (4834 ms)
[       OK ] cold_boot.BcmRouteHostReferenceTest.AddNoRoutesAndCheckDefaultHostReference (6441 ms)
[       OK ] warm_boot.BcmRouteHostReferenceTest.AddNoRoutesAndCheckDefaultHostReference (4732 ms)
[       OK ] cold_boot.BcmTrunkTest.findTrunkApiChecks (6479 ms)
[       OK ] warm_boot.BcmTrunkTest.findTrunkApiChecks (4787 ms)
[       OK ] cold_boot.BcmUnitTests.FlexportCalculate (7 ms)
[       OK ] cold_boot.BcmMultiAqmProfileTest.verifyWred (6995 ms)
[   FAILED ] warm_boot.BcmMultiAqmProfileTest.verifyWred (0 ms)
[       OK ] cold_boot.BcmMultiAqmProfileTest.verifyEcn (7202 ms)
[   FAILED ] warm_boot.BcmMultiAqmProfileTest.verifyEcn (0 ms)
[       OK ] cold_boot.BcmQcmDataTest.VerifyMonitorQcmCfgPortOnly (5577 ms)
[       OK ] cold_boot.BcmQcmDataTest.VerifyPortMonitoringPriorityPortsConfigured (5601 ms)
[       OK ] cold_boot.BcmQcmDataTest.VerifyPortMonitoringNoneConfigured (5554 ms)
[       OK ] cold_boot.BcmQcmDataTest.VerifyQcmFirmwareInit (5608 ms)
[       OK ] cold_boot.BcmQcmDataTest.FlowLearningPolicer (5587 ms)
[       OK ] cold_boot.BcmQcmDataTest.FlowLearning (5594 ms)
[       OK ] cold_boot.BcmQcmDataTest.MultiFlows (5562 ms)
[       OK ] cold_boot.BcmQcmDataTest.RestrictFlowLearning (5591 ms)
[       OK ] cold_boot.BcmQcmDataTest.VerifyQcmStartStop (5430 ms)
[       OK ] cold_boot.BcmQcmDataTest.VerifyQcmStartStopPddcMode (5632 ms)
[       OK ] cold_boot.BcmQcmDataTest.VerifyQcmPddcModeScanIntervalZero (5619 ms)
[       OK ] cold_boot.HwEcmpTest.L2ResolveOneNhopThenLinkDownThenUp (6677 ms)
[       OK ] warm_boot.HwEcmpTest.L2ResolveOneNhopThenLinkDownThenUp (4772 ms)
[       OK ] cold_boot.HwEcmpTest.ecmpToDropToEcmp (5221 ms)
[       OK ] cold_boot.HwEcmpTest.L2ResolveOneNhopThenLinkDownThenUpThenL2ResolveNhop (6707 ms)
[       OK ] warm_boot.HwEcmpTest.L2ResolveOneNhopThenLinkDownThenUpThenL2ResolveNhop (4688 ms)
[       OK ] cold_boot.HwEcmpTest.L2UnresolvedNhopsECMPInHWEmpty (6692 ms)
[       OK ] warm_boot.HwEcmpTest.L2UnresolvedNhopsECMPInHWEmpty (4716 ms)
[       OK ] cold_boot.HwEcmpTest.UcmpOverflowZero (6724 ms)
[       OK ] warm_boot.HwEcmpTest.UcmpOverflowZero (4736 ms)
[       OK ] cold_boot.HwEcmpTest.UcmpOverflowZeroNotEnoughToRoundUp (6551 ms)
[       OK ] warm_boot.HwEcmpTest.UcmpOverflowZeroNotEnoughToRoundUp (4784 ms)
[       OK ] cold_boot.HwEcmpTest.ResolvePendingResolveNexthop (6538 ms)
[       OK ] warm_boot.HwEcmpTest.ResolvePendingResolveNexthop (4679 ms)
[       OK ] cold_boot.HwEcmpTest.UcmpL2ResolveAllNhopsInThenLinkDown (5278 ms)
[       OK ] cold_boot.HwEcmpTest.UcmpL2ResolveBothNhopsInThenLinkFlap (5322 ms)
[       OK ] cold_boot.HwWideEcmpTest.WideUcmpUnderflow (5240 ms)
[       OK ] cold_boot.HwFlexPortTest.FlexPortTWOX50G (6551 ms)
[       OK ] warm_boot.HwFlexPortTest.FlexPortTWOX50G (4879 ms)
[       OK ] cold_boot.HwFlexPortTest.FlexPortFOURX10G (6544 ms)
[       OK ] warm_boot.HwFlexPortTest.FlexPortFOURX10G (4871 ms)
[       OK ] cold_boot.HwFlexPortTest.FlexPortFOURX25G (6552 ms)
[       OK ] warm_boot.HwFlexPortTest.FlexPortFOURX25G (4697 ms)
[       OK ] cold_boot.HwFlexPortTest.FlexPortONEX40G (6490 ms)
[       OK ] warm_boot.HwFlexPortTest.FlexPortONEX40G (4731 ms)
[       OK ] cold_boot.HwFlexPortTest.FlexPortONEX100G (6463 ms)
[       OK ] warm_boot.HwFlexPortTest.FlexPortONEX100G (4868 ms)
[       OK ] cold_boot.HwEcmpTrunkTest.TrunkNotRemovedFromEcmpWithMinLinks (6692 ms)
[       OK ] warm_boot.HwEcmpTrunkTest.TrunkNotRemovedFromEcmpWithMinLinks (4735 ms)
[       OK ] cold_boot.HwEcmpTrunkTest.TrunkMemberRemoveWithRouteTest (6668 ms)
[       OK ] warm_boot.HwEcmpTrunkTest.TrunkMemberRemoveWithRouteTest (4660 ms)
[       OK ] cold_boot.HwEcmpTrunkTest.TrunkL2ResolveNhopThenLinkAndLACPDownThenUpThenStateUp (6654 ms)
[       OK ] warm_boot.HwEcmpTrunkTest.TrunkL2ResolveNhopThenLinkAndLACPDownThenUpThenStateUp (4712 ms)
[       OK ] cold_boot.HwEcmpTrunkTest.TrunkL2ResolveNhopThenLinkDownThenUpThenStateUp (6698 ms)
[       OK ] warm_boot.HwEcmpTrunkTest.TrunkL2ResolveNhopThenLinkDownThenUpThenStateUp (4618 ms)
[       OK ] cold_boot.HwEcmpTrunkTest.TrunkL2ResolveNhopThenLinkAndLACPDownThenUpBeforeReinit (6585 ms)
[       OK ] warm_boot.HwEcmpTrunkTest.TrunkL2ResolveNhopThenLinkAndLACPDownThenUpBeforeReinit (4494 ms)
[       OK ] cold_boot.HwEcmpTrunkTest.TrunkL2ResolveNhopThenLinkUpDownUpBeforeReinit (6701 ms)
[       OK ] warm_boot.HwEcmpTrunkTest.TrunkL2ResolveNhopThenLinkUpDownUpBeforeReinit (4706 ms)
[       OK ] cold_boot.HwRouteScaleTest.rswRouteScale (4184 ms)
[       OK ] cold_boot.HwRouteScaleTest.fswRouteScale (4150 ms)
[       OK ] cold_boot.HwRouteScaleTest.thAlpmScale (4163 ms)
[       OK ] cold_boot.HwRouteScaleTest.hgridDuScaleTest (4155 ms)
[       OK ] cold_boot.HwRouteScaleTest.hgridUuScaleTest (4103 ms)
[       OK ] cold_boot.HwRouteScaleTest.turboFabricScaleTest (4151 ms)
[       OK ] cold_boot.HwTrunkTest.TrunkCreateHighLowKeyIds (6468 ms)
[       OK ] warm_boot.HwTrunkTest.TrunkCreateHighLowKeyIds (4913 ms)
[       OK ] cold_boot.HwTrunkTest.TrunkCheckIngressPktAggPort (6526 ms)
[       OK ] warm_boot.HwTrunkTest.TrunkCheckIngressPktAggPort (4941 ms)
[       OK ] cold_boot.HwTrunkTest.TrunkMemberPortDownMinLinksViolated (6382 ms)
[       OK ] warm_boot.HwTrunkTest.TrunkMemberPortDownMinLinksViolated (4947 ms)
[       OK ] cold_boot.HwVlanTest.VlanApplyConfig (6498 ms)
[       OK ] warm_boot.HwVlanTest.VlanApplyConfig (4849 ms)
[       OK ] cold_boot.HwL2ClassIDTest.VerifyClassID (6556 ms)
[       OK ] warm_boot.HwL2ClassIDTest.VerifyClassID (4923 ms)
[       OK ] cold_boot.HwAclMatchActionsTest.AddTrafficPolicy (6474 ms)
[       OK ] warm_boot.HwAclMatchActionsTest.AddTrafficPolicy (4933 ms)
[       OK ] cold_boot.HwAclMatchActionsTest.SetDscpMatchAction (6474 ms)
[       OK ] warm_boot.HwAclMatchActionsTest.SetDscpMatchAction (4918 ms)
[       OK ] cold_boot.HwAclMatchActionsTest.AddSameMatcherTwice (6475 ms)
[       OK ] warm_boot.HwAclMatchActionsTest.AddSameMatcherTwice (4910 ms)
[       OK ] cold_boot.HwAclMatchActionsTest.AddMultipleActions (6429 ms)
[       OK ] warm_boot.HwAclMatchActionsTest.AddMultipleActions (4730 ms)
[       OK ] cold_boot.HwAclMatchActionsTest.AddRemoveActions (6290 ms)
[       OK ] warm_boot.HwAclMatchActionsTest.AddRemoveActions (4851 ms)
[       OK ] cold_boot.HwAclMatchActionsTest.AddTrafficPolicyMultipleRemoveOne (6468 ms)
[       OK ] warm_boot.HwAclMatchActionsTest.AddTrafficPolicyMultipleRemoveOne (4927 ms)
[       OK ] cold_boot.HwAclPriorityTest.CheckAclPriorityOrder (6472 ms)
[       OK ] warm_boot.HwAclPriorityTest.CheckAclPriorityOrder (4895 ms)
[       OK ] cold_boot.HwAclPriorityTest.CheckAclPriortyOrderInsertMiddle (6481 ms)
[       OK ] warm_boot.HwAclPriorityTest.CheckAclPriortyOrderInsertMiddle (4948 ms)
[       OK ] cold_boot.HwAclPriorityTest.AclNameChange (6456 ms)
[       OK ] warm_boot.HwAclPriorityTest.AclNameChange (4919 ms)
[       OK ] cold_boot.HwAclQualifierTest.AclIp4TcpQualifiers (6484 ms)
[       OK ] warm_boot.HwAclQualifierTest.AclIp4TcpQualifiers (4799 ms)
[       OK ] cold_boot.HwAclQualifierTest.AclIp6TcpQualifiers (6470 ms)
[       OK ] warm_boot.HwAclQualifierTest.AclIp6TcpQualifiers (4766 ms)
[       OK ] cold_boot.HwAclQualifierTest.AclIcmp4Qualifiers (6497 ms)
[       OK ] warm_boot.HwAclQualifierTest.AclIcmp4Qualifiers (4895 ms)
[       OK ] cold_boot.HwAclQualifierTest.AclIcmp6Qualifiers (6464 ms)
[       OK ] warm_boot.HwAclQualifierTest.AclIcmp6Qualifiers (4846 ms)
[       OK ] cold_boot.HwAclQualifierTest.AclRemove (6483 ms)
[       OK ] warm_boot.HwAclQualifierTest.AclRemove (4906 ms)
[       OK ] cold_boot.HwAclQualifierTest.AclModifyQualifier (6466 ms)
[       OK ] warm_boot.HwAclQualifierTest.AclModifyQualifier (4902 ms)
[       OK ] cold_boot.HwAclQualifierTest.AclEmptyCodeIcmp (6517 ms)
[       OK ] warm_boot.HwAclQualifierTest.AclEmptyCodeIcmp (4634 ms)
[       OK ] cold_boot.HwAclQualifierTest.AclIp4Qualifiers (6480 ms)
[       OK ] warm_boot.HwAclQualifierTest.AclIp4Qualifiers (4703 ms)
[       OK ] cold_boot.HwAclQualifierTest.AclIp6Qualifiers (6483 ms)
[       OK ] warm_boot.HwAclQualifierTest.AclIp6Qualifiers (4905 ms)
[       OK ] cold_boot.HwAclQualifierTest.AclIp4LookupClassL2 (6484 ms)
[       OK ] warm_boot.HwAclQualifierTest.AclIp4LookupClassL2 (4863 ms)
[       OK ] cold_boot.HwAclQualifierTest.AclIp4LookupClassNeighbor (6458 ms)
[       OK ] warm_boot.HwAclQualifierTest.AclIp4LookupClassNeighbor (4896 ms)
[       OK ] cold_boot.HwAclQualifierTest.AclIp4LookupClassRoute (6503 ms)
[       OK ] warm_boot.HwAclQualifierTest.AclIp4LookupClassRoute (4889 ms)
[       OK ] cold_boot.HwAclQualifierTest.AclIp6LookupClassL2 (6503 ms)
[       OK ] warm_boot.HwAclQualifierTest.AclIp6LookupClassL2 (4885 ms)
[       OK ] cold_boot.HwAclQualifierTest.AclIp6LookupClassNeighbor (6322 ms)
[       OK ] warm_boot.HwAclQualifierTest.AclIp6LookupClassNeighbor (4733 ms)
[       OK ] cold_boot.HwAclQualifierTest.AclIp6LookupClassRoute (6483 ms)
[       OK ] warm_boot.HwAclQualifierTest.AclIp6LookupClassRoute (4930 ms)
[       OK ] cold_boot.HwAclStatTest.AclStatCreate (6485 ms)
[       OK ] warm_boot.HwAclStatTest.AclStatCreate (4962 ms)
[       OK ] cold_boot.HwAclStatTest.AclStatMultipleCounters (6475 ms)
[       OK ] warm_boot.HwAclStatTest.AclStatMultipleCounters (4944 ms)
[       OK ] cold_boot.HwAclStatTest.AclStatChangeCounterType (6502 ms)
[       OK ] warm_boot.HwAclStatTest.AclStatChangeCounterType (4949 ms)
[       OK ] cold_boot.HwAclStatTest.AclStatCreateShared (6445 ms)
[       OK ] warm_boot.HwAclStatTest.AclStatCreateShared (4880 ms)
[       OK ] cold_boot.HwAclStatTest.AclStatCreateMultiple (6323 ms)
[       OK ] warm_boot.HwAclStatTest.AclStatCreateMultiple (4851 ms)
[       OK ] cold_boot.HwAclStatTest.AclStatMultipleActions (6312 ms)
[       OK ] warm_boot.HwAclStatTest.AclStatMultipleActions (4836 ms)
[       OK ] cold_boot.HwAclStatTest.AclStatDelete (6478 ms)
[       OK ] warm_boot.HwAclStatTest.AclStatDelete (4855 ms)
[       OK ] cold_boot.HwAclStatTest.AclStatDeleteShared (6461 ms)
[       OK ] warm_boot.HwAclStatTest.AclStatDeleteShared (4899 ms)
[       OK ] cold_boot.HwAclStatTest.AclStatRename (6479 ms)
[       OK ] warm_boot.HwAclStatTest.AclStatRename (4911 ms)
[       OK ] cold_boot.HwAclStatTest.AclStatRenameShared (6461 ms)
[       OK ] warm_boot.HwAclStatTest.AclStatRenameShared (4887 ms)
[       OK ] cold_boot.HwAclStatTest.AclStatCreateSameTwice (4873 ms)
[       OK ] cold_boot.HwAclStatTest.AclStatDeleteNonExistent (4985 ms)
[       OK ] cold_boot.HwAclStatTest.AclStatModify (6315 ms)
[       OK ] warm_boot.HwAclStatTest.AclStatModify (4931 ms)
[       OK ] cold_boot.HwAclStatTest.AclStatShuffle (6500 ms)
[       OK ] warm_boot.HwAclStatTest.AclStatShuffle (4865 ms)
[       OK ] cold_boot.HwAclStatTest.StatNumberOfCounters (6494 ms)
[       OK ] warm_boot.HwAclStatTest.StatNumberOfCounters (4953 ms)
[       OK ] cold_boot.HwAclStatTest.EmptyAclCheck (6490 ms)
[       OK ] warm_boot.HwAclStatTest.EmptyAclCheck (4878 ms)
[       OK ] cold_boot.HwDiagShellStressTest.stressDiagCmds (6814 ms)
[       OK ] warm_boot.HwDiagShellStressTest.stressDiagCmds (4791 ms)
[   FAILED ] cold_boot.HwPortLedTest.TestLed (0 ms)
[   FAILED ] warm_boot.HwPortLedTest.TestLed (0 ms)
[       OK ] cold_boot.HwTest_PROFILE_10G_1_NRZ_NOFEC_COPPER.TestProfile (6441 ms)
[       OK ] warm_boot.HwTest_PROFILE_10G_1_NRZ_NOFEC_COPPER.TestProfile (4987 ms)
[       OK ] cold_boot.HwTest_PROFILE_10G_1_NRZ_NOFEC_OPTICAL.TestProfile (6582 ms)
[       OK ] warm_boot.HwTest_PROFILE_10G_1_NRZ_NOFEC_OPTICAL.TestProfile (4933 ms)
[       OK ] cold_boot.HwTest_PROFILE_25G_1_NRZ_NOFEC_COPPER.TestProfile (6600 ms)
[       OK ] warm_boot.HwTest_PROFILE_25G_1_NRZ_NOFEC_COPPER.TestProfile (4943 ms)
[       OK ] cold_boot.HwTest_PROFILE_25G_1_NRZ_CL74_COPPER.TestProfile (6605 ms)
[       OK ] warm_boot.HwTest_PROFILE_25G_1_NRZ_CL74_COPPER.TestProfile (4938 ms)
[  SKIPPED ] HwTest_PROFILE_25G_1_NRZ_RS528_COPPER.TestProfile (4156 ms)
[       OK ] cold_boot.HwTest_PROFILE_40G_4_NRZ_NOFEC_COPPER.TestProfile (6461 ms)
[       OK ] warm_boot.HwTest_PROFILE_40G_4_NRZ_NOFEC_COPPER.TestProfile (4901 ms)
[       OK ] cold_boot.HwTest_PROFILE_40G_4_NRZ_NOFEC_OPTICAL.TestProfile (6326 ms)
[       OK ] warm_boot.HwTest_PROFILE_40G_4_NRZ_NOFEC_OPTICAL.TestProfile (4790 ms)
[       OK ] cold_boot.HwTest_PROFILE_50G_2_NRZ_NOFEC_COPPER.TestProfile (6391 ms)
[       OK ] warm_boot.HwTest_PROFILE_50G_2_NRZ_NOFEC_COPPER.TestProfile (4895 ms)
[       OK ] cold_boot.HwTest_PROFILE_50G_2_NRZ_CL74_COPPER.TestProfile (6535 ms)
[       OK ] warm_boot.HwTest_PROFILE_50G_2_NRZ_CL74_COPPER.TestProfile (4960 ms)
[  SKIPPED ] HwTest_PROFILE_50G_2_NRZ_RS528_COPPER.TestProfile (4118 ms)
[  SKIPPED ] HwTest_PROFILE_100G_4_NRZ_RS528_COPPER.TestProfile (4143 ms)
[  SKIPPED ] HwTest_PROFILE_100G_4_NRZ_RS528_OPTICAL.TestProfile (4124 ms)
[       OK ] cold_boot.HwTest_PROFILE_100G_4_NRZ_CL91_COPPER.TestProfile (6487 ms)
[       OK ] warm_boot.HwTest_PROFILE_100G_4_NRZ_CL91_COPPER.TestProfile (4916 ms)
[       OK ] cold_boot.HwTest_PROFILE_100G_4_NRZ_CL91_OPTICAL.TestProfile (6459 ms)
[       OK ] warm_boot.HwTest_PROFILE_100G_4_NRZ_CL91_OPTICAL.TestProfile (4880 ms)
[   FAILED ] cold_boot.HwTest_PROFILE_25G_1_NRZ_NOFEC_OPTICAL.TestProfile (0 ms)
[   FAILED ] warm_boot.HwTest_PROFILE_25G_1_NRZ_NOFEC_OPTICAL.TestProfile (0 ms)
[   FAILED ] cold_boot.HwTest_PROFILE_50G_2_NRZ_NOFEC_OPTICAL.TestProfile (0 ms)
[   FAILED ] warm_boot.HwTest_PROFILE_50G_2_NRZ_NOFEC_OPTICAL.TestProfile (0 ms)
[  SKIPPED ] HwTest_PROFILE_100G_4_NRZ_NOFEC_COPPER.TestProfile (4150 ms)
[  SKIPPED ] HwTest_PROFILE_200G_4_PAM4_RS544X2N_COPPER.TestProfile (4130 ms)
[  SKIPPED ] HwTest_PROFILE_200G_4_PAM4_RS544X2N_OPTICAL.TestProfile (4163 ms)
[  SKIPPED ] HwTest_PROFILE_400G_8_PAM4_RS544X2N_OPTICAL.TestProfile (4150 ms)
[  SKIPPED ] HwTest_PROFILE_100G_4_NRZ_RS528.TestProfile (4166 ms)
[  SKIPPED ] HwTest_PROFILE_40G_4_NRZ_NOFEC.TestProfile (4163 ms)
[  SKIPPED ] HwTest_PROFILE_200G_4_PAM4_RS544X2N.TestProfile (4151 ms)
[       OK ] cold_boot.HwPortStressTest.adminStateToggle (8371 ms)
[       OK ] warm_boot.HwPortStressTest.adminStateToggle (6309 ms)
[       OK ] cold_boot.HwPortStressTest.linkStateToggle (15775 ms)
[       OK ] warm_boot.HwPortStressTest.linkStateToggle (14162 ms)
[       OK ] cold_boot.HwResourceStatsTest.l3Stats (6524 ms)
[       OK ] warm_boot.HwResourceStatsTest.l3Stats (5149 ms)
[       OK ] cold_boot.HwResourceStatsTest.aclStats (6589 ms)
[       OK ] warm_boot.HwResourceStatsTest.aclStats (5082 ms)
[       OK ] cold_boot.HwSwitchStateReplayTest.test (6389 ms)
[       OK ] warm_boot.HwSwitchStateReplayTest.test (4949 ms)
[   FAILED ] cold_boot.HwParityErrorTest.verifyParityError (0 ms)
[   FAILED ] warm_boot.HwParityErrorTest.verifyParityError (0 ms)
[       OK ] cold_boot.HwAclCounterTest.VerifyCounterBumpOnHitFrontPanel (6876 ms)
[       OK ] warm_boot.HwAclCounterTest.VerifyCounterBumpOnHitFrontPanel (4888 ms)
[       OK ] cold_boot.HwAclCounterTest.VerifyCounterBumpOnHitCpu (6873 ms)
[       OK ] warm_boot.HwAclCounterTest.VerifyCounterBumpOnHitCpu (4943 ms)
[       OK ] cold_boot.HwAclCounterTest.VerifyCounterNoHitNoBumpFrontPanel (6925 ms)
[       OK ] warm_boot.HwAclCounterTest.VerifyCounterNoHitNoBumpFrontPanel (4914 ms)
[       OK ] cold_boot.HwAclCounterTest.VerifyCounterNoHitNoBumpCpu (6865 ms)
[       OK ] warm_boot.HwAclCounterTest.VerifyCounterNoHitNoBumpCpu (4962 ms)
[       OK ] cold_boot.HwConfigVerifyQosTest.verifyDscpQueueMapping (6487 ms)
[       OK ] warm_boot.HwConfigVerifyQosTest.verifyDscpQueueMapping (4904 ms)
[       OK ] cold_boot.HwDscpQueueMappingTest.VerifyDscpQueueMappingFrontPanel (6918 ms)
[       OK ] warm_boot.HwDscpQueueMappingTest.VerifyDscpQueueMappingFrontPanel (5041 ms)
[       OK ] cold_boot.HwDscpQueueMappingTest.VerifyDscpQueueMappingCpu (7051 ms)
[       OK ] warm_boot.HwDscpQueueMappingTest.VerifyDscpQueueMappingCpu (5065 ms)
[       OK ] cold_boot.HwDscpQueueMappingTest.VerifyAclAndQosMapFrontPanel (7066 ms)
[   FAILED ] warm_boot.HwDscpQueueMappingTest.VerifyAclAndQosMapFrontPanel (0 ms)
[       OK ] cold_boot.HwDscpQueueMappingTest.VerifyAclAndQosMapCpu (7104 ms)
[   FAILED ] warm_boot.HwDscpQueueMappingTest.VerifyAclAndQosMapCpu (0 ms)
[       OK ] cold_boot.HwDscpQueueMappingTest.VerifyAclAndQosMapConflictFrontPanel (7224 ms)
[   FAILED ] warm_boot.HwDscpQueueMappingTest.VerifyAclAndQosMapConflictFrontPanel (0 ms)
[       OK ] cold_boot.HwDscpQueueMappingTest.VerifyAclAndQosMapConflictCpu (7080 ms)
[   FAILED ] warm_boot.HwDscpQueueMappingTest.VerifyAclAndQosMapConflictCpu (0 ms)
[       OK ] cold_boot.HwAqmTest.verifyEcn (7821 ms)
[   FAILED ] warm_boot.HwAqmTest.verifyEcn (0 ms)
[       OK ] cold_boot.HwAqmTest.verifyWred (7688 ms)
[   FAILED ] warm_boot.HwAqmTest.verifyWred (0 ms)
[       OK ] cold_boot.HwJumboFramesTest.JumboFramesGetThrough (6923 ms)
[       OK ] warm_boot.HwJumboFramesTest.JumboFramesGetThrough (5295 ms)
[       OK ] cold_boot.HwJumboFramesTest.SuperJumboFramesGetDropped (9332 ms)
[       OK ] warm_boot.HwJumboFramesTest.SuperJumboFramesGetDropped (7775 ms)
[       OK ] cold_boot.HwInDiscardsCounterTest.nullRouteHit (7224 ms)
[       OK ] warm_boot.HwInDiscardsCounterTest.nullRouteHit (5307 ms)
[       OK ] cold_boot.HwInPauseDiscardsCounterTest.rxPauseDisabled (6835 ms)
[       OK ] warm_boot.HwInPauseDiscardsCounterTest.rxPauseDisabled (5037 ms)
[       OK ] cold_boot.HwInPauseDiscardsCounterTest.rxPauseEnabled (6973 ms)
[       OK ] warm_boot.HwInPauseDiscardsCounterTest.rxPauseEnabled (5119 ms)
[       OK ] cold_boot.HwL4PortBlackHolingTest.v6UDP (15764 ms)
[       OK ] warm_boot.HwL4PortBlackHolingTest.v6UDP (14326 ms)
[       OK ] cold_boot.HwL4PortBlackHolingTest.v4UDP (15645 ms)
[       OK ] warm_boot.HwL4PortBlackHolingTest.v4UDP (14101 ms)
[       OK ] cold_boot.HwMPLSTest.Push (7121 ms)
[   FAILED ] warm_boot.HwMPLSTest.Push (0 ms)
[       OK ] cold_boot.HwMPLSTest.Swap (7279 ms)
[   FAILED ] warm_boot.HwMPLSTest.Swap (0 ms)
[       OK ] cold_boot.HwMPLSTest.MplsNoMatchPktsToLowPriQ (7334 ms)
[   FAILED ] warm_boot.HwMPLSTest.MplsNoMatchPktsToLowPriQ (0 ms)
[       OK ] cold_boot.HwMPLSTest.MplsMatchPktsNottrapped (12290 ms)
[   FAILED ] warm_boot.HwMPLSTest.MplsMatchPktsNottrapped (0 ms)
[       OK ] cold_boot.HwMacLearningStaticEntriesTest.VerifyStaticMacEntryAdd (8912 ms)
[       OK ] warm_boot.HwMacLearningStaticEntriesTest.VerifyStaticMacEntryAdd (7206 ms)
[       OK ] cold_boot.HwMacLearningStaticEntriesTest.VerifyStaticDynamicTransformations (13719 ms)
[       OK ] warm_boot.HwMacLearningStaticEntriesTest.VerifyStaticDynamicTransformations (7349 ms)
[       OK ] cold_boot.HwMacLearningTest.VerifyHwLearningForPort (7107 ms)
[       OK ] warm_boot.HwMacLearningTest.VerifyHwLearningForPort (5371 ms)
[       OK ] cold_boot.HwMacLearningTest.VerifyHwLearningForTrunk (7116 ms)
[       OK ] warm_boot.HwMacLearningTest.VerifyHwLearningForTrunk (5331 ms)
[       OK ] cold_boot.HwMacLearningTest.VerifyHwAgingForPort (12879 ms)
[       OK ] warm_boot.HwMacLearningTest.VerifyHwAgingForPort (11225 ms)
[       OK ] cold_boot.HwMacLearningTest.VerifyHwAgingForTrunk (12689 ms)
[       OK ] warm_boot.HwMacLearningTest.VerifyHwAgingForTrunk (11299 ms)
[       OK ] cold_boot.HwMacLearningTest.VerifyHwToSwLearningForPort (7085 ms)
[       OK ] warm_boot.HwMacLearningTest.VerifyHwToSwLearningForPort (5360 ms)
[       OK ] cold_boot.HwMacLearningTest.VerifySwToHwLearningForPort (6744 ms)
[       OK ] warm_boot.HwMacLearningTest.VerifySwToHwLearningForPort (7919 ms)
[       OK ] cold_boot.HwMacSwLearningModeTest.VerifySwLearningForPort (6751 ms)
[       OK ] warm_boot.HwMacSwLearningModeTest.VerifySwLearningForPort (4966 ms)
[       OK ] cold_boot.HwMacSwLearningModeTest.VerifySwLearningForTrunk (6653 ms)
[       OK ] warm_boot.HwMacSwLearningModeTest.VerifySwLearningForTrunk (4798 ms)
[       OK ] cold_boot.HwMacSwLearningModeTest.VerifySwAgingForPort (7877 ms)
[       OK ] warm_boot.HwMacSwLearningModeTest.VerifySwAgingForPort (5313 ms)
[       OK ] cold_boot.HwMacSwLearningModeTest.VerifySwAgingForTrunk (7876 ms)
[       OK ] warm_boot.HwMacSwLearningModeTest.VerifySwAgingForTrunk (5300 ms)
[       OK ] cold_boot.HwMacSwLearningModeTest.VerifyNbrMacInL2Table (5040 ms)
[       OK ] cold_boot.HwMacSwLearningModeTest.VerifyCallbacksOnMacEntryChange (22983 ms)
[       OK ] warm_boot.HwMacSwLearningModeTest.VerifyCallbacksOnMacEntryChange (21169 ms)
[       OK ] cold_boot.HwMacLearningMacMoveTest.VerifyMacMoveForPort (7902 ms)
[       OK ] warm_boot.HwMacLearningMacMoveTest.VerifyMacMoveForPort (6324 ms)
[       OK ] cold_boot.HwMacLearningBatchEntriesTest.VerifyMacLearningScale (7741 ms)
[       OK ] warm_boot.HwMacLearningBatchEntriesTest.VerifyMacLearningScale (5757 ms)
[   FAILED ] cold_boot.HwMacLearningBatchEntriesTest.VerifyMacAgingScale (0 ms)
[   FAILED ] warm_boot.HwMacLearningBatchEntriesTest.VerifyMacAgingScale (0 ms)
[   FAILED ] cold_boot.HwMacLearningBatchEntriesTest.VerifyMacLearningAgingReleaseResource (0 ms)
[       OK ] warm_boot.HwMacLearningBatchEntriesTest.VerifyMacLearningAgingReleaseResource (5486 ms)
[       OK ] cold_boot.HwMacLearningBatchEntriesTest.VerifyMacLearningUpdateExistingL2Entry (10638 ms)
[       OK ] warm_boot.HwMacLearningBatchEntriesTest.VerifyMacLearningUpdateExistingL2Entry (5485 ms)
[       OK ] cold_boot.HwLoadBalancerTestV4.EcmpLoadBalanceFullHashCpuTraffic (7486 ms)
[       OK ] warm_boot.HwLoadBalancerTestV4.EcmpLoadBalanceFullHashCpuTraffic (5524 ms)
[       OK ] cold_boot.HwLoadBalancerTestV4.EcmpLoadBalanceHalfHashCpuTraffic (7497 ms)
[       OK ] warm_boot.HwLoadBalancerTestV4.EcmpLoadBalanceHalfHashCpuTraffic (5481 ms)
[       OK ] cold_boot.HwLoadBalancerTestV4.UcmpLoadBalanceFullHashCpuTraffic (7313 ms)
[       OK ] warm_boot.HwLoadBalancerTestV4.UcmpLoadBalanceFullHashCpuTraffic (5286 ms)
[       OK ] cold_boot.HwLoadBalancerTestV4.UcmpLoadBalanceHalfHashCpuTraffic (7501 ms)
[       OK ] warm_boot.HwLoadBalancerTestV4.UcmpLoadBalanceHalfHashCpuTraffic (5540 ms)
[       OK ] cold_boot.HwLoadBalancerTestV4.WideUcmpLoadBalanceFullHashCpuTraffic (5245 ms)
[       OK ] cold_boot.HwLoadBalancerTestV4.WideUcmpLoadBalanceHalfHashCpuTraffic (5265 ms)
[       OK ] cold_boot.HwLoadBalancerTestV4.EcmpLoadBalanceFullHashFrontPanelTraffic (7328 ms)
[       OK ] warm_boot.HwLoadBalancerTestV4.EcmpLoadBalanceFullHashFrontPanelTraffic (5333 ms)
[       OK ] cold_boot.HwLoadBalancerTestV4.EcmpLoadBalanceHalfHashFrontPanelTraffic (7312 ms)
[       OK ] warm_boot.HwLoadBalancerTestV4.EcmpLoadBalanceHalfHashFrontPanelTraffic (5286 ms)
[       OK ] cold_boot.HwLoadBalancerTestV4.UcmpLoadBalanceFullHashFrontPanelTraffic (7117 ms)
[       OK ] warm_boot.HwLoadBalancerTestV4.UcmpLoadBalanceFullHashFrontPanelTraffic (5298 ms)
[       OK ] cold_boot.HwLoadBalancerTestV4.UcmpLoadBalanceHalfHashFrontPanelTraffic (7119 ms)
[       OK ] warm_boot.HwLoadBalancerTestV4.UcmpLoadBalanceHalfHashFrontPanelTraffic (5349 ms)
[       OK ] cold_boot.HwLoadBalancerTestV4.WideUcmpLoadBalanceFullHashFrontPanelTraffic (5210 ms)
[       OK ] cold_boot.HwLoadBalancerTestV4.WideUcmpLoadBalanceHalfHashFrontPanelTraffic (5256 ms)
[       OK ] cold_boot.HwLoadBalancerTestV4.ECMPShrinkExpandLoadBalanceFullHashCpuTraffic (16242 ms)
[       OK ] cold_boot.HwLoadBalancerTestV4.ECMPShrinkExpandLoadBalanceHalfHashCpuTraffic (16138 ms)
[       OK ] cold_boot.HwLoadBalancerTestV6.EcmpLoadBalanceFullHashCpuTraffic (7531 ms)
[       OK ] warm_boot.HwLoadBalancerTestV6.EcmpLoadBalanceFullHashCpuTraffic (5299 ms)
[       OK ] cold_boot.HwLoadBalancerTestV6.EcmpLoadBalanceHalfHashCpuTraffic (7335 ms)
[       OK ] warm_boot.HwLoadBalancerTestV6.EcmpLoadBalanceHalfHashCpuTraffic (5458 ms)
[       OK ] cold_boot.HwLoadBalancerTestV6.UcmpLoadBalanceFullHashCpuTraffic (7498 ms)
[       OK ] warm_boot.HwLoadBalancerTestV6.UcmpLoadBalanceFullHashCpuTraffic (5473 ms)
[       OK ] cold_boot.HwLoadBalancerTestV6.UcmpLoadBalanceHalfHashCpuTraffic (7448 ms)
[       OK ] warm_boot.HwLoadBalancerTestV6.UcmpLoadBalanceHalfHashCpuTraffic (5607 ms)
[       OK ] cold_boot.HwLoadBalancerTestV6.WideUcmpLoadBalanceFullHashCpuTraffic (5252 ms)
[       OK ] cold_boot.HwLoadBalancerTestV6.WideUcmpLoadBalanceHalfHashCpuTraffic (5241 ms)
[       OK ] cold_boot.HwLoadBalancerTestV6.EcmpLoadBalanceFullHashFrontPanelTraffic (7309 ms)
[       OK ] warm_boot.HwLoadBalancerTestV6.EcmpLoadBalanceFullHashFrontPanelTraffic (5395 ms)
[       OK ] cold_boot.HwLoadBalancerTestV6.EcmpLoadBalanceHalfHashFrontPanelTraffic (7344 ms)
[       OK ] warm_boot.HwLoadBalancerTestV6.EcmpLoadBalanceHalfHashFrontPanelTraffic (5292 ms)
[       OK ] cold_boot.HwLoadBalancerTestV6.UcmpLoadBalanceFullHashFrontPanelTraffic (7182 ms)
[       OK ] warm_boot.HwLoadBalancerTestV6.UcmpLoadBalanceFullHashFrontPanelTraffic (5339 ms)
[       OK ] cold_boot.HwLoadBalancerTestV6.UcmpLoadBalanceHalfHashFrontPanelTraffic (7300 ms)
[       OK ] warm_boot.HwLoadBalancerTestV6.UcmpLoadBalanceHalfHashFrontPanelTraffic (5294 ms)
[       OK ] cold_boot.HwLoadBalancerTestV6.WideUcmpLoadBalanceFullHashFrontPanelTraffic (5245 ms)
[       OK ] cold_boot.HwLoadBalancerTestV6.WideUcmpLoadBalanceHalfHashFrontPanelTraffic (5237 ms)
[       OK ] cold_boot.HwLoadBalancerTestV6.ECMPShrinkExpandLoadBalanceFullHashCpuTraffic (16380 ms)
[       OK ] cold_boot.HwLoadBalancerTestV6.ECMPShrinkExpandLoadBalanceHalfHashCpuTraffic (16252 ms)
[       OK ] cold_boot.HwLoadBalancerTestV4ToMpls.EcmpLoadBalanceFullHashCpuTraffic (7335 ms)
[       OK ] warm_boot.HwLoadBalancerTestV4ToMpls.EcmpLoadBalanceFullHashCpuTraffic (5615 ms)
[       OK ] cold_boot.HwLoadBalancerTestV4ToMpls.EcmpLoadBalanceHalfHashCpuTraffic (7493 ms)
[       OK ] warm_boot.HwLoadBalancerTestV4ToMpls.EcmpLoadBalanceHalfHashCpuTraffic (5524 ms)
[       OK ] cold_boot.HwLoadBalancerTestV4ToMpls.UcmpLoadBalanceFullHashCpuTraffic (7456 ms)
[       OK ] warm_boot.HwLoadBalancerTestV4ToMpls.UcmpLoadBalanceFullHashCpuTraffic (5504 ms)
[       OK ] cold_boot.HwLoadBalancerTestV4ToMpls.UcmpLoadBalanceHalfHashCpuTraffic (7506 ms)
[       OK ] warm_boot.HwLoadBalancerTestV4ToMpls.UcmpLoadBalanceHalfHashCpuTraffic (5568 ms)
[       OK ] cold_boot.HwLoadBalancerTestV4ToMpls.WideUcmpLoadBalanceFullHashCpuTraffic (5266 ms)
[       OK ] cold_boot.HwLoadBalancerTestV4ToMpls.WideUcmpLoadBalanceHalfHashCpuTraffic (5281 ms)
[       OK ] cold_boot.HwLoadBalancerTestV4ToMpls.EcmpLoadBalanceFullHashFrontPanelTraffic (7336 ms)
[       OK ] warm_boot.HwLoadBalancerTestV4ToMpls.EcmpLoadBalanceFullHashFrontPanelTraffic (5113 ms)
[       OK ] cold_boot.HwLoadBalancerTestV4ToMpls.EcmpLoadBalanceHalfHashFrontPanelTraffic (7480 ms)
[       OK ] warm_boot.HwLoadBalancerTestV4ToMpls.EcmpLoadBalanceHalfHashFrontPanelTraffic (5372 ms)
[       OK ] cold_boot.HwLoadBalancerTestV4ToMpls.UcmpLoadBalanceFullHashFrontPanelTraffic (7330 ms)
[       OK ] warm_boot.HwLoadBalancerTestV4ToMpls.UcmpLoadBalanceFullHashFrontPanelTraffic (5370 ms)
[       OK ] cold_boot.HwLoadBalancerTestV4ToMpls.UcmpLoadBalanceHalfHashFrontPanelTraffic (7320 ms)
[       OK ] warm_boot.HwLoadBalancerTestV4ToMpls.UcmpLoadBalanceHalfHashFrontPanelTraffic (5368 ms)
[       OK ] cold_boot.HwLoadBalancerTestV4ToMpls.WideUcmpLoadBalanceFullHashFrontPanelTraffic (5244 ms)
[       OK ] cold_boot.HwLoadBalancerTestV4ToMpls.WideUcmpLoadBalanceHalfHashFrontPanelTraffic (5268 ms)
[       OK ] cold_boot.HwLoadBalancerTestV4ToMpls.ECMPShrinkExpandLoadBalanceFullHashCpuTraffic (16246 ms)
[       OK ] cold_boot.HwLoadBalancerTestV4ToMpls.ECMPShrinkExpandLoadBalanceHalfHashCpuTraffic (16126 ms)
[       OK ] cold_boot.HwLoadBalancerTestV6ToMpls.EcmpLoadBalanceFullHashCpuTraffic (7508 ms)
[       OK ] warm_boot.HwLoadBalancerTestV6ToMpls.EcmpLoadBalanceFullHashCpuTraffic (5490 ms)
[       OK ] cold_boot.HwLoadBalancerTestV6ToMpls.EcmpLoadBalanceHalfHashCpuTraffic (7520 ms)
[       OK ] warm_boot.HwLoadBalancerTestV6ToMpls.EcmpLoadBalanceHalfHashCpuTraffic (5551 ms)
[       OK ] cold_boot.HwLoadBalancerTestV6ToMpls.UcmpLoadBalanceFullHashCpuTraffic (7537 ms)
[       OK ] warm_boot.HwLoadBalancerTestV6ToMpls.UcmpLoadBalanceFullHashCpuTraffic (5560 ms)
[       OK ] cold_boot.HwLoadBalancerTestV6ToMpls.UcmpLoadBalanceHalfHashCpuTraffic (7287 ms)
[       OK ] warm_boot.HwLoadBalancerTestV6ToMpls.UcmpLoadBalanceHalfHashCpuTraffic (5547 ms)
[       OK ] cold_boot.HwLoadBalancerTestV6ToMpls.WideUcmpLoadBalanceFullHashCpuTraffic (5103 ms)
[       OK ] cold_boot.HwLoadBalancerTestV6ToMpls.WideUcmpLoadBalanceHalfHashCpuTraffic (5244 ms)
[       OK ] cold_boot.HwLoadBalancerTestV6ToMpls.EcmpLoadBalanceFullHashFrontPanelTraffic (7336 ms)
[       OK ] warm_boot.HwLoadBalancerTestV6ToMpls.EcmpLoadBalanceFullHashFrontPanelTraffic (5315 ms)
[       OK ] cold_boot.HwLoadBalancerTestV6ToMpls.EcmpLoadBalanceHalfHashFrontPanelTraffic (7317 ms)
[       OK ] warm_boot.HwLoadBalancerTestV6ToMpls.EcmpLoadBalanceHalfHashFrontPanelTraffic (5345 ms)
[       OK ] cold_boot.HwLoadBalancerTestV6ToMpls.UcmpLoadBalanceFullHashFrontPanelTraffic (7319 ms)
[       OK ] warm_boot.HwLoadBalancerTestV6ToMpls.UcmpLoadBalanceFullHashFrontPanelTraffic (5388 ms)
[       OK ] cold_boot.HwLoadBalancerTestV6ToMpls.UcmpLoadBalanceHalfHashFrontPanelTraffic (7332 ms)
[       OK ] warm_boot.HwLoadBalancerTestV6ToMpls.UcmpLoadBalanceHalfHashFrontPanelTraffic (5405 ms)
[       OK ] cold_boot.HwLoadBalancerTestV6ToMpls.WideUcmpLoadBalanceFullHashFrontPanelTraffic (5105 ms)
[       OK ] cold_boot.HwLoadBalancerTestV6ToMpls.WideUcmpLoadBalanceHalfHashFrontPanelTraffic (5261 ms)
[       OK ] cold_boot.HwLoadBalancerTestV6ToMpls.ECMPShrinkExpandLoadBalanceFullHashCpuTraffic (16169 ms)
[       OK ] cold_boot.HwLoadBalancerTestV6ToMpls.ECMPShrinkExpandLoadBalanceHalfHashCpuTraffic (16391 ms)
[       OK ] cold_boot.HwLoadBalancerTestsV4InMplsPhp.EcmpLoadBalanceFullHashFrontPanelTraffic (7367 ms)
[       OK ] warm_boot.HwLoadBalancerTestsV4InMplsPhp.EcmpLoadBalanceFullHashFrontPanelTraffic (5380 ms)
[       OK ] cold_boot.HwLoadBalancerTestsV4InMplsPhp.EcmpLoadBalanceHalfHashFrontPanelTraffic (7347 ms)
[       OK ] warm_boot.HwLoadBalancerTestsV4InMplsPhp.EcmpLoadBalanceHalfHashFrontPanelTraffic (5298 ms)
[       OK ] cold_boot.HwLoadBalancerTestsV4InMplsPhp.UcmpLoadBalanceFullHashFrontPanelTraffic (7186 ms)
[       OK ] warm_boot.HwLoadBalancerTestsV4InMplsPhp.UcmpLoadBalanceFullHashFrontPanelTraffic (5385 ms)
[       OK ] cold_boot.HwLoadBalancerTestsV4InMplsPhp.UcmpLoadBalanceHalfHashFrontPanelTraffic (7245 ms)
[       OK ] warm_boot.HwLoadBalancerTestsV4InMplsPhp.UcmpLoadBalanceHalfHashFrontPanelTraffic (5358 ms)
[       OK ] cold_boot.HwLoadBalancerTestsV4InMplsPhp.WideUcmpLoadBalanceFullHashFrontPanelTraffic (5254 ms)
[       OK ] cold_boot.HwLoadBalancerTestsV4InMplsPhp.WideUcmpLoadBalanceHalfHashFrontPanelTraffic (5224 ms)
[       OK ] cold_boot.HwLoadBalancerTestsV6InMplsPhp.EcmpLoadBalanceFullHashFrontPanelTraffic (7360 ms)
[       OK ] warm_boot.HwLoadBalancerTestsV6InMplsPhp.EcmpLoadBalanceFullHashFrontPanelTraffic (5377 ms)
[       OK ] cold_boot.HwLoadBalancerTestsV6InMplsPhp.EcmpLoadBalanceHalfHashFrontPanelTraffic (7386 ms)
[       OK ] warm_boot.HwLoadBalancerTestsV6InMplsPhp.EcmpLoadBalanceHalfHashFrontPanelTraffic (5458 ms)
[       OK ] cold_boot.HwLoadBalancerTestsV6InMplsPhp.UcmpLoadBalanceFullHashFrontPanelTraffic (7363 ms)
[       OK ] warm_boot.HwLoadBalancerTestsV6InMplsPhp.UcmpLoadBalanceFullHashFrontPanelTraffic (5222 ms)
[       OK ] cold_boot.HwLoadBalancerTestsV6InMplsPhp.UcmpLoadBalanceHalfHashFrontPanelTraffic (7191 ms)
[       OK ] warm_boot.HwLoadBalancerTestsV6InMplsPhp.UcmpLoadBalanceHalfHashFrontPanelTraffic (5428 ms)
[       OK ] cold_boot.HwLoadBalancerTestsV6InMplsPhp.WideUcmpLoadBalanceFullHashFrontPanelTraffic (5257 ms)
[       OK ] cold_boot.HwLoadBalancerTestsV6InMplsPhp.WideUcmpLoadBalanceHalfHashFrontPanelTraffic (5244 ms)
[       OK ] cold_boot.HwLoadBalancerTestsV4InMplsSwap.EcmpLoadBalanceFullHashFrontPanelTraffic (7340 ms)
[       OK ] warm_boot.HwLoadBalancerTestsV4InMplsSwap.EcmpLoadBalanceFullHashFrontPanelTraffic (5338 ms)
[       OK ] cold_boot.HwLoadBalancerTestsV4InMplsSwap.EcmpLoadBalanceHalfHashFrontPanelTraffic (7430 ms)
[       OK ] warm_boot.HwLoadBalancerTestsV4InMplsSwap.EcmpLoadBalanceHalfHashFrontPanelTraffic (5453 ms)
[       OK ] cold_boot.HwLoadBalancerTestsV4InMplsSwap.UcmpLoadBalanceFullHashFrontPanelTraffic (7342 ms)
[       OK ] warm_boot.HwLoadBalancerTestsV4InMplsSwap.UcmpLoadBalanceFullHashFrontPanelTraffic (5439 ms)
[       OK ] cold_boot.HwLoadBalancerTestsV4InMplsSwap.UcmpLoadBalanceHalfHashFrontPanelTraffic (7388 ms)
[       OK ] warm_boot.HwLoadBalancerTestsV4InMplsSwap.UcmpLoadBalanceHalfHashFrontPanelTraffic (5351 ms)
[       OK ] cold_boot.HwLoadBalancerTestsV4InMplsSwap.WideUcmpLoadBalanceFullHashFrontPanelTraffic (5084 ms)
[       OK ] cold_boot.HwLoadBalancerTestsV4InMplsSwap.WideUcmpLoadBalanceHalfHashFrontPanelTraffic (5301 ms)
[       OK ] cold_boot.HwLoadBalancerTestsV6InMplsSwap.EcmpLoadBalanceFullHashFrontPanelTraffic (7389 ms)
[       OK ] warm_boot.HwLoadBalancerTestsV6InMplsSwap.EcmpLoadBalanceFullHashFrontPanelTraffic (5467 ms)
[       OK ] cold_boot.HwLoadBalancerTestsV6InMplsSwap.EcmpLoadBalanceHalfHashFrontPanelTraffic (7288 ms)
[       OK ] warm_boot.HwLoadBalancerTestsV6InMplsSwap.EcmpLoadBalanceHalfHashFrontPanelTraffic (5359 ms)
[       OK ] cold_boot.HwLoadBalancerTestsV6InMplsSwap.UcmpLoadBalanceFullHashFrontPanelTraffic (7435 ms)
[       OK ] warm_boot.HwLoadBalancerTestsV6InMplsSwap.UcmpLoadBalanceFullHashFrontPanelTraffic (5441 ms)
[       OK ] cold_boot.HwLoadBalancerTestsV6InMplsSwap.UcmpLoadBalanceHalfHashFrontPanelTraffic (7343 ms)
[       OK ] warm_boot.HwLoadBalancerTestsV6InMplsSwap.UcmpLoadBalanceHalfHashFrontPanelTraffic (5325 ms)
[       OK ] cold_boot.HwLoadBalancerTestsV6InMplsSwap.WideUcmpLoadBalanceFullHashFrontPanelTraffic (5009 ms)
[       OK ] cold_boot.HwLoadBalancerTestsV6InMplsSwap.WideUcmpLoadBalanceHalfHashFrontPanelTraffic (5283 ms)
[       OK ] cold_boot.HwLoopBackTest.VerifyLoopBackFrontPanel (6879 ms)
[       OK ] warm_boot.HwLoopBackTest.VerifyLoopBackFrontPanel (5385 ms)
[       OK ] cold_boot.HwLoopBackTest.VerifyLoopBackCpu (6892 ms)
[       OK ] warm_boot.HwLoopBackTest.VerifyLoopBackCpu (5363 ms)
[       OK ] cold_boot.HwMmuTuningTest.verifyReservedBytesTuning (20845 ms)
[   FAILED ] warm_boot.HwMmuTuningTest.verifyReservedBytesTuning (0 ms)
[       OK ] cold_boot.HwMmuTuningTest.verifyScalingFactorTuning (20729 ms)
[   FAILED ] warm_boot.HwMmuTuningTest.verifyScalingFactorTuning (0 ms)
[       OK ] cold_boot.HwOlympicQosTests.VerifyDscpQueueMappingFrontPanel (7409 ms)
[   FAILED ] warm_boot.HwOlympicQosTests.VerifyDscpQueueMappingFrontPanel (0 ms)
[       OK ] cold_boot.HwOlympicQosTests.VerifyDscpQueueMappingCpu (7380 ms)
[   FAILED ] warm_boot.HwOlympicQosTests.VerifyDscpQueueMappingCpu (0 ms)
[       OK ] cold_boot.HwOlympicQosSchedulerTest.VerifyWRR (11444 ms)
[   FAILED ] warm_boot.HwOlympicQosSchedulerTest.VerifyWRR (0 ms)
[       OK ] cold_boot.HwOlympicQosSchedulerTest.VerifySP (10290 ms)
[   FAILED ] warm_boot.HwOlympicQosSchedulerTest.VerifySP (0 ms)
[       OK ] cold_boot.HwOlympicQosSchedulerTest.VerifyWRRAndICP (12036 ms)
[   FAILED ] warm_boot.HwOlympicQosSchedulerTest.VerifyWRRAndICP (0 ms)
[       OK ] cold_boot.HwOlympicQosSchedulerTest.VerifyWRRAndNC (11794 ms)
[   FAILED ] warm_boot.HwOlympicQosSchedulerTest.VerifyWRRAndNC (0 ms)
[       OK ] cold_boot.HwOlympicQosSchedulerTest.VerifyWRRToAllSPDscpToQueue (7125 ms)
[   FAILED ] warm_boot.HwOlympicQosSchedulerTest.VerifyWRRToAllSPDscpToQueue (0 ms)
[       OK ] cold_boot.HwOlympicQosSchedulerTest.VerifyWRRToAllSPTraffic (6587 ms)
[   FAILED ] warm_boot.HwOlympicQosSchedulerTest.VerifyWRRToAllSPTraffic (0 ms)
[       OK ] cold_boot.HwPfcTest.verifyPfcDefault (5516 ms)
[       OK ] cold_boot.HwPfcTest.verifyPfcWithMapChanges_0 (5546 ms)
[       OK ] cold_boot.HwPfcTest.verifyPfcWithMapChanges_1 (5571 ms)
[       OK ] cold_boot.HwProdInvariantsTest.verifyInvariants (9113 ms)
[   FAILED ] warm_boot.HwProdInvariantsTest.verifyInvariants (0 ms)
[       OK ] cold_boot.HwPacketSendTest.LldpToFrontPanelOutOfPort (7550 ms)
[       OK ] warm_boot.HwPacketSendTest.LldpToFrontPanelOutOfPort (5943 ms)
[       OK ] cold_boot.HwPacketSendTest.LldpToFrontPanelWithBufClone (10955 ms)
[       OK ] warm_boot.HwPacketSendTest.LldpToFrontPanelWithBufClone (9571 ms)
[       OK ] cold_boot.HwPacketSendTest.ArpRequestToFrontPanelPortSwitched (9948 ms)
[       OK ] warm_boot.HwPacketSendTest.ArpRequestToFrontPanelPortSwitched (8333 ms)
[       OK ] cold_boot.HwPacketSendReceiveTest.LldpPacketReceiveSrcPort (7078 ms)
[       OK ] warm_boot.HwPacketSendReceiveTest.LldpPacketReceiveSrcPort (5550 ms)
[       OK ] cold_boot.HwPacketFloodTest.ArpRequestFloodTest (7689 ms)
[       OK ] warm_boot.HwPacketFloodTest.ArpRequestFloodTest (6259 ms)
[       OK ] cold_boot.HwPacketFloodTest.NdpFloodTest (7522 ms)
[       OK ] warm_boot.HwPacketFloodTest.NdpFloodTest (6002 ms)
[       OK ] cold_boot.HwPortBandwidthTest.VerifyPps (18336 ms)
[   FAILED ] warm_boot.HwPortBandwidthTest.VerifyPps (0 ms)
[       OK ] cold_boot.HwPortBandwidthTest.VerifyKbps (18343 ms)
[   FAILED ] warm_boot.HwPortBandwidthTest.VerifyKbps (0 ms)
[       OK ] cold_boot.HwQueuePerHostL2Test.VerifyHostToQueueMappingClassIDCpu (7787 ms)
[       OK ] warm_boot.HwQueuePerHostL2Test.VerifyHostToQueueMappingClassIDCpu (6174 ms)
[       OK ] cold_boot.HwQueuePerHostL2Test.VerifyHostToQueueMappingClassIDFrontPanel (7642 ms)
[       OK ] warm_boot.HwQueuePerHostL2Test.VerifyHostToQueueMappingClassIDFrontPanel (5972 ms)
[       OK ] cold_boot.HwOverflowTest.overflowRoutes (13840 ms)
[       OK ] cold_boot.HwSendPacketToQueueTest.SendPacketOutOfPortToUCQueue (6828 ms)
[       OK ] warm_boot.HwSendPacketToQueueTest.SendPacketOutOfPortToUCQueue (5390 ms)
[       OK ] cold_boot.HwSendPacketToQueueTest.SendPacketOutOfPortToDefaultUCQueue (6894 ms)
[       OK ] warm_boot.HwSendPacketToQueueTest.SendPacketOutOfPortToDefaultUCQueue (5324 ms)
[       OK ] cold_boot.HwSendPacketToQueueTest.SendPacketSwitchedToDefaultUCQueue (6920 ms)
[       OK ] warm_boot.HwSendPacketToQueueTest.SendPacketSwitchedToDefaultUCQueue (5320 ms)
[       OK ] cold_boot.HwSflowTest.SflowSamplingEnabled (8110 ms)
[       OK ] warm_boot.HwSflowTest.SflowSamplingEnabled (6515 ms)
[       OK ] cold_boot.HwSflowTest.SflowSamplingDisabled (7021 ms)
[       OK ] warm_boot.HwSflowTest.SflowSamplingDisabled (5428 ms)
[       OK ] cold_boot.HwSflowMirrorTest.VerifySampledPacket (7584 ms)
[       OK ] warm_boot.HwSflowMirrorTest.VerifySampledPacket (5591 ms)
[       OK ] cold_boot.HwSflowMirrorTest.VerifySampledPacketWithTruncateV4 (5651 ms)
[       OK ] cold_boot.HwSflowMirrorTest.VerifySampledPacketWithTruncateV6 (5820 ms)
[       OK ] cold_boot.HwSflowMirrorTest.VerifySampledPacketCount (17754 ms)
[       OK ] warm_boot.HwSflowMirrorTest.VerifySampledPacketCount (71981 ms)
[       OK ] cold_boot.HwSflowMirrorTest.VerifySampledPacketCountWithLargePackets (5612 ms)
[       OK ] cold_boot.HwSwitchStatsTxCounterTest.SendPacket (11585 ms)
[       OK ] warm_boot.HwSwitchStatsTxCounterTest.SendPacket (10180 ms)
[       OK ] cold_boot.Hw2QueueToOlympicQoSTest.verifyDscpToQueueMappingCpu (7679 ms)
[   FAILED ] warm_boot.Hw2QueueToOlympicQoSTest.verifyDscpToQueueMappingCpu (0 ms)
[       OK ] cold_boot.Hw2QueueToOlympicQoSTest.verifyDscpToQueueMappingFrontPanel (7844 ms)
[   FAILED ] warm_boot.Hw2QueueToOlympicQoSTest.verifyDscpToQueueMappingFrontPanel (0 ms)
[       OK ] cold_boot.HwTrunkLoadBalancerTest.ECMPFullTrunkHalfHash4X3WideTrunksV6CpuTraffic (7649 ms)
[       OK ] warm_boot.HwTrunkLoadBalancerTest.ECMPFullTrunkHalfHash4X3WideTrunksV6CpuTraffic (5506 ms)
[       OK ] cold_boot.HwTrunkLoadBalancerTest.ECMPFullTrunkHalfHash4X3WideTrunksV4CpuTraffic (7697 ms)
[       OK ] warm_boot.HwTrunkLoadBalancerTest.ECMPFullTrunkHalfHash4X3WideTrunksV4CpuTraffic (5594 ms)
[       OK ] cold_boot.HwTrunkLoadBalancerTest.ECMPFullTrunkHalf4X3WideTrunksV6FrontPanelTraffic (7511 ms)
[       OK ] warm_boot.HwTrunkLoadBalancerTest.ECMPFullTrunkHalf4X3WideTrunksV6FrontPanelTraffic (5288 ms)
[       OK ] cold_boot.HwTrunkLoadBalancerTest.ECMPFullTrunkHalf4X3WideTrunksV4FrontPanelTraffic (7468 ms)
[       OK ] warm_boot.HwTrunkLoadBalancerTest.ECMPFullTrunkHalf4X3WideTrunksV4FrontPanelTraffic (5175 ms)
[       OK ] cold_boot.HwTrunkLoadBalancerTest.ECMPFullTrunkHalfHash4X2WideTrunksV6CpuTraffic (7678 ms)
[       OK ] warm_boot.HwTrunkLoadBalancerTest.ECMPFullTrunkHalfHash4X2WideTrunksV6CpuTraffic (5533 ms)
[       OK ] cold_boot.HwTrunkLoadBalancerTest.ECMPFullTrunkHalfHash4X2WideTrunksV4CpuTraffic (7672 ms)
[       OK ] warm_boot.HwTrunkLoadBalancerTest.ECMPFullTrunkHalfHash4X2WideTrunksV4CpuTraffic (5491 ms)
[       OK ] cold_boot.HwTrunkLoadBalancerTest.ECMPFullTrunkHalf4X2WideTrunksV6FrontPanelTraffic (7482 ms)
[       OK ] warm_boot.HwTrunkLoadBalancerTest.ECMPFullTrunkHalf4X2WideTrunksV6FrontPanelTraffic (5412 ms)
[       OK ] cold_boot.HwTrunkLoadBalancerTest.ECMPFullTrunkHalf4X2WideTrunksV4FrontPanelTraffic (7453 ms)
[       OK ] warm_boot.HwTrunkLoadBalancerTest.ECMPFullTrunkHalf4X2WideTrunksV4FrontPanelTraffic (5387 ms)
[       OK ] cold_boot.HwTrunkLoadBalancerTest.ECMPHalfTrunkFullHash4X3WideTrunksV6CpuTraffic (7497 ms)
[       OK ] warm_boot.HwTrunkLoadBalancerTest.ECMPHalfTrunkFullHash4X3WideTrunksV6CpuTraffic (5592 ms)
[       OK ] cold_boot.HwTrunkLoadBalancerTest.ECMPHalfTrunkFullHash4X3WideTrunksV4CpuTraffic (7512 ms)
[       OK ] warm_boot.HwTrunkLoadBalancerTest.ECMPHalfTrunkFullHash4X3WideTrunksV4CpuTraffic (5535 ms)
[       OK ] cold_boot.HwTrunkLoadBalancerTest.ECMPHalfTrunkFull4X3WideTrunksV6FrontPanelTraffic (7509 ms)
[       OK ] warm_boot.HwTrunkLoadBalancerTest.ECMPHalfTrunkFull4X3WideTrunksV6FrontPanelTraffic (5341 ms)
[       OK ] cold_boot.HwTrunkLoadBalancerTest.ECMPHalfTrunkFull4X3WideTrunksV4FrontPanelTraffic (7498 ms)
[       OK ] warm_boot.HwTrunkLoadBalancerTest.ECMPHalfTrunkFull4X3WideTrunksV4FrontPanelTraffic (5354 ms)
[       OK ] cold_boot.HwTrunkLoadBalancerTest.ECMPHalfTrunkFullHash4X2WideTrunksV6CpuTraffic (7673 ms)
[       OK ] warm_boot.HwTrunkLoadBalancerTest.ECMPHalfTrunkFullHash4X2WideTrunksV6CpuTraffic (5552 ms)
[       OK ] cold_boot.HwTrunkLoadBalancerTest.ECMPHalfTrunkFullHash4X2WideTrunksV4CpuTraffic (7510 ms)
[       OK ] warm_boot.HwTrunkLoadBalancerTest.ECMPHalfTrunkFullHash4X2WideTrunksV4CpuTraffic (5556 ms)
[       OK ] cold_boot.HwTrunkLoadBalancerTest.ECMPHalfTrunkFull4X2WideTrunksV6FrontPanelTraffic (7531 ms)
[       OK ] warm_boot.HwTrunkLoadBalancerTest.ECMPHalfTrunkFull4X2WideTrunksV6FrontPanelTraffic (5360 ms)
[       OK ] cold_boot.HwTrunkLoadBalancerTest.ECMPHalfTrunkFull4X2WideTrunksV4FrontPanelTraffic (7501 ms)
[       OK ] warm_boot.HwTrunkLoadBalancerTest.ECMPHalfTrunkFull4X2WideTrunksV4FrontPanelTraffic (5347 ms)
[       OK ] cold_boot.HwWatermarkTest.VerifyDefaultQueue (6968 ms)
[   FAILED ] warm_boot.HwWatermarkTest.VerifyDefaultQueue (0 ms)
[       OK ] cold_boot.HwWatermarkTest.VerifyNonDefaultQueue (6970 ms)
[   FAILED ] warm_boot.HwWatermarkTest.VerifyNonDefaultQueue (0 ms)
[       OK ] cold_boot.HwWatermarkTest.VerifyDeviceWatermark (6962 ms)
[   FAILED ] warm_boot.HwWatermarkTest.VerifyDeviceWatermark (0 ms)
Summary:
   OK : 673
   FAILED : 47
   SKIPPED : 11
   TIMEOUT : 0


Full log: P365845149

