[       OK ] cold_boot.BcmDeathTest.DieOnHostRouteWithEcmpNextHops (4300 ms)
[       OK ] cold_boot.BcmTest.chipColdBootDefaults (3599 ms)
[       OK ] cold_boot.BcmTest.fpGroupExists (3603 ms)
[       OK ] cold_boot.BcmTest.fpOnlyDesiredGrpsConfigured (3607 ms)
[       OK ] cold_boot.BcmTest.fpDesiredGrpsExist (3569 ms)
[       OK ] cold_boot.BcmTest.fpNoMissingOrQsetChangedGrpsPostInit (3580 ms)
[       OK ] cold_boot.BcmTest.onlyExpectedQueueStatsSeen (5808 ms)
[       OK ] warm_boot.BcmTest.onlyExpectedQueueStatsSeen (4654 ms)
[       OK ] cold_boot.BcmTest.addPortFails (3606 ms)
[       OK ] cold_boot.BcmTest.removePortFails (3613 ms)
[       OK ] cold_boot.BcmTest.validQosPolicyConfigWithRules (4384 ms)
[       OK ] cold_boot.BcmTest.validQosPolicyConfigWithRulesAndDifferentPolicyForPort (4406 ms)
[       OK ] cold_boot.BcmTest.expAndDscpQosMapDefaultQosPolicy (4373 ms)
[       OK ] cold_boot.BcmTest.dscpQosMapForPort (4419 ms)
[       OK ] cold_boot.BcmTest.expQosMapForPort (4377 ms)
[       OK ] cold_boot.BcmTest.QsetCmp (3596 ms)
[       OK ] cold_boot.BcmTest.BcmAddsExtraQuals (3595 ms)
[       OK ] cold_boot.BcmAclCoppTest.CoppAcl (5246 ms)
[       OK ] warm_boot.BcmAclCoppTest.CoppAcl (4346 ms)
[       OK ] cold_boot.BcmAclCoppTest.CoppAclAddDelInterface (5279 ms)
[       OK ] warm_boot.BcmAclCoppTest.CoppAclAddDelInterface (4372 ms)
[       OK ] cold_boot.BcmAclCoppTest.CoppAclAddInterfaceAddr (5257 ms)
[       OK ] warm_boot.BcmAclCoppTest.CoppAclAddInterfaceAddr (4379 ms)
[       OK ] cold_boot.BcmAclCoppTest.CoppAclAddInterface (5290 ms)
[       OK ] warm_boot.BcmAclCoppTest.CoppAclAddInterface (4351 ms)
[       OK ] cold_boot.BcmAclQualifierTest.AclNoQualifier (5263 ms)
[       OK ] warm_boot.BcmAclQualifierTest.AclNoQualifier (4396 ms)
[       OK ] cold_boot.BcmAclQualifierTest.AclIp4TcpQualifiers (5276 ms)
[       OK ] warm_boot.BcmAclQualifierTest.AclIp4TcpQualifiers (4363 ms)
[       OK ] cold_boot.BcmAclQualifierTest.AclIp6TcpQualifiers (5275 ms)
[       OK ] warm_boot.BcmAclQualifierTest.AclIp6TcpQualifiers (4354 ms)
[       OK ] cold_boot.BcmAclQualifierTest.AclIcmp4Qualifiers (5240 ms)
[       OK ] warm_boot.BcmAclQualifierTest.AclIcmp4Qualifiers (4340 ms)
[       OK ] cold_boot.BcmAclQualifierTest.AclIcmp6Qualifiers (5292 ms)
[       OK ] warm_boot.BcmAclQualifierTest.AclIcmp6Qualifiers (4338 ms)
[       OK ] cold_boot.BcmAclQualifierTest.AclRemove (5274 ms)
[       OK ] warm_boot.BcmAclQualifierTest.AclRemove (4382 ms)
[       OK ] cold_boot.BcmAclQualifierTest.AclModifyQualifier (5260 ms)
[       OK ] warm_boot.BcmAclQualifierTest.AclModifyQualifier (4389 ms)
[       OK ] cold_boot.BcmAclQualifierTest.AclEmptyCodeIcmp (5264 ms)
[       OK ] warm_boot.BcmAclQualifierTest.AclEmptyCodeIcmp (4362 ms)
[       OK ] cold_boot.BcmAclStatTest.AclStatCreate (5267 ms)
[       OK ] warm_boot.BcmAclStatTest.AclStatCreate (4422 ms)
[       OK ] cold_boot.BcmAclStatTest.AclStatMultipleCounters (5284 ms)
[       OK ] warm_boot.BcmAclStatTest.AclStatMultipleCounters (4432 ms)
[       OK ] cold_boot.BcmAclStatTest.AclStatChangeCounterType (5263 ms)
[       OK ] warm_boot.BcmAclStatTest.AclStatChangeCounterType (4387 ms)
[       OK ] cold_boot.BcmAclStatTest.AclStatCreateShared (5271 ms)
[       OK ] warm_boot.BcmAclStatTest.AclStatCreateShared (4356 ms)
[       OK ] cold_boot.BcmAclStatTest.AclStatCreateMultiple (5263 ms)
[       OK ] warm_boot.BcmAclStatTest.AclStatCreateMultiple (4394 ms)
[       OK ] cold_boot.BcmAclStatTest.AclStatMultipleActions (5260 ms)
[       OK ] warm_boot.BcmAclStatTest.AclStatMultipleActions (4393 ms)
[       OK ] cold_boot.BcmAclStatTest.AclStatDelete (5304 ms)
[       OK ] warm_boot.BcmAclStatTest.AclStatDelete (4422 ms)
[       OK ] cold_boot.BcmAclStatTest.AclStatDeleteShared (5272 ms)
[       OK ] warm_boot.BcmAclStatTest.AclStatDeleteShared (4382 ms)
[       OK ] cold_boot.BcmAclStatTest.AclStatRename (5271 ms)
[       OK ] warm_boot.BcmAclStatTest.AclStatRename (4438 ms)
[       OK ] cold_boot.BcmAclStatTest.AclStatRenameShared (5309 ms)
[       OK ] warm_boot.BcmAclStatTest.AclStatRenameShared (4387 ms)
[       OK ] cold_boot.BcmAclStatTest.AclStatCreateSameTwice (4311 ms)
[       OK ] cold_boot.BcmAclStatTest.AclStatDeleteNonExistent (4329 ms)
[       OK ] cold_boot.BcmAclStatTest.AclStatModify (5284 ms)
[       OK ] warm_boot.BcmAclStatTest.AclStatModify (4388 ms)
[       OK ] cold_boot.BcmAclStatTest.AclStatShuffle (5274 ms)
[       OK ] warm_boot.BcmAclStatTest.AclStatShuffle (4377 ms)
[       OK ] cold_boot.BcmAclStatTest.BcmStatNumberOfCounters (5284 ms)
[       OK ] warm_boot.BcmAclStatTest.BcmStatNumberOfCounters (4389 ms)
[       OK ] cold_boot.BcmAclPriorityTest.CheckAclPriorityOrder (5299 ms)
[       OK ] warm_boot.BcmAclPriorityTest.CheckAclPriorityOrder (4391 ms)
[       OK ] cold_boot.BcmAclPriorityTest.CheckAclPriortyOrderInsertMiddle (5272 ms)
[       OK ] warm_boot.BcmAclPriorityTest.CheckAclPriortyOrderInsertMiddle (4385 ms)
[       OK ] cold_boot.BcmAclPriorityTest.AclNameChange (5271 ms)
[       OK ] warm_boot.BcmAclPriorityTest.AclNameChange (4357 ms)
[       OK ] cold_boot.BcmAclUnitTests.AclDataMaskStateSame (1 ms)
[       OK ] cold_boot.BcmAclUnitTests.AclDataMaskStateSame2 (1 ms)
[       OK ] cold_boot.BcmAclUnitTests.AclModDataMaskStateSame (1 ms)
[       OK ] cold_boot.BcmAclUnitTests.AclArrayDataMaskStateSame (0 ms)
[       OK ] cold_boot.BcmAddDelEcmpTest.addDelRoutes (5284 ms)
[       OK ] warm_boot.BcmAddDelEcmpTest.addDelRoutes (4192 ms)
[       OK ] cold_boot.BcmBstStatsMgrTest.StatEnableDisable (5267 ms)
[       OK ] warm_boot.BcmBstStatsMgrTest.StatEnableDisable (4376 ms)
[       OK ] cold_boot.BcmControlPlaneTest.CosQueueUtils (3597 ms)
[       OK ] cold_boot.BcmControlPlaneTest.DefaultCPUQueuesCheckWithoutConfig (3610 ms)
[       OK ] cold_boot.BcmControlPlaneTest.ConfigCPUQueuesSetup (5319 ms)
[       OK ] warm_boot.BcmControlPlaneTest.ConfigCPUQueuesSetup (4339 ms)
[       OK ] cold_boot.BcmControlPlaneTest.ChangeCPULowQueueSettings (4361 ms)
[       OK ] cold_boot.BcmControlPlaneTest.DisableCPULowQueueSettings (4401 ms)
[       OK ] cold_boot.BcmControlPlaneTest.TestBcmAndCfgReasonConversions (3609 ms)
[       OK ] cold_boot.BcmControlPlaneTest.VerifyReasonToQueueMapping (5296 ms)
[       OK ] warm_boot.BcmControlPlaneTest.VerifyReasonToQueueMapping (4360 ms)
[       OK ] cold_boot.BcmQueueManagerCounterTest.SetupPortQueueCounters (4242 ms)
[       OK ] cold_boot.BcmQueueManagerCounterTest.SetupCPUQueueCounters (4295 ms)
[       OK ] cold_boot.BcmEcmpTest.SearchMissingEgressInECMP (5484 ms)
[       OK ] warm_boot.BcmEcmpTest.SearchMissingEgressInECMP (4207 ms)
[       OK ] cold_boot.BcmEcmpTrunkTest.TrunkRemovedFromEcmpWithMinLinks (4540 ms)
[       OK ] cold_boot.BcmEcmpTrunkTest.TrunkNotRemovedFromEcmpWithMinLinks (4571 ms)
[       OK ] cold_boot.BcmEmptyEcmpTest.emptyEcmpRecoveryOnWarmboot (5103 ms)
[       OK ] warm_boot.BcmEmptyEcmpTest.emptyEcmpRecoveryOnWarmboot (4364 ms)
[       OK ] cold_boot.BcmHostKey.unResolvedNextHop (0 ms)
[       OK ] cold_boot.BcmHostKey.resolvedNextHop (0 ms)
[       OK ] cold_boot.BcmHostKey.labeledNextHopWithSwap (0 ms)
[       OK ] cold_boot.BcmHostKey.labeledNextHopWithPush (0 ms)
[       OK ] cold_boot.BcmHostKey.labeledNextHopWithPushOnlyOne (0 ms)
[       OK ] cold_boot.BcmHostKey.unLabeledNextHopWitForLabelForwarding (0 ms)
[       OK ] cold_boot.BcmHostKey.LabeledKeyStr (0 ms)
[       OK ] cold_boot.BcmHostTest.CreateV4AndV6L3Host (5332 ms)
[       OK ] warm_boot.BcmHostTest.CreateV4AndV6L3Host (4394 ms)
[       OK ] cold_boot.BcmHostTest.CreateInterfaceWithoutIp (5449 ms)
[       OK ] warm_boot.BcmHostTest.CreateInterfaceWithoutIp (4351 ms)
[       OK ] cold_boot.BcmHostTest.DeleteV4AndV6L3Host (5310 ms)
[       OK ] warm_boot.BcmHostTest.DeleteV4AndV6L3Host (4365 ms)
[       OK ] cold_boot.BcmHostTest.HostRouteLookupClassNotSet (3617 ms)
[       OK ] cold_boot.BcmInterfaceTest.InterfaceApplyConfig (5573 ms)
[       OK ] warm_boot.BcmInterfaceTest.InterfaceApplyConfig (4642 ms)
[       OK ] cold_boot.BcmInterfaceTest.fromJumboToNonJumboInterface (5281 ms)
[       OK ] warm_boot.BcmInterfaceTest.fromJumboToNonJumboInterface (4376 ms)
[       OK ] cold_boot.BcmInterfaceTest.checkMplsEnabled (5315 ms)
[       OK ] warm_boot.BcmInterfaceTest.checkMplsEnabled (4350 ms)
[       OK ] cold_boot.BcmLabeledEgressTest.labeledEgress (4327 ms)
[       OK ] cold_boot.BcmLabeledEgressTest.noLabeledEgress (4331 ms)
[       OK ] cold_boot.BcmLabeledEgressTest.LabeledEgressWithEcmp (4301 ms)
[       OK ] cold_boot.BcmLabeledEgressTest.labeledTunnelEgressWithEcmp (4288 ms)
[       OK ] cold_boot.BcmLabeledEgressTest.labeledTunnelEgressCommonTunnel (4313 ms)
[       OK ] cold_boot.BcmLabeledEgressTest.labeledTunnelEgressWithOneLabel (4337 ms)
[       OK ] cold_boot.BcmLabeledEgressTest.LabeledUnlabeledEgressWithEcmp (4278 ms)
[       OK ] cold_boot.BcmLabelSwitchActionTest.addLabelSwitchAction (5257 ms)
[       OK ] warm_boot.BcmLabelSwitchActionTest.addLabelSwitchAction (4332 ms)
[       OK ] cold_boot.BcmLabelSwitchActionTest.addLabelSwitchActionWithL3Routes (5271 ms)
[       OK ] warm_boot.BcmLabelSwitchActionTest.addLabelSwitchActionWithL3Routes (4339 ms)
[       OK ] cold_boot.BcmLabelSwitchActionTest.removeLabelSwitchAction (5248 ms)
[       OK ] warm_boot.BcmLabelSwitchActionTest.removeLabelSwitchAction (4370 ms)
[       OK ] cold_boot.BcmLabelForwardingTests.ValidLabelFIBDelta (4283 ms)
[       OK ] cold_boot.BcmLabelForwardingTests.InvalidLabelFIBDelta (4296 ms)
[       OK ] cold_boot.BcmLabelForwardingTests.ValidPushStack (4298 ms)
[       OK ] cold_boot.BcmLabelForwardingTests.InvalidPushStack (4293 ms)
[       OK ] cold_boot.BcmMatchActionsTest.AddTrafficPolicy (5282 ms)
[       OK ] warm_boot.BcmMatchActionsTest.AddTrafficPolicy (4393 ms)
[       OK ] cold_boot.BcmMatchActionsTest.SetDscpMatchAction (5243 ms)
[       OK ] warm_boot.BcmMatchActionsTest.SetDscpMatchAction (4379 ms)
[       OK ] cold_boot.BcmMatchActionsTest.AddSameMatcherTwice (5309 ms)
[       OK ] warm_boot.BcmMatchActionsTest.AddSameMatcherTwice (4394 ms)
[       OK ] cold_boot.BcmMatchActionsTest.AddMultipleActions (5261 ms)
[       OK ] warm_boot.BcmMatchActionsTest.AddMultipleActions (4390 ms)
[       OK ] cold_boot.BcmMatchActionsTest.AddRemoveActions (5282 ms)
[       OK ] warm_boot.BcmMatchActionsTest.AddRemoveActions (4373 ms)
[       OK ] cold_boot.BcmMatchActionsTest.AddTrafficPolicyMultipleRemoveOne (5274 ms)
[       OK ] warm_boot.BcmMatchActionsTest.AddTrafficPolicyMultipleRemoveOne (4399 ms)
[       OK ] cold_boot.BcmPortQueueManagerTest.DefaultPortQueuesCheckWithoutConfig (5353 ms)
[       OK ] warm_boot.BcmPortQueueManagerTest.DefaultPortQueuesCheckWithoutConfig (4344 ms)
[       OK ] cold_boot.BcmPortQueueManagerTest.ConfigPortQueuesSetup (5324 ms)
[       OK ] warm_boot.BcmPortQueueManagerTest.ConfigPortQueuesSetup (4375 ms)
[       OK ] cold_boot.BcmPortQueueManagerTest.ChangeQueue0Settings (4265 ms)
[       OK ] cold_boot.BcmPortQueueManagerTest.ClearPortQueueSettings (5349 ms)
[       OK ] warm_boot.BcmPortQueueManagerTest.ClearPortQueueSettings (4348 ms)
[       OK ] cold_boot.BcmPortQueueManagerTest.ChangePortQueueAQM (4315 ms)
[       OK ] cold_boot.BcmPortQueueManagerTest.InternalPriorityMappings (4291 ms)
[       OK ] cold_boot.BcmPortQueueManagerTest.InternalPriorityMappingsOverride (4323 ms)
[       OK ] cold_boot.BcmPortTest.PortApplyConfig (5340 ms)
[       OK ] warm_boot.BcmPortTest.PortApplyConfig (4442 ms)
[       OK ] cold_boot.BcmPortTest.PortSflowConfig (5341 ms)
[       OK ] warm_boot.BcmPortTest.PortSflowConfig (4393 ms)
[       OK ] cold_boot.BcmPortTest.PortLoopbackMode (5353 ms)
[       OK ] warm_boot.BcmPortTest.PortLoopbackMode (4368 ms)
[       OK ] cold_boot.BcmPortTest.PortLoopbackModeMAC40G (3610 ms)
[       OK ] cold_boot.BcmPortTest.PortLoopbackModePHY40G (5349 ms)
[       OK ] warm_boot.BcmPortTest.PortLoopbackModePHY40G (4393 ms)
[       OK ] cold_boot.BcmPortTest.PortLoopbackModeMAC100G (5371 ms)
[       OK ] warm_boot.BcmPortTest.PortLoopbackModeMAC100G (4348 ms)
[       OK ] cold_boot.BcmPortTest.PortLoopbackModePHY100G (5339 ms)
[       OK ] warm_boot.BcmPortTest.PortLoopbackModePHY100G (4365 ms)
[       OK ] cold_boot.BcmPortTest.SampleDestination (5266 ms)
[       OK ] warm_boot.BcmPortTest.SampleDestination (4357 ms)
[       OK ] cold_boot.BcmPortTest.NoSampleDestinationSet (5220 ms)
[       OK ] warm_boot.BcmPortTest.NoSampleDestinationSet (4406 ms)
[       OK ] cold_boot.BcmPortTest.IngressMirror (5266 ms)
[       OK ] warm_boot.BcmPortTest.IngressMirror (4345 ms)
[       OK ] cold_boot.BcmPortTest.EgressMirror (5272 ms)
[       OK ] warm_boot.BcmPortTest.EgressMirror (4341 ms)
[       OK ] cold_boot.BcmPortTest.SampleDestinationMirror (5252 ms)
[       OK ] warm_boot.BcmPortTest.SampleDestinationMirror (4371 ms)
[       OK ] cold_boot.BcmPortTest.SampleDestinationCpu (5447 ms)
[       OK ] warm_boot.BcmPortTest.SampleDestinationCpu (4344 ms)
[       OK ] cold_boot.BcmPortTest.FECStatus100GPort (5286 ms)
[       OK ] warm_boot.BcmPortTest.FECStatus100GPort (4337 ms)
[       OK ] cold_boot.BcmPortTest.FECStatusNon100GPort (5273 ms)
[       OK ] warm_boot.BcmPortTest.FECStatusNon100GPort (4351 ms)
[       OK ] cold_boot.BcmPortTest.AssertMode (5263 ms)
[       OK ] warm_boot.BcmPortTest.AssertMode (4343 ms)
[       OK ] cold_boot.BcmPortTest.AssertL3Enabled (5272 ms)
[       OK ] warm_boot.BcmPortTest.AssertL3Enabled (4106 ms)
[       OK ] cold_boot.BcmPortTest.VerifyTxSettings (5270 ms)
[       OK ] warm_boot.BcmPortTest.VerifyTxSettings (4397 ms)
[       OK ] cold_boot.BcmPortStressTest.statEnableLoop (8153 ms)
[       OK ] warm_boot.BcmPortStressTest.statEnableLoop (6529 ms)
[       OK ] cold_boot.BcmQosPolicyTest.QosPolicyCreate (5280 ms)
[       OK ] warm_boot.BcmQosPolicyTest.QosPolicyCreate (4382 ms)
[       OK ] cold_boot.BcmQosPolicyTest.QosPolicyCreateMultiple (5276 ms)
[       OK ] warm_boot.BcmQosPolicyTest.QosPolicyCreateMultiple (4350 ms)
[       OK ] cold_boot.BcmQosPolicyTest.QosPolicyDelete (5297 ms)
[       OK ] warm_boot.BcmQosPolicyTest.QosPolicyDelete (4380 ms)
[       OK ] cold_boot.BcmQosPolicyTest.QosPolicyModify (5296 ms)
[       OK ] warm_boot.BcmQosPolicyTest.QosPolicyModify (4394 ms)
[       OK ] cold_boot.BcmQosPolicyTest.QosPolicyInvalidQueueId (4282 ms)
[       OK ] cold_boot.BcmQosPolicyTest.QosPolicyInvalidDscp (3614 ms)
[       OK ] cold_boot.BcmQosPolicyTest.QosPolicyDefault (5281 ms)
[   FAILED ] warm_boot.BcmQosPolicyTest.QosPolicyDefault (0 ms)
[       OK ] cold_boot.BcmQosPolicyTest.QosPolicyRemoveDefault (5312 ms)
[       OK ] warm_boot.BcmQosPolicyTest.QosPolicyRemoveDefault (4395 ms)
[       OK ] cold_boot.BcmQosPolicyTest.QosPolicyOverrideDefault (5260 ms)
[   FAILED ] warm_boot.BcmQosPolicyTest.QosPolicyOverrideDefault (0 ms)
[       OK ] cold_boot.BcmQosPolicyTest.QosPolicyCPU (5280 ms)
[       OK ] warm_boot.BcmQosPolicyTest.QosPolicyCPU (4375 ms)
[       OK ] cold_boot.BcmQosPolicyTest.QosPolicyCPURemove (5265 ms)
[       OK ] warm_boot.BcmQosPolicyTest.QosPolicyCPURemove (4402 ms)
[       OK ] cold_boot.BcmQosPolicyTest.QosPolicySdkAssertions (3609 ms)
[       OK ] cold_boot.BcmQosPolicyTest.QosPolicyConfigMigrate (5265 ms)
[   FAILED ] warm_boot.BcmQosPolicyTest.QosPolicyConfigMigrate (0 ms)
[       OK ] cold_boot.BcmQosMapTest.BcmNumberOfQoSMaps (5279 ms)
[       OK ] warm_boot.BcmQosMapTest.BcmNumberOfQoSMaps (4330 ms)
[       OK ] cold_boot.BcmQosMapTest.BcmDscpMapWithRules (5302 ms)
[   FAILED ] warm_boot.BcmQosMapTest.BcmDscpMapWithRules (0 ms)
[   FAILED ] cold_boot.BcmQosMapTest.BcmAllQosMaps (0 ms)
[   FAILED ] warm_boot.BcmQosMapTest.BcmAllQosMaps (0 ms)
[       OK ] cold_boot.BcmRtag7Test.programLoadBalancerMap (4594 ms)
[       OK ] warm_boot.BcmRtag7Test.programLoadBalancerMap (4030 ms)
[       OK ] cold_boot.BcmRtag7Test.programMPLSLoadBalancer (4567 ms)
[       OK ] warm_boot.BcmRtag7Test.programMPLSLoadBalancer (4037 ms)
[       OK ] cold_boot.BcmRouteTest.AddRoutesAndCountPrintCheckToCPU (5752 ms)
[       OK ] warm_boot.BcmRouteTest.AddRoutesAndCountPrintCheckToCPU (4880 ms)
[       OK ] cold_boot.BcmRouteTest.AddV4NonHostRoute (5377 ms)
[       OK ] warm_boot.BcmRouteTest.AddV4NonHostRoute (4503 ms)
[       OK ] cold_boot.BcmRouteTest.AddV4HostRoute (5378 ms)
[       OK ] warm_boot.BcmRouteTest.AddV4HostRoute (4508 ms)
[       OK ] cold_boot.BcmRouteTest.AddV6NonHostRoute (5416 ms)
[       OK ] warm_boot.BcmRouteTest.AddV6NonHostRoute (4552 ms)
[       OK ] cold_boot.BcmRouteTest.AddV6HostRoute (5426 ms)
[       OK ] warm_boot.BcmRouteTest.AddV6HostRoute (4583 ms)
[       OK ] cold_boot.BcmRouteTest.HostRouteStat (4283 ms)
[       OK ] cold_boot.BcmRouteTest.LpmRouteV4Stat (4261 ms)
[       OK ] cold_boot.BcmRouteTest.LpmRouteV6Stat128b (4294 ms)
[       OK ] cold_boot.BcmRouteTest.BcmHostReference (4297 ms)
[       OK ] cold_boot.BcmRouteTest.EgressUpdateOnHostRouteUpdateOneHopToManyHops (5202 ms)
[       OK ] warm_boot.BcmRouteTest.EgressUpdateOnHostRouteUpdateOneHopToManyHops (4384 ms)
[       OK ] cold_boot.BcmRouteTest.UnresolveResolveNextHop (4305 ms)
[       OK ] cold_boot.BcmRouteHostReferenceTest.AddRouteAndCheckHostReference (5268 ms)
[       OK ] warm_boot.BcmRouteHostReferenceTest.AddRouteAndCheckHostReference (4383 ms)
[       OK ] cold_boot.BcmRouteHostReferenceTest.AddRoutesWithDistinctNextHopsAndCheckHostReference (5308 ms)
[       OK ] warm_boot.BcmRouteHostReferenceTest.AddRoutesWithDistinctNextHopsAndCheckHostReference (4398 ms)
[       OK ] cold_boot.BcmRouteHostReferenceTest.AddRoutesWithSharedNextHopsAndCheckHostReference (5259 ms)
[       OK ] warm_boot.BcmRouteHostReferenceTest.AddRoutesWithSharedNextHopsAndCheckHostReference (4355 ms)
[       OK ] cold_boot.BcmRouteHostReferenceTest.DeleteRoutesAndCheckHostReference (5306 ms)
[       OK ] warm_boot.BcmRouteHostReferenceTest.DeleteRoutesAndCheckHostReference (4397 ms)
[       OK ] cold_boot.BcmRouteHostReferenceTest.AddRouteAndCheckInvalidHostReference (5286 ms)
[       OK ] warm_boot.BcmRouteHostReferenceTest.AddRouteAndCheckInvalidHostReference (4393 ms)
[       OK ] cold_boot.BcmRouteHostReferenceTest.AddNoRoutesAndCheckDefaultHostReference (5239 ms)
[       OK ] warm_boot.BcmRouteHostReferenceTest.AddNoRoutesAndCheckDefaultHostReference (4392 ms)
[       OK ] cold_boot.BcmSwitchStateReplayTest.test (5098 ms)
[       OK ] warm_boot.BcmSwitchStateReplayTest.test (4391 ms)
[       OK ] cold_boot.BcmTrunkTest.TrunkCreateHighLowKeyIds (5343 ms)
[       OK ] warm_boot.BcmTrunkTest.TrunkCreateHighLowKeyIds (4596 ms)
[       OK ] cold_boot.BcmTrunkTest.TrunkCheckIngressPktAggPort (5346 ms)
[       OK ] warm_boot.BcmTrunkTest.TrunkCheckIngressPktAggPort (4576 ms)
[       OK ] cold_boot.BcmTrunkTest.TrunkMemberPortDownMinLinksViolated (5382 ms)
[       OK ] warm_boot.BcmTrunkTest.TrunkMemberPortDownMinLinksViolated (4581 ms)
[       OK ] cold_boot.BcmTrunkTest.OpennslTrunkApiChecks (5362 ms)
[       OK ] warm_boot.BcmTrunkTest.OpennslTrunkApiChecks (4559 ms)
[       OK ] cold_boot.BcmUnitTests.FlexportCalculate (0 ms)
[       OK ] cold_boot.BcmSflowTest.SflowSamplingEnabled (5888 ms)
[       OK ] warm_boot.BcmSflowTest.SflowSamplingEnabled (6146 ms)
[       OK ] cold_boot.BcmSflowTest.SflowSamplingDisabled (5883 ms)
[       OK ] warm_boot.BcmSflowTest.SflowSamplingDisabled (5146 ms)
[       OK ] cold_boot.BcmMultiAqmProfileTest.verifyWred (5814 ms)
[   FAILED ] warm_boot.BcmMultiAqmProfileTest.verifyWred (0 ms)
[       OK ] cold_boot.BcmMultiAqmProfileTest.verifyEcn (5779 ms)
[   FAILED ] warm_boot.BcmMultiAqmProfileTest.verifyEcn (0 ms)
[       OK ] cold_boot.BcmAclCounterTest.TestCounterBumpOnHit (5492 ms)
[       OK ] warm_boot.BcmAclCounterTest.TestCounterBumpOnHit (4285 ms)
[       OK ] cold_boot.BcmAclCounterTest.TestCounterNoHitNoBump (5436 ms)
[       OK ] warm_boot.BcmAclCounterTest.TestCounterNoHitNoBump (4207 ms)
[       OK ] cold_boot.BcmConfigVerifyQosTest.verifyDscpQueueMapping (5324 ms)
[       OK ] warm_boot.BcmConfigVerifyQosTest.verifyDscpQueueMapping (4518 ms)
[       OK ] cold_boot.BcmQcmDataTest.VerifyQcmFirmwareInit (4914 ms)
[       OK ] cold_boot.BcmQcmDataTest.FlowLearning (4950 ms)
[       OK ] cold_boot.BcmQcmDataTest.MultiFlows (4933 ms)
[       OK ] cold_boot.BcmQcmDataTest.RestrictFlowLearning (4927 ms)
[       OK ] cold_boot.BcmQcmDataTest.VerifyQcmStopStart (4914 ms)
[       OK ] cold_boot.BcmPortBandwidthTest.VerifyPps (15916 ms)
[   FAILED ] warm_boot.BcmPortBandwidthTest.VerifyPps (0 ms)
[       OK ] cold_boot.BcmPortBandwidthTest.VerifyKbps (15872 ms)
[   FAILED ] warm_boot.BcmPortBandwidthTest.VerifyKbps (0 ms)
[       OK ] cold_boot.BcmDscpQueueMappingTest.CheckDscpQueueMapping (5545 ms)
[       OK ] warm_boot.BcmDscpQueueMappingTest.CheckDscpQueueMapping (4739 ms)
[       OK ] cold_boot.BcmDscpQueueMappingTest.AclAndQosMap (5535 ms)
[       OK ] warm_boot.BcmDscpQueueMappingTest.AclAndQosMap (4860 ms)
[       OK ] cold_boot.BcmDscpQueueMappingTest.AclAndQosMapConflict (5728 ms)
[       OK ] warm_boot.BcmDscpQueueMappingTest.AclAndQosMapConflict (4932 ms)
[       OK ] cold_boot.BcmEcnTest.verifyEcn (5799 ms)
[       OK ] warm_boot.BcmEcnTest.verifyEcn (5018 ms)
[       OK ] cold_boot.HwEcmpTest.L2ResolveOneNhopThenLinkDownThenUp (5465 ms)
[       OK ] warm_boot.HwEcmpTest.L2ResolveOneNhopThenLinkDownThenUp (4218 ms)
[       OK ] cold_boot.HwEcmpTest.L2ResolveOneNhopThenLinkDownThenUpThenL2ResolveNhop (5472 ms)
[       OK ] warm_boot.HwEcmpTest.L2ResolveOneNhopThenLinkDownThenUpThenL2ResolveNhop (4200 ms)
[       OK ] cold_boot.HwEcmpTest.L2UnresolvedNhopsECMPInHWEmpty (5468 ms)
[       OK ] warm_boot.HwEcmpTest.L2UnresolvedNhopsECMPInHWEmpty (4210 ms)
[       OK ] cold_boot.HwEcmpTest.UcmpOverflowZero (5504 ms)
[       OK ] warm_boot.HwEcmpTest.UcmpOverflowZero (4246 ms)
[       OK ] cold_boot.HwEcmpTest.UcmpOverflowZeroNotEnoughToRoundUp (5520 ms)
[       OK ] warm_boot.HwEcmpTest.UcmpOverflowZeroNotEnoughToRoundUp (4257 ms)
[       OK ] cold_boot.HwEcmpTest.ResolvePendingResolveNexthop (5484 ms)
[       OK ] warm_boot.HwEcmpTest.ResolvePendingResolveNexthop (4219 ms)
[       OK ] cold_boot.HwEcmpTest.UcmpL2ResolveAllNhopsInThenLinkDown (4553 ms)
[       OK ] cold_boot.HwEcmpTest.UcmpL2ResolveBothNhopsInThenLinkFlap (4589 ms)
[       OK ] cold_boot.HwRouteScaleTest.rswRouteScale (3591 ms)
[       OK ] cold_boot.HwRouteScaleTest.fswRouteScale (3593 ms)
[       OK ] cold_boot.HwRouteScaleTest.thAlpmScale (3584 ms)
[       OK ] cold_boot.HwRouteScaleTest.hgridDuScaleTest (3579 ms)
[       OK ] cold_boot.HwRouteScaleTest.hgridUuScaleTest (3590 ms)
[       OK ] cold_boot.HwTest.overflowRoutes (33869 ms)
[       OK ] cold_boot.HwVlanTest.VlanApplyConfig (5273 ms)
[       OK ] warm_boot.HwVlanTest.VlanApplyConfig (4356 ms)
[       OK ] cold_boot.HwL2ClassIDTest.VerifyClassID (4613 ms)
[       OK ] warm_boot.HwL2ClassIDTest.VerifyClassID (3992 ms)
[       OK ] cold_boot.HwPortStressTest.adminStateToggle (8803 ms)
[       OK ] warm_boot.HwPortStressTest.adminStateToggle (7308 ms)
[       OK ] cold_boot.HwPortStressTest.linkStateToggle (23614 ms)
[       OK ] warm_boot.HwPortStressTest.linkStateToggle (10035 ms)
[       OK ] cold_boot.HwFlexPortTest.FlexPortTWOX50G (5321 ms)
[       OK ] warm_boot.HwFlexPortTest.FlexPortTWOX50G (4374 ms)
[       OK ] cold_boot.HwFlexPortTest.FlexPortFOURX10G (5371 ms)
[       OK ] warm_boot.HwFlexPortTest.FlexPortFOURX10G (4346 ms)
[       OK ] cold_boot.HwFlexPortTest.FlexPortFOURX25G (5341 ms)
[       OK ] warm_boot.HwFlexPortTest.FlexPortFOURX25G (4370 ms)
[       OK ] cold_boot.HwFlexPortTest.FlexPortONEX40G (5299 ms)
[       OK ] warm_boot.HwFlexPortTest.FlexPortONEX40G (4327 ms)
[       OK ] cold_boot.HwFlexPortTest.FlexPortONEX100G (5265 ms)
[       OK ] warm_boot.HwFlexPortTest.FlexPortONEX100G (4354 ms)
[       OK ] cold_boot.HwAlpmStressTest.splitPivotNhopsMatchDefaultRoute6 (4367 ms)
[       OK ] cold_boot.HwAlpmStressTest.splitPivotNhopsMatchDefaultRoute4 (4406 ms)
[   FAILED ] cold_boot.HwCoppTest.VerifyCoppPpsLowPri (0 ms)
[   FAILED ] warm_boot.HwCoppTest.VerifyCoppPpsLowPri (0 ms)
[   FAILED ] cold_boot.HwCoppTest.LocalDstIpBgpPortToHighPriQ (0 ms)
[   FAILED ] warm_boot.HwCoppTest.LocalDstIpBgpPortToHighPriQ (0 ms)
[   FAILED ] cold_boot.HwCoppTest.LocalDstIpNonBgpPortToMidPriQ (0 ms)
[   FAILED ] warm_boot.HwCoppTest.LocalDstIpNonBgpPortToMidPriQ (0 ms)
[   FAILED ] cold_boot.HwCoppTest.Ipv6LinkLocalMcastToMidPriQ (0 ms)
[   FAILED ] warm_boot.HwCoppTest.Ipv6LinkLocalMcastToMidPriQ (0 ms)
[       OK ] cold_boot.HwCoppTest.Ipv6LinkLocalMcastTxFromCpu (10976 ms)
[       OK ] warm_boot.HwCoppTest.Ipv6LinkLocalMcastTxFromCpu (10047 ms)
[   FAILED ] cold_boot.HwCoppTest.Ipv6LinkLocalUcastToMidPriQ (0 ms)
[   FAILED ] warm_boot.HwCoppTest.Ipv6LinkLocalUcastToMidPriQ (0 ms)
[   FAILED ] cold_boot.HwCoppTest.SlowProtocolsMacToHighPriQ (0 ms)
[   FAILED ] warm_boot.HwCoppTest.SlowProtocolsMacToHighPriQ (0 ms)
[   FAILED ] cold_boot.HwCoppTest.DstIpNetworkControlDscpToHighPriQ (0 ms)
[   FAILED ] warm_boot.HwCoppTest.DstIpNetworkControlDscpToHighPriQ (0 ms)
[   FAILED ] cold_boot.HwCoppTest.Ipv6LinkLocalUcastIpNetworkControlDscpToHighPriQ (0 ms)
[   FAILED ] warm_boot.HwCoppTest.Ipv6LinkLocalUcastIpNetworkControlDscpToHighPriQ (0 ms)
[   FAILED ] cold_boot.HwCoppTest.Ipv6LinkLocalMcastNetworkControlDscpToHighPriQ (0 ms)
[   FAILED ] warm_boot.HwCoppTest.Ipv6LinkLocalMcastNetworkControlDscpToHighPriQ (0 ms)
[   FAILED ] cold_boot.HwCoppTest.L3MTUErrorToLowPriQ (0 ms)
[   FAILED ] warm_boot.HwCoppTest.L3MTUErrorToLowPriQ (0 ms)
[       OK ] cold_boot.HwJumboFramesTest.JumboFramesGetThrough (5685 ms)
[       OK ] warm_boot.HwJumboFramesTest.JumboFramesGetThrough (4929 ms)
[       OK ] cold_boot.HwJumboFramesTest.SuperJumboFramesGetDropped (6760 ms)
[       OK ] warm_boot.HwJumboFramesTest.SuperJumboFramesGetDropped (6017 ms)
[       OK ] cold_boot.HwInDiscardsCounterTest.nullRouteHit (6079 ms)
[       OK ] warm_boot.HwInDiscardsCounterTest.nullRouteHit (4839 ms)
[       OK ] cold_boot.HwInPauseDiscardsCounterTest.rxPauseDisabled (5908 ms)
[       OK ] warm_boot.HwInPauseDiscardsCounterTest.rxPauseDisabled (4639 ms)
[       OK ] cold_boot.HwInPauseDiscardsCounterTest.rxPauseEnabled (5893 ms)
[       OK ] warm_boot.HwInPauseDiscardsCounterTest.rxPauseEnabled (4619 ms)
[       OK ] cold_boot.HwL4PortBlackHolingTest.v6UDP (14154 ms)
[       OK ] warm_boot.HwL4PortBlackHolingTest.v6UDP (13471 ms)
[       OK ] cold_boot.HwL4PortBlackHolingTest.v4UDP (14276 ms)
[       OK ] warm_boot.HwL4PortBlackHolingTest.v4UDP (13523 ms)
[       OK ] cold_boot.HwMPLSTest.Push (6043 ms)
[   FAILED ] warm_boot.HwMPLSTest.Push (0 ms)
[       OK ] cold_boot.HwMPLSTest.Swap (6046 ms)
[   FAILED ] warm_boot.HwMPLSTest.Swap (0 ms)
[       OK ] cold_boot.HwMacLearningTest.VerifyMacLearningScale (5881 ms)
[       OK ] warm_boot.HwMacLearningTest.VerifyMacLearningScale (4634 ms)
[       OK ] cold_boot.HwMacLearningTest.VerifyHwLearningForPort (5544 ms)
[       OK ] warm_boot.HwMacLearningTest.VerifyHwLearningForPort (4568 ms)
[       OK ] cold_boot.HwMacLearningTest.VerifyHwLearningForTrunk (5548 ms)
[       OK ] warm_boot.HwMacLearningTest.VerifyHwLearningForTrunk (4585 ms)
[       OK ] cold_boot.HwMacLearningTest.VerifyHwAgingForPort (7673 ms)
[       OK ] warm_boot.HwMacLearningTest.VerifyHwAgingForPort (6860 ms)
[       OK ] cold_boot.HwMacLearningTest.VerifyHwAgingForTrunk (7681 ms)
[       OK ] warm_boot.HwMacLearningTest.VerifyHwAgingForTrunk (6925 ms)
[       OK ] cold_boot.HwMacLearningTest.VerifySwLearningForPort (5591 ms)
[       OK ] warm_boot.HwMacLearningTest.VerifySwLearningForPort (4669 ms)
[       OK ] cold_boot.HwMacLearningTest.VerifySwLearningForTrunk (5553 ms)
[       OK ] warm_boot.HwMacLearningTest.VerifySwLearningForTrunk (4609 ms)
[       OK ] cold_boot.HwMacLearningTest.VerifySwAgingForPort (6615 ms)
[       OK ] warm_boot.HwMacLearningTest.VerifySwAgingForPort (5897 ms)
[       OK ] cold_boot.HwMacLearningTest.VerifySwAgingForTrunk (6690 ms)
[       OK ] warm_boot.HwMacLearningTest.VerifySwAgingForTrunk (5864 ms)
[       OK ] cold_boot.HwMacLearningTest.VerifyHwToSwLearningForPort (5524 ms)
[       OK ] warm_boot.HwMacLearningTest.VerifyHwToSwLearningForPort (4585 ms)
[       OK ] cold_boot.HwMacLearningTest.VerifySwToHwLearningForPort (5596 ms)
[       OK ] warm_boot.HwMacLearningTest.VerifySwToHwLearningForPort (4717 ms)
[       OK ] cold_boot.HwMacLearningMacMoveTest.VerifyMacMoveForPort (6741 ms)
[       OK ] warm_boot.HwMacLearningMacMoveTest.VerifyMacMoveForPort (6013 ms)
[       OK ] cold_boot.HwLoadBalancerTestV4.EcmpLoadBalanceFullHashCpuTraffic (6229 ms)
[       OK ] warm_boot.HwLoadBalancerTestV4.EcmpLoadBalanceFullHashCpuTraffic (5015 ms)
[       OK ] cold_boot.HwLoadBalancerTestV4.EcmpLoadBalanceHalfHashCpuTraffic (6254 ms)
[       OK ] warm_boot.HwLoadBalancerTestV4.EcmpLoadBalanceHalfHashCpuTraffic (5011 ms)
[       OK ] cold_boot.HwLoadBalancerTestV4.UcmpLoadBalanceFullHashCpuTraffic (6242 ms)
[       OK ] warm_boot.HwLoadBalancerTestV4.UcmpLoadBalanceFullHashCpuTraffic (5010 ms)
[       OK ] cold_boot.HwLoadBalancerTestV4.UcmpLoadBalanceHalfHashCpuTraffic (6268 ms)
[       OK ] warm_boot.HwLoadBalancerTestV4.UcmpLoadBalanceHalfHashCpuTraffic (4987 ms)
[       OK ] cold_boot.HwLoadBalancerTestV4.EcmpLoadBalanceFullHashFrontPanelTraffic (6121 ms)
[       OK ] warm_boot.HwLoadBalancerTestV4.EcmpLoadBalanceFullHashFrontPanelTraffic (4872 ms)
[       OK ] cold_boot.HwLoadBalancerTestV4.EcmpLoadBalanceHalfHashFrontPanelTraffic (6082 ms)
[       OK ] warm_boot.HwLoadBalancerTestV4.EcmpLoadBalanceHalfHashFrontPanelTraffic (4775 ms)
[       OK ] cold_boot.HwLoadBalancerTestV4.UcmpLoadBalanceFullHashFrontPanelTraffic (6084 ms)
[       OK ] warm_boot.HwLoadBalancerTestV4.UcmpLoadBalanceFullHashFrontPanelTraffic (4816 ms)
[       OK ] cold_boot.HwLoadBalancerTestV4.UcmpLoadBalanceHalfHashFrontPanelTraffic (6141 ms)
[       OK ] warm_boot.HwLoadBalancerTestV4.UcmpLoadBalanceHalfHashFrontPanelTraffic (4848 ms)
[       OK ] cold_boot.HwLoadBalancerTestV4.ECMPShrinkExpandLoadBalanceFullHashCpuTraffic (15644 ms)
[       OK ] cold_boot.HwLoadBalancerTestV4.ECMPShrinkExpandLoadBalanceHalfHashCpuTraffic (15474 ms)
[       OK ] cold_boot.HwLoadBalancerTestV6.EcmpLoadBalanceFullHashCpuTraffic (6234 ms)
[       OK ] warm_boot.HwLoadBalancerTestV6.EcmpLoadBalanceFullHashCpuTraffic (4989 ms)
[       OK ] cold_boot.HwLoadBalancerTestV6.EcmpLoadBalanceHalfHashCpuTraffic (6289 ms)
[       OK ] warm_boot.HwLoadBalancerTestV6.EcmpLoadBalanceHalfHashCpuTraffic (5024 ms)
[       OK ] cold_boot.HwLoadBalancerTestV6.UcmpLoadBalanceFullHashCpuTraffic (6257 ms)
[       OK ] warm_boot.HwLoadBalancerTestV6.UcmpLoadBalanceFullHashCpuTraffic (5020 ms)
[       OK ] cold_boot.HwLoadBalancerTestV6.UcmpLoadBalanceHalfHashCpuTraffic (6249 ms)
[       OK ] warm_boot.HwLoadBalancerTestV6.UcmpLoadBalanceHalfHashCpuTraffic (4979 ms)
[       OK ] cold_boot.HwLoadBalancerTestV6.EcmpLoadBalanceFullHashFrontPanelTraffic (6098 ms)
[       OK ] warm_boot.HwLoadBalancerTestV6.EcmpLoadBalanceFullHashFrontPanelTraffic (4823 ms)
[       OK ] cold_boot.HwLoadBalancerTestV6.EcmpLoadBalanceHalfHashFrontPanelTraffic (6095 ms)
[       OK ] warm_boot.HwLoadBalancerTestV6.EcmpLoadBalanceHalfHashFrontPanelTraffic (4779 ms)
[       OK ] cold_boot.HwLoadBalancerTestV6.UcmpLoadBalanceFullHashFrontPanelTraffic (6114 ms)
[       OK ] warm_boot.HwLoadBalancerTestV6.UcmpLoadBalanceFullHashFrontPanelTraffic (4831 ms)
[       OK ] cold_boot.HwLoadBalancerTestV6.UcmpLoadBalanceHalfHashFrontPanelTraffic (6100 ms)
[       OK ] warm_boot.HwLoadBalancerTestV6.UcmpLoadBalanceHalfHashFrontPanelTraffic (4794 ms)
[       OK ] cold_boot.HwLoadBalancerTestV6.ECMPShrinkExpandLoadBalanceFullHashCpuTraffic (15911 ms)
[       OK ] cold_boot.HwLoadBalancerTestV6.ECMPShrinkExpandLoadBalanceHalfHashCpuTraffic (15465 ms)
[       OK ] cold_boot.HwLoadBalancerTestV4ToMpls.EcmpLoadBalanceFullHashCpuTraffic (6273 ms)
[       OK ] warm_boot.HwLoadBalancerTestV4ToMpls.EcmpLoadBalanceFullHashCpuTraffic (5022 ms)
[       OK ] cold_boot.HwLoadBalancerTestV4ToMpls.EcmpLoadBalanceHalfHashCpuTraffic (6297 ms)
[       OK ] warm_boot.HwLoadBalancerTestV4ToMpls.EcmpLoadBalanceHalfHashCpuTraffic (5011 ms)
[       OK ] cold_boot.HwLoadBalancerTestV4ToMpls.UcmpLoadBalanceFullHashCpuTraffic (6293 ms)
[       OK ] warm_boot.HwLoadBalancerTestV4ToMpls.UcmpLoadBalanceFullHashCpuTraffic (4970 ms)
[       OK ] cold_boot.HwLoadBalancerTestV4ToMpls.UcmpLoadBalanceHalfHashCpuTraffic (6260 ms)
[       OK ] warm_boot.HwLoadBalancerTestV4ToMpls.UcmpLoadBalanceHalfHashCpuTraffic (4991 ms)
[       OK ] cold_boot.HwLoadBalancerTestV4ToMpls.EcmpLoadBalanceFullHashFrontPanelTraffic (6033 ms)
[       OK ] warm_boot.HwLoadBalancerTestV4ToMpls.EcmpLoadBalanceFullHashFrontPanelTraffic (4852 ms)
[       OK ] cold_boot.HwLoadBalancerTestV4ToMpls.EcmpLoadBalanceHalfHashFrontPanelTraffic (6059 ms)
[       OK ] warm_boot.HwLoadBalancerTestV4ToMpls.EcmpLoadBalanceHalfHashFrontPanelTraffic (4733 ms)
[       OK ] cold_boot.HwLoadBalancerTestV4ToMpls.UcmpLoadBalanceFullHashFrontPanelTraffic (6054 ms)
[       OK ] warm_boot.HwLoadBalancerTestV4ToMpls.UcmpLoadBalanceFullHashFrontPanelTraffic (4906 ms)
[       OK ] cold_boot.HwLoadBalancerTestV4ToMpls.UcmpLoadBalanceHalfHashFrontPanelTraffic (6074 ms)
[       OK ] warm_boot.HwLoadBalancerTestV4ToMpls.UcmpLoadBalanceHalfHashFrontPanelTraffic (4831 ms)
[       OK ] cold_boot.HwLoadBalancerTestV4ToMpls.ECMPShrinkExpandLoadBalanceFullHashCpuTraffic (15569 ms)
[       OK ] cold_boot.HwLoadBalancerTestV4ToMpls.ECMPShrinkExpandLoadBalanceHalfHashCpuTraffic (15574 ms)
[       OK ] cold_boot.HwLoadBalancerTestV6ToMpls.EcmpLoadBalanceFullHashCpuTraffic (6242 ms)
[       OK ] warm_boot.HwLoadBalancerTestV6ToMpls.EcmpLoadBalanceFullHashCpuTraffic (4935 ms)
[       OK ] cold_boot.HwLoadBalancerTestV6ToMpls.EcmpLoadBalanceHalfHashCpuTraffic (6297 ms)
[       OK ] warm_boot.HwLoadBalancerTestV6ToMpls.EcmpLoadBalanceHalfHashCpuTraffic (4999 ms)
[       OK ] cold_boot.HwLoadBalancerTestV6ToMpls.UcmpLoadBalanceFullHashCpuTraffic (6302 ms)
[       OK ] warm_boot.HwLoadBalancerTestV6ToMpls.UcmpLoadBalanceFullHashCpuTraffic (5042 ms)
[       OK ] cold_boot.HwLoadBalancerTestV6ToMpls.UcmpLoadBalanceHalfHashCpuTraffic (6263 ms)
[       OK ] warm_boot.HwLoadBalancerTestV6ToMpls.UcmpLoadBalanceHalfHashCpuTraffic (5047 ms)
[       OK ] cold_boot.HwLoadBalancerTestV6ToMpls.EcmpLoadBalanceFullHashFrontPanelTraffic (6118 ms)
[       OK ] warm_boot.HwLoadBalancerTestV6ToMpls.EcmpLoadBalanceFullHashFrontPanelTraffic (4834 ms)
[       OK ] cold_boot.HwLoadBalancerTestV6ToMpls.EcmpLoadBalanceHalfHashFrontPanelTraffic (6077 ms)
[       OK ] warm_boot.HwLoadBalancerTestV6ToMpls.EcmpLoadBalanceHalfHashFrontPanelTraffic (4842 ms)
[       OK ] cold_boot.HwLoadBalancerTestV6ToMpls.UcmpLoadBalanceFullHashFrontPanelTraffic (6058 ms)
[       OK ] warm_boot.HwLoadBalancerTestV6ToMpls.UcmpLoadBalanceFullHashFrontPanelTraffic (4781 ms)
[       OK ] cold_boot.HwLoadBalancerTestV6ToMpls.UcmpLoadBalanceHalfHashFrontPanelTraffic (6105 ms)
[       OK ] warm_boot.HwLoadBalancerTestV6ToMpls.UcmpLoadBalanceHalfHashFrontPanelTraffic (4781 ms)
[       OK ] cold_boot.HwLoadBalancerTestV6ToMpls.ECMPShrinkExpandLoadBalanceFullHashCpuTraffic (15776 ms)
[       OK ] cold_boot.HwLoadBalancerTestV6ToMpls.ECMPShrinkExpandLoadBalanceHalfHashCpuTraffic (15710 ms)
[       OK ] cold_boot.HwLoadBalancerTestsV4InMplsPhp.EcmpLoadBalanceFullHashFrontPanelTraffic (6142 ms)
[       OK ] warm_boot.HwLoadBalancerTestsV4InMplsPhp.EcmpLoadBalanceFullHashFrontPanelTraffic (4824 ms)
[       OK ] cold_boot.HwLoadBalancerTestsV4InMplsPhp.EcmpLoadBalanceHalfHashFrontPanelTraffic (6131 ms)
[       OK ] warm_boot.HwLoadBalancerTestsV4InMplsPhp.EcmpLoadBalanceHalfHashFrontPanelTraffic (4926 ms)
[       OK ] cold_boot.HwLoadBalancerTestsV4InMplsPhp.UcmpLoadBalanceFullHashFrontPanelTraffic (6136 ms)
[       OK ] warm_boot.HwLoadBalancerTestsV4InMplsPhp.UcmpLoadBalanceFullHashFrontPanelTraffic (4805 ms)
[       OK ] cold_boot.HwLoadBalancerTestsV4InMplsPhp.UcmpLoadBalanceHalfHashFrontPanelTraffic (6123 ms)
[       OK ] warm_boot.HwLoadBalancerTestsV4InMplsPhp.UcmpLoadBalanceHalfHashFrontPanelTraffic (4861 ms)
[       OK ] cold_boot.HwLoadBalancerTestsV6InMplsPhp.EcmpLoadBalanceFullHashFrontPanelTraffic (6112 ms)
[       OK ] warm_boot.HwLoadBalancerTestsV6InMplsPhp.EcmpLoadBalanceFullHashFrontPanelTraffic (4813 ms)
[       OK ] cold_boot.HwLoadBalancerTestsV6InMplsPhp.EcmpLoadBalanceHalfHashFrontPanelTraffic (6089 ms)
[       OK ] warm_boot.HwLoadBalancerTestsV6InMplsPhp.EcmpLoadBalanceHalfHashFrontPanelTraffic (4847 ms)
[       OK ] cold_boot.HwLoadBalancerTestsV6InMplsPhp.UcmpLoadBalanceFullHashFrontPanelTraffic (6089 ms)
[       OK ] warm_boot.HwLoadBalancerTestsV6InMplsPhp.UcmpLoadBalanceFullHashFrontPanelTraffic (4880 ms)
[       OK ] cold_boot.HwLoadBalancerTestsV6InMplsPhp.UcmpLoadBalanceHalfHashFrontPanelTraffic (6141 ms)
[       OK ] warm_boot.HwLoadBalancerTestsV6InMplsPhp.UcmpLoadBalanceHalfHashFrontPanelTraffic (4894 ms)
[       OK ] cold_boot.HwLoadBalancerTestsV4InMplsSwap.EcmpLoadBalanceFullHashFrontPanelTraffic (6123 ms)
[       OK ] warm_boot.HwLoadBalancerTestsV4InMplsSwap.EcmpLoadBalanceFullHashFrontPanelTraffic (4879 ms)
[       OK ] cold_boot.HwLoadBalancerTestsV4InMplsSwap.EcmpLoadBalanceHalfHashFrontPanelTraffic (6135 ms)
[       OK ] warm_boot.HwLoadBalancerTestsV4InMplsSwap.EcmpLoadBalanceHalfHashFrontPanelTraffic (4927 ms)
[       OK ] cold_boot.HwLoadBalancerTestsV4InMplsSwap.UcmpLoadBalanceFullHashFrontPanelTraffic (6116 ms)
[       OK ] warm_boot.HwLoadBalancerTestsV4InMplsSwap.UcmpLoadBalanceFullHashFrontPanelTraffic (4857 ms)
[       OK ] cold_boot.HwLoadBalancerTestsV4InMplsSwap.UcmpLoadBalanceHalfHashFrontPanelTraffic (6170 ms)
[       OK ] warm_boot.HwLoadBalancerTestsV4InMplsSwap.UcmpLoadBalanceHalfHashFrontPanelTraffic (4910 ms)
[       OK ] cold_boot.HwLoadBalancerTestsV6InMplsSwap.EcmpLoadBalanceFullHashFrontPanelTraffic (6164 ms)
[       OK ] warm_boot.HwLoadBalancerTestsV6InMplsSwap.EcmpLoadBalanceFullHashFrontPanelTraffic (4893 ms)
[       OK ] cold_boot.HwLoadBalancerTestsV6InMplsSwap.EcmpLoadBalanceHalfHashFrontPanelTraffic (6122 ms)
[       OK ] warm_boot.HwLoadBalancerTestsV6InMplsSwap.EcmpLoadBalanceHalfHashFrontPanelTraffic (4911 ms)
[       OK ] cold_boot.HwLoadBalancerTestsV6InMplsSwap.UcmpLoadBalanceFullHashFrontPanelTraffic (6125 ms)
[       OK ] warm_boot.HwLoadBalancerTestsV6InMplsSwap.UcmpLoadBalanceFullHashFrontPanelTraffic (4919 ms)
[       OK ] cold_boot.HwLoadBalancerTestsV6InMplsSwap.UcmpLoadBalanceHalfHashFrontPanelTraffic (6112 ms)
[       OK ] warm_boot.HwLoadBalancerTestsV6InMplsSwap.UcmpLoadBalanceHalfHashFrontPanelTraffic (4805 ms)
[       OK ] cold_boot.HwOlympicQosTests.VerifyDscpQueueMappingFrontPanel (5858 ms)
[   FAILED ] warm_boot.HwOlympicQosTests.VerifyDscpQueueMappingFrontPanel (0 ms)
[       OK ] cold_boot.HwOlympicQosTests.VerifyDscpQueueMappingCpu (5835 ms)
[   FAILED ] warm_boot.HwOlympicQosTests.VerifyDscpQueueMappingCpu (0 ms)
[   FAILED ] cold_boot.HwOlympicQosSchedulerTest.VerifyWRR (0 ms)
[       OK ] cold_boot.HwOlympicQosSchedulerTest.VerifySP (5323 ms)
[       OK ] cold_boot.HwOlympicQosSchedulerTest.VerifyWRRAndICP (7386 ms)
[   FAILED ] warm_boot.HwOlympicQosSchedulerTest.VerifyWRRAndICP (0 ms)
[       OK ] cold_boot.HwOlympicQosSchedulerTest.VerifyWRRAndNC (7449 ms)
[   FAILED ] warm_boot.HwOlympicQosSchedulerTest.VerifyWRRAndNC (0 ms)
[       OK ] cold_boot.HwSendPacketToQueueTest.SendPacketOutOfPortToUCQueue (5661 ms)
[       OK ] warm_boot.HwSendPacketToQueueTest.SendPacketOutOfPortToUCQueue (4930 ms)
[       OK ] cold_boot.HwSendPacketToQueueTest.SendPacketOutOfPortToDefaultUCQueue (5695 ms)
[       OK ] warm_boot.HwSendPacketToQueueTest.SendPacketOutOfPortToDefaultUCQueue (4920 ms)
[       OK ] cold_boot.HwSendPacketToQueueTest.SendPacketSwitchedToDefaultUCQueue (5720 ms)
[       OK ] warm_boot.HwSendPacketToQueueTest.SendPacketSwitchedToDefaultUCQueue (4961 ms)
[       OK ] cold_boot.Hw2QueueToOlympicQoSTest.verifyDscpToQueueMappingCpu (6020 ms)
[   FAILED ] warm_boot.Hw2QueueToOlympicQoSTest.verifyDscpToQueueMappingCpu (0 ms)
[       OK ] cold_boot.Hw2QueueToOlympicQoSTest.verifyDscpToQueueMappingFrontPanel (6021 ms)
[   FAILED ] warm_boot.Hw2QueueToOlympicQoSTest.verifyDscpToQueueMappingFrontPanel (0 ms)
[       OK ] cold_boot.HwTrunkLoadBalancerTest.ECMPFullTrunkHalfHash4X3WideTrunksV6CpuTraffic (5462 ms)
[       OK ] cold_boot.HwTrunkLoadBalancerTest.ECMPFullTrunkHalfHash4X3WideTrunksV4CpuTraffic (5500 ms)
[       OK ] cold_boot.HwTrunkLoadBalancerTest.ECMPFullTrunkHalf4X3WideTrunksV6FrontPanelTraffic (5322 ms)
[       OK ] cold_boot.HwTrunkLoadBalancerTest.ECMPFullTrunkHalf4X3WideTrunksV4FrontPanelTraffic (5316 ms)
[       OK ] cold_boot.HwTrunkLoadBalancerTest.ECMPFullTrunkHalfHash4X2WideTrunksV6CpuTraffic (5448 ms)
[       OK ] cold_boot.HwTrunkLoadBalancerTest.ECMPFullTrunkHalfHash4X2WideTrunksV4CpuTraffic (5434 ms)
[       OK ] cold_boot.HwTrunkLoadBalancerTest.ECMPFullTrunkHalf4X2WideTrunksV6FrontPanelTraffic (5324 ms)
[       OK ] cold_boot.HwTrunkLoadBalancerTest.ECMPFullTrunkHalf4X2WideTrunksV4FrontPanelTraffic (5357 ms)
[       OK ] cold_boot.HwTrunkLoadBalancerTest.ECMPHalfTrunkFullHash4X3WideTrunksV6CpuTraffic (5487 ms)
[       OK ] cold_boot.HwTrunkLoadBalancerTest.ECMPHalfTrunkFullHash4X3WideTrunksV4CpuTraffic (5461 ms)
[       OK ] cold_boot.HwTrunkLoadBalancerTest.ECMPHalfTrunkFull4X3WideTrunksV6FrontPanelTraffic (5314 ms)
[       OK ] cold_boot.HwTrunkLoadBalancerTest.ECMPHalfTrunkFull4X3WideTrunksV4FrontPanelTraffic (5327 ms)
[       OK ] cold_boot.HwTrunkLoadBalancerTest.ECMPHalfTrunkFullHash4X2WideTrunksV6CpuTraffic (5483 ms)
[       OK ] cold_boot.HwTrunkLoadBalancerTest.ECMPHalfTrunkFullHash4X2WideTrunksV4CpuTraffic (5457 ms)
[       OK ] cold_boot.HwTrunkLoadBalancerTest.ECMPHalfTrunkFull4X2WideTrunksV6FrontPanelTraffic (5233 ms)
[       OK ] cold_boot.HwTrunkLoadBalancerTest.ECMPHalfTrunkFull4X2WideTrunksV4FrontPanelTraffic (5311 ms)
[       OK ] cold_boot.HwWatermarkTest.VerifyDefaultQueue (5705 ms)
[       OK ] warm_boot.HwWatermarkTest.VerifyDefaultQueue (4956 ms)
[       OK ] cold_boot.HwWatermarkTest.VerifyNonDefaultQueue (5666 ms)
[       OK ] warm_boot.HwWatermarkTest.VerifyNonDefaultQueue (4896 ms)
Summary:
   OK : 509
   FAILED : 39
   SKIPPED : 0
   TIMEOUT : 0

Full log: P134087997
