I0528 19:15:28.191061 29136 BcmPortGroup.cpp:133] Create BcmPortGroup with controlling port: 72, port group size: 4, laneMode:4.
I0528 19:15:28.191079 29136 BcmPortGroup.cpp:133] Create BcmPortGroup with controlling port: 76, port group size: 4, laneMode:4.
I0528 19:15:28.191093 29136 BcmPortGroup.cpp:133] Create BcmPortGroup with controlling port: 80, port group size: 4, laneMode:4.
I0528 19:15:28.191106 29136 BcmPortGroup.cpp:133] Create BcmPortGroup with controlling port: 84, port group size: 4, laneMode:4.
I0528 19:15:28.191121 29136 BcmPortGroup.cpp:133] Create BcmPortGroup with controlling port: 88, port group size: 4, laneMode:4.
I0528 19:15:28.191134 29136 BcmPortGroup.cpp:133] Create BcmPortGroup with controlling port: 92, port group size: 4, laneMode:4.
I0528 19:15:28.191147 29136 BcmPortGroup.cpp:133] Create BcmPortGroup with controlling port: 96, port group size: 4, laneMode:4.
I0528 19:15:28.191160 29136 BcmPortGroup.cpp:133] Create BcmPortGroup with controlling port: 102, port group size: 4, laneMode:4.
I0528 19:15:28.191178 29136 BcmPortGroup.cpp:133] Create BcmPortGroup with controlling port: 106, port group size: 4, laneMode:4.
I0528 19:15:28.191193 29136 BcmPortGroup.cpp:133] Create BcmPortGroup with controlling port: 110, port group size: 4, laneMode:4.
I0528 19:15:28.191212 29136 BcmPortGroup.cpp:133] Create BcmPortGroup with controlling port: 114, port group size: 4, laneMode:4.
I0528 19:15:28.191228 29136 BcmPortGroup.cpp:133] Create BcmPortGroup with controlling port: 118, port group size: 4, laneMode:4.
I0528 19:15:28.191242 29136 BcmPortGroup.cpp:133] Create BcmPortGroup with controlling port: 122, port group size: 4, laneMode:4.
I0528 19:15:28.191255 29136 BcmPortGroup.cpp:133] Create BcmPortGroup with controlling port: 126, port group size: 4, laneMode:4.
I0528 19:15:28.191270 29136 BcmPortGroup.cpp:133] Create BcmPortGroup with controlling port: 130, port group size: 4, laneMode:4.
I0528 19:15:28.328536 29136 HwSwitch.cpp:53]  HwSwitch run state changed to: INITIALIZED
I0528 19:15:28.328588 29136 ConfigFactory.cpp:310] PortToDefaultProfileIDMap has 128 ports
I0528 19:15:28.378479 29136 HwSwitch.cpp:53]  HwSwitch run state changed to: CONFIGURED
I0528 19:15:28.899782 29136 BcmSwitch.cpp:360] Destroying BcmSwitch
I0528 19:15:28.900927 29136 BcmQcmManager.cpp:225] Destroying Qcm Manager
I0528 19:15:28.900962 29136 BcmUnit.cpp:216]  [Exit] Initiating BRCM ASIC shutdown
I0528 19:15:30.705991 29136 BcmUnit.cpp:256] [Exit] Bcm shut down time 1.80499
[       OK ] cold_boot.BcmDeathTest.DieOnHostRouteWithEcmpNextHops (4366 ms)
[       OK ] cold_boot.BcmTest.chipColdBootDefaults (4222 ms)
[       OK ] cold_boot.BcmTest.fpGroupExists (4247 ms)
[       OK ] cold_boot.BcmTest.fpOnlyDesiredGrpsConfigured (4225 ms)
[       OK ] cold_boot.BcmTest.fpDesiredGrpsExist (4255 ms)
[       OK ] cold_boot.BcmTest.fpNoMissingOrQsetChangedGrpsPostInit (4244 ms)
[       OK ] cold_boot.BcmTest.onlyExpectedQueueStatsSeen (6963 ms)
[       OK ] warm_boot.BcmTest.onlyExpectedQueueStatsSeen (5228 ms)
[       OK ] cold_boot.BcmTest.VerifyDropEgress (5646 ms)
[       OK ] warm_boot.BcmTest.VerifyDropEgress (4427 ms)
[       OK ] cold_boot.BcmTest.addPortFails (4134 ms)
[       OK ] cold_boot.BcmTest.removePortFails (4230 ms)
[       OK ] cold_boot.BcmTest.validQosPolicyConfigWithRules (5225 ms)
[       OK ] cold_boot.BcmTest.validQosPolicyConfigWithRulesAndDifferentPolicyForPort (5237 ms)
[       OK ] cold_boot.BcmTest.expAndDscpQosMapDefaultQosPolicy (5210 ms)
[       OK ] cold_boot.BcmTest.dscpQosMapForPort (5200 ms)
[       OK ] cold_boot.BcmTest.expQosMapForPort (5248 ms)
[       OK ] cold_boot.BcmTest.validInterfaceConfig (4228 ms)
[       OK ] cold_boot.BcmTest.QsetCmp (4195 ms)
[       OK ] cold_boot.BcmTest.BcmAddsExtraQuals (4194 ms)
[       OK ] cold_boot.BcmAclCoppTest.CoppAcl (5777 ms)
[       OK ] warm_boot.BcmAclCoppTest.CoppAcl (4692 ms)
[       OK ] cold_boot.BcmAclCoppTest.CoppAclAddDelInterface (5701 ms)
[       OK ] warm_boot.BcmAclCoppTest.CoppAclAddDelInterface (4708 ms)
[       OK ] cold_boot.BcmAclCoppTest.CoppAclAddInterfaceAddr (5674 ms)
[       OK ] warm_boot.BcmAclCoppTest.CoppAclAddInterfaceAddr (4659 ms)
[       OK ] cold_boot.BcmAclCoppTest.CoppAclAddInterface (5713 ms)
[       OK ] warm_boot.BcmAclCoppTest.CoppAclAddInterface (4674 ms)
[       OK ] cold_boot.BcmAclUnitTests.AclDataMaskStateSame (0 ms)
[       OK ] cold_boot.BcmAclUnitTests.AclDataMaskStateSame2 (0 ms)
[       OK ] cold_boot.BcmAclUnitTests.AclModDataMaskStateSame (0 ms)
[       OK ] cold_boot.BcmAclUnitTests.AclArrayDataMaskStateSame (0 ms)
[       OK ] cold_boot.BcmAddDelEcmpTest.addDelRoutes (6687 ms)
[       OK ] warm_boot.BcmAddDelEcmpTest.addDelRoutes (5009 ms)
[       OK ] cold_boot.BcmBstStatsMgrTest.StatEnableDisable (5703 ms)
[       OK ] warm_boot.BcmBstStatsMgrTest.StatEnableDisable (4667 ms)
[       OK ] cold_boot.BcmControlPlaneTest.CosQueueUtils (4128 ms)
[       OK ] cold_boot.BcmControlPlaneTest.DefaultCPUQueuesCheckWithoutConfig (4224 ms)
[       OK ] cold_boot.BcmControlPlaneTest.ConfigCPUQueuesSetup (5866 ms)
[       OK ] warm_boot.BcmControlPlaneTest.ConfigCPUQueuesSetup (4505 ms)
[       OK ] cold_boot.BcmControlPlaneTest.ChangeCPULowQueueSettings (4229 ms)
[       OK ] cold_boot.BcmControlPlaneTest.DisableCPULowQueueSettings (4192 ms)
[       OK ] cold_boot.BcmControlPlaneTest.TestBcmAndCfgReasonConversions (4235 ms)
[       OK ] cold_boot.BcmControlPlaneTest.VerifyReasonToQueueMapping (5790 ms)
[       OK ] warm_boot.BcmControlPlaneTest.VerifyReasonToQueueMapping (4673 ms)
[       OK ] cold_boot.BcmControlPlaneTest.WriteOverReasonToQueue (5685 ms)
[       OK ] warm_boot.BcmControlPlaneTest.WriteOverReasonToQueue (4613 ms)
[       OK ] cold_boot.BcmQueueManagerCounterTest.SetupPortQueueCounters (4169 ms)
[       OK ] cold_boot.BcmQueueManagerCounterTest.SetupCPUQueueCounters (4259 ms)
[       OK ] cold_boot.BcmEcmpTest.SearchMissingEgressInECMP (6756 ms)
[       OK ] warm_boot.BcmEcmpTest.SearchMissingEgressInECMP (4762 ms)
[       OK ] cold_boot.BcmEcmpTest.UcmpShrink (5142 ms)
[       OK ] cold_boot.BcmEcmpTest.NativeUcmpFlag (5262 ms)
[       OK ] cold_boot.BcmEmptyEcmpTest.emptyEcmpRecoveryOnWarmboot (6357 ms)
[       OK ] warm_boot.BcmEmptyEcmpTest.emptyEcmpRecoveryOnWarmboot (4981 ms)
[       OK ] cold_boot.BcmHostKey.unResolvedNextHop (0 ms)
[       OK ] cold_boot.BcmHostKey.resolvedNextHop (0 ms)
[       OK ] cold_boot.BcmHostKey.labeledNextHopWithSwap (1 ms)
[       OK ] cold_boot.BcmHostKey.labeledNextHopWithPush (0 ms)
[       OK ] cold_boot.BcmHostKey.labeledNextHopWithPushOnlyOne (0 ms)
[       OK ] cold_boot.BcmHostKey.unLabeledNextHopWitForLabelForwarding (1 ms)
[       OK ] cold_boot.BcmHostKey.LabeledKeyStr (0 ms)
[       OK ] cold_boot.BcmHostTest.CreateV4AndV6L3Host (5824 ms)
[       OK ] warm_boot.BcmHostTest.CreateV4AndV6L3Host (4747 ms)
[       OK ] cold_boot.BcmHostTest.CreateInterfaceWithoutIp (5657 ms)
[       OK ] warm_boot.BcmHostTest.CreateInterfaceWithoutIp (4607 ms)
[       OK ] cold_boot.BcmHostTest.CreateInterfaceWithHostIp (5694 ms)
[       OK ] warm_boot.BcmHostTest.CreateInterfaceWithHostIp (4719 ms)
[       OK ] cold_boot.BcmHostTest.DeleteV4AndV6L3Host (5744 ms)
[       OK ] warm_boot.BcmHostTest.DeleteV4AndV6L3Host (4652 ms)
[       OK ] cold_boot.BcmHostTest.HostRouteLookupClassNotSet (4145 ms)
[       OK ] cold_boot.BcmInterfaceTest.InterfaceApplyConfig (6103 ms)
[       OK ] warm_boot.BcmInterfaceTest.InterfaceApplyConfig (4957 ms)
[       OK ] cold_boot.BcmInterfaceTest.fromJumboToNonJumboInterface (5684 ms)
[       OK ] warm_boot.BcmInterfaceTest.fromJumboToNonJumboInterface (4732 ms)
[       OK ] cold_boot.BcmInterfaceTest.checkMplsEnabled (5731 ms)
[       OK ] warm_boot.BcmInterfaceTest.checkMplsEnabled (4740 ms)
[       OK ] cold_boot.BcmLabeledEgressTest.labeledEgress (4207 ms)
[       OK ] cold_boot.BcmLabeledEgressTest.noLabeledEgress (4293 ms)
[       OK ] cold_boot.BcmLabeledEgressTest.LabeledEgressWithEcmp (4272 ms)
[       OK ] cold_boot.BcmLabeledEgressTest.labeledTunnelEgressWithEcmp (4288 ms)
[       OK ] cold_boot.BcmLabeledEgressTest.labeledTunnelEgressCommonTunnel (4300 ms)
[       OK ] cold_boot.BcmLabeledEgressTest.labeledTunnelEgressWithOneLabel (4289 ms)
[       OK ] cold_boot.BcmLabeledEgressTest.LabeledUnlabeledEgressWithEcmp (4286 ms)
[       OK ] cold_boot.BcmLabelSwitchActionTest.addLabelSwitchAction (5799 ms)
[       OK ] warm_boot.BcmLabelSwitchActionTest.addLabelSwitchAction (4698 ms)
[       OK ] cold_boot.BcmLabelSwitchActionTest.addLabelSwitchActionWithL3Routes (5731 ms)
[       OK ] warm_boot.BcmLabelSwitchActionTest.addLabelSwitchActionWithL3Routes (4700 ms)
[       OK ] cold_boot.BcmLabelSwitchActionTest.removeLabelSwitchAction (5725 ms)
[       OK ] warm_boot.BcmLabelSwitchActionTest.removeLabelSwitchAction (4706 ms)
[       OK ] cold_boot.BcmLabelForwardingTests.ValidLabelFIBDelta (4167 ms)
[       OK ] cold_boot.BcmLabelForwardingTests.InvalidLabelFIBDelta (4272 ms)
[       OK ] cold_boot.BcmLabelForwardingTests.ValidPushStack (4262 ms)
[       OK ] cold_boot.BcmLabelForwardingTests.InvalidPushStack (4296 ms)
[       OK ] cold_boot.BcmPfcTests.PfcDefaultProgramming (4244 ms)
[       OK ] cold_boot.BcmPfcTests.PfcRxDisabledTxDisabled (4238 ms)
[       OK ] cold_boot.BcmPfcTests.PfcRxEnabledTxDisabled (4218 ms)
[       OK ] cold_boot.BcmPfcTests.PfcRxDisabledTxEnabled (4225 ms)
[       OK ] cold_boot.BcmPfcTests.PfcRxEnabledTxEnabled (4228 ms)
[       OK ] cold_boot.BcmPfcTests.PfcWatchdogDefaultProgramming (4235 ms)
[       OK ] cold_boot.BcmPfcTests.PfcWatchdogProgramming (4247 ms)
[       OK ] cold_boot.BcmPfcTests.PfcWatchdogProgrammingSequence (4237 ms)
[       OK ] cold_boot.BcmPfcTests.PfcWatchdogGranularity1 (4251 ms)
[       OK ] cold_boot.BcmPfcTests.PfcWatchdogGranularity2 (4231 ms)
[       OK ] cold_boot.BcmPfcTests.PfcWatchdogGranularity3 (4191 ms)
[       OK ] cold_boot.BcmPfcTests.PfcWatchdogGranularity4 (4166 ms)
[       OK ] cold_boot.BcmPfcTests.PfcWatchdogGranularity5 (4097 ms)
[       OK ] cold_boot.BcmPfcTests.PfcWatchdogGranularity6 (4265 ms)
[       OK ] cold_boot.BcmPfcTests.PfcWatchdogDeadlockRecoveryAction (4232 ms)
[       OK ] cold_boot.BcmPfcTests.PfcWatchdogDeadlockRecoveryActionMismatch (4222 ms)
[       OK ] cold_boot.BcmPortQueueManagerTest.DefaultPortQueuesCheckWithoutConfig (5795 ms)
[       OK ] warm_boot.BcmPortQueueManagerTest.DefaultPortQueuesCheckWithoutConfig (4642 ms)
[       OK ] cold_boot.BcmPortQueueManagerTest.ConfigPortQueuesSetup (5666 ms)
[       OK ] warm_boot.BcmPortQueueManagerTest.ConfigPortQueuesSetup (4580 ms)
[       OK ] cold_boot.BcmPortQueueManagerTest.ChangeQueue0Settings (4145 ms)
[       OK ] cold_boot.BcmPortQueueManagerTest.ClearPortQueueSettings (5786 ms)
[       OK ] warm_boot.BcmPortQueueManagerTest.ClearPortQueueSettings (4692 ms)
[       OK ] cold_boot.BcmPortQueueManagerTest.ChangePortQueueAQM (4149 ms)
[       OK ] cold_boot.BcmPortQueueManagerTest.InternalPriorityMappings (4258 ms)
[       OK ] cold_boot.BcmPortQueueManagerTest.InternalPriorityMappingsOverride (4286 ms)
[       OK ] cold_boot.BcmPortIngressBufferManagerTest.validateConfig (4112 ms)
[       OK ] cold_boot.BcmPortIngressBufferManagerTest.validateConfigReset (4153 ms)
[       OK ] cold_boot.BcmPortIngressBufferManagerTest.validateIngressPoolParamChange (4233 ms)
[       OK ] cold_boot.BcmPortIngressBufferManagerTest.validatePGParamChange (4234 ms)
[       OK ] cold_boot.BcmPortIngressBufferManagerTest.validatePGQueueChanges (4247 ms)
[       OK ] cold_boot.BcmPortIngressBufferManagerTest.validateLossyMode (4206 ms)
[       OK ] cold_boot.BcmPortIngressBufferManagerTest.validatePgNoPfc (4243 ms)
[       OK ] cold_boot.BcmPortIngressBufferManagerTest.validateHighBufferValues (4235 ms)
[       OK ] cold_boot.BcmPortTest.PortApplyConfig (5783 ms)
[       OK ] warm_boot.BcmPortTest.PortApplyConfig (4681 ms)
[       OK ] cold_boot.BcmPortTest.PortSflowConfig (5687 ms)
[       OK ] warm_boot.BcmPortTest.PortSflowConfig (4669 ms)
[       OK ] cold_boot.BcmPortTest.PortLoopbackMode (5691 ms)
[       OK ] warm_boot.BcmPortTest.PortLoopbackMode (4654 ms)
[       OK ] cold_boot.BcmPortTest.PortLoopbackModeMAC40G (4167 ms)
[       OK ] cold_boot.BcmPortTest.PortLoopbackModePHY40G (5613 ms)
[       OK ] warm_boot.BcmPortTest.PortLoopbackModePHY40G (4772 ms)
[       OK ] cold_boot.BcmPortTest.PortLoopbackModeMAC100G (5720 ms)
[       OK ] warm_boot.BcmPortTest.PortLoopbackModeMAC100G (4744 ms)
[       OK ] cold_boot.BcmPortTest.PortLoopbackModePHY100G (5715 ms)
[       OK ] warm_boot.BcmPortTest.PortLoopbackModePHY100G (4682 ms)
[       OK ] cold_boot.BcmPortTest.SampleDestination (5687 ms)
[       OK ] warm_boot.BcmPortTest.SampleDestination (4656 ms)
[       OK ] cold_boot.BcmPortTest.NoSampleDestinationSet (5691 ms)
[       OK ] warm_boot.BcmPortTest.NoSampleDestinationSet (4758 ms)
[       OK ] cold_boot.BcmPortTest.IngressMirror (5709 ms)
[       OK ] warm_boot.BcmPortTest.IngressMirror (4714 ms)
[       OK ] cold_boot.BcmPortTest.EgressMirror (5736 ms)
[       OK ] warm_boot.BcmPortTest.EgressMirror (4674 ms)
[       OK ] cold_boot.BcmPortTest.SampleDestinationMirror (5719 ms)
[       OK ] warm_boot.BcmPortTest.SampleDestinationMirror (4755 ms)
[       OK ] cold_boot.BcmPortTest.SampleDestinationCpu (5683 ms)
[       OK ] warm_boot.BcmPortTest.SampleDestinationCpu (4679 ms)
[       OK ] cold_boot.BcmPortTest.AssertL3Enabled (6483 ms)
[       OK ] warm_boot.BcmPortTest.AssertL3Enabled (4925 ms)
[       OK ] cold_boot.BcmPortStressTest.statEnableLoop (8928 ms)
[       OK ] warm_boot.BcmPortStressTest.statEnableLoop (6948 ms)
[       OK ] cold_boot.BcmQosPolicyTest.QosPolicyCreate (5699 ms)
[       OK ] warm_boot.BcmQosPolicyTest.QosPolicyCreate (4716 ms)
[       OK ] cold_boot.BcmQosPolicyTest.QosPolicyCreateMultiple (5725 ms)
[       OK ] warm_boot.BcmQosPolicyTest.QosPolicyCreateMultiple (4714 ms)
[       OK ] cold_boot.BcmQosPolicyTest.QosPolicyDelete (5754 ms)
[       OK ] warm_boot.BcmQosPolicyTest.QosPolicyDelete (4726 ms)
[       OK ] cold_boot.BcmQosPolicyTest.QosPolicyModify (6527 ms)
[       OK ] warm_boot.BcmQosPolicyTest.QosPolicyModify (4712 ms)
[       OK ] cold_boot.BcmQosPolicyTest.QosPolicyInvalidQueueId (4216 ms)
[       OK ] cold_boot.BcmQosPolicyTest.QosPolicyInvalidDscp (4279 ms)
[       OK ] cold_boot.BcmQosPolicyTest.QosPolicyDefault (5846 ms)
[       OK ] warm_boot.BcmQosPolicyTest.QosPolicyDefault (4746 ms)
[       OK ] cold_boot.BcmQosPolicyTest.QosPolicyRemoveDefault (5767 ms)
[       OK ] warm_boot.BcmQosPolicyTest.QosPolicyRemoveDefault (4701 ms)
[       OK ] cold_boot.BcmQosPolicyTest.QosPolicyOverrideDefault (5748 ms)
[       OK ] warm_boot.BcmQosPolicyTest.QosPolicyOverrideDefault (4631 ms)
[       OK ] cold_boot.BcmQosPolicyTest.QosPolicyCPU (5741 ms)
[       OK ] warm_boot.BcmQosPolicyTest.QosPolicyCPU (4504 ms)
[       OK ] cold_boot.BcmQosPolicyTest.QosPolicyCPURemove (5693 ms)
[       OK ] warm_boot.BcmQosPolicyTest.QosPolicyCPURemove (4682 ms)
[       OK ] cold_boot.BcmQosPolicyTest.QosPolicySdkAssertions (4086 ms)
[       OK ] cold_boot.BcmQosPolicyTest.QosPolicyConfigMigrate (5831 ms)
[       OK ] warm_boot.BcmQosPolicyTest.QosPolicyConfigMigrate (4745 ms)
[       OK ] cold_boot.BcmQosMapTest.BcmNumberOfQoSMaps (5690 ms)
[       OK ] warm_boot.BcmQosMapTest.BcmNumberOfQoSMaps (4709 ms)
[       OK ] cold_boot.BcmQosMapTest.BcmDscpMapWithRules (5732 ms)
[       OK ] warm_boot.BcmQosMapTest.BcmDscpMapWithRules (4667 ms)
[       OK ] cold_boot.BcmQosMapTest.PfcMapsRemovePolicy (4111 ms)
[       OK ] cold_boot.BcmQosMapTest.PfcMapsReset (4989 ms)
[       OK ] cold_boot.BcmQosMapTest.BcmAllQosMapsWithPfcMaps (4052 ms)
[       OK ] cold_boot.BcmQosMapTest.BcmAllQosMaps (5820 ms)
[       OK ] warm_boot.BcmQosMapTest.BcmAllQosMaps (4466 ms)
[       OK ] cold_boot.BcmRtag7Test.programLoadBalancerMap (5730 ms)
[       OK ] warm_boot.BcmRtag7Test.programLoadBalancerMap (4619 ms)
[       OK ] cold_boot.BcmRtag7Test.programMPLSLoadBalancer (5740 ms)
[       OK ] warm_boot.BcmRtag7Test.programMPLSLoadBalancer (4577 ms)
[       OK ] cold_boot.BcmRouteTest.AddRoutesAndCountPrintCheckToCPU (6232 ms)
[       OK ] warm_boot.BcmRouteTest.AddRoutesAndCountPrintCheckToCPU (5097 ms)
[       OK ] cold_boot.BcmRouteTest.AddV4NonHostRoute (5796 ms)
[       OK ] warm_boot.BcmRouteTest.AddV4NonHostRoute (4845 ms)
[       OK ] cold_boot.BcmRouteTest.AddV4HostRoute (5826 ms)
[       OK ] warm_boot.BcmRouteTest.AddV4HostRoute (4826 ms)
[       OK ] cold_boot.BcmRouteTest.AddV6NonHostRoute (5854 ms)
[       OK ] warm_boot.BcmRouteTest.AddV6NonHostRoute (4848 ms)
[       OK ] cold_boot.BcmRouteTest.AddV6HostRoute (5874 ms)
[       OK ] warm_boot.BcmRouteTest.AddV6HostRoute (4881 ms)
[       OK ] cold_boot.BcmRouteTest.RemoveHWNonexistentNonHostRoute (5714 ms)
[       OK ] warm_boot.BcmRouteTest.RemoveHWNonexistentNonHostRoute (4737 ms)
[       OK ] cold_boot.BcmRouteTest.HostRouteStat (4178 ms)
[       OK ] cold_boot.BcmRouteTest.LpmRouteV6Stat128b (4304 ms)
[       OK ] cold_boot.BcmRouteTest.BcmHostReference (4281 ms)
[       OK ] cold_boot.BcmRouteTest.EgressUpdateOnHostRouteUpdateOneHopToManyHops (5799 ms)
[       OK ] warm_boot.BcmRouteTest.EgressUpdateOnHostRouteUpdateOneHopToManyHops (4688 ms)
[       OK ] cold_boot.BcmRouteTest.UnresolveResolveNextHop (4145 ms)
[       OK ] cold_boot.BcmRouteHostReferenceTest.AddRouteAndCheckHostReference (5771 ms)
[       OK ] warm_boot.BcmRouteHostReferenceTest.AddRouteAndCheckHostReference (4658 ms)
[       OK ] cold_boot.BcmRouteHostReferenceTest.AddRoutesWithDistinctNextHopsAndCheckHostReference (5653 ms)
[       OK ] warm_boot.BcmRouteHostReferenceTest.AddRoutesWithDistinctNextHopsAndCheckHostReference (4742 ms)
[       OK ] cold_boot.BcmRouteHostReferenceTest.AddRoutesWithSharedNextHopsAndCheckHostReference (5675 ms)
[       OK ] warm_boot.BcmRouteHostReferenceTest.AddRoutesWithSharedNextHopsAndCheckHostReference (4705 ms)
[       OK ] cold_boot.BcmRouteHostReferenceTest.DeleteRoutesAndCheckHostReference (5697 ms)
[       OK ] warm_boot.BcmRouteHostReferenceTest.DeleteRoutesAndCheckHostReference (4672 ms)
[       OK ] cold_boot.BcmRouteHostReferenceTest.AddRouteAndCheckInvalidHostReference (5669 ms)
[       OK ] warm_boot.BcmRouteHostReferenceTest.AddRouteAndCheckInvalidHostReference (4605 ms)
[       OK ] cold_boot.BcmRouteHostReferenceTest.AddNoRoutesAndCheckDefaultHostReference (5667 ms)
[       OK ] warm_boot.BcmRouteHostReferenceTest.AddNoRoutesAndCheckDefaultHostReference (4691 ms)
[       OK ] cold_boot.BcmTrunkTest.findTrunkApiChecks (6263 ms)
[       OK ] warm_boot.BcmTrunkTest.findTrunkApiChecks (5237 ms)
[       OK ] cold_boot.BcmTrunkTest.packetSendReceiveSrcPort (7481 ms)
[       OK ] warm_boot.BcmTrunkTest.packetSendReceiveSrcPort (6133 ms)
[       OK ] cold_boot.BcmUnitTests.FlexportCalculate (7 ms)
[       OK ] cold_boot.BcmMultiAqmProfileTest.verifyWred (5846 ms)
[       OK ] warm_boot.BcmMultiAqmProfileTest.verifyWred (5035 ms)
[       OK ] cold_boot.BcmMultiAqmProfileTest.verifyEcn (5991 ms)
[       OK ] warm_boot.BcmMultiAqmProfileTest.verifyEcn (4923 ms)
[       OK ] cold_boot.BcmQcmDataTest.VerifyMonitorQcmCfgPortOnly (4795 ms)
[       OK ] cold_boot.BcmQcmDataTest.VerifyPortMonitoringPriorityPortsConfigured (4909 ms)
[       OK ] cold_boot.BcmQcmDataTest.VerifyPortMonitoringNoneConfigured (4904 ms)
[       OK ] cold_boot.BcmQcmDataTest.VerifyQcmFirmwareInit (4907 ms)
[       OK ] cold_boot.BcmQcmDataTest.FlowLearningPolicer (4891 ms)
[       OK ] cold_boot.BcmQcmDataTest.FlowLearning (4893 ms)
[       OK ] cold_boot.BcmQcmDataTest.MultiFlows (4916 ms)
[       OK ] cold_boot.BcmQcmDataTest.RestrictFlowLearning (4903 ms)
[       OK ] cold_boot.BcmQcmDataTest.VerifyQcmStartStop (4905 ms)
[       OK ] cold_boot.BcmQcmDataTest.VerifyQcmStartStopPddcMode (4923 ms)
[       OK ] cold_boot.BcmQcmDataTest.VerifyQcmPddcModeScanIntervalZero (4873 ms)
[       OK ] cold_boot.HwEcmpTest.L2ResolveOneNhopThenLinkDownThenUp (6777 ms)
[       OK ] warm_boot.HwEcmpTest.L2ResolveOneNhopThenLinkDownThenUp (4810 ms)
[       OK ] cold_boot.HwEcmpTest.ecmpToDropToEcmp (5121 ms)
[       OK ] cold_boot.HwEcmpTest.L2ResolveOneNhopThenLinkDownThenUpThenL2ResolveNhop (6763 ms)
[       OK ] warm_boot.HwEcmpTest.L2ResolveOneNhopThenLinkDownThenUpThenL2ResolveNhop (4782 ms)
[       OK ] cold_boot.HwEcmpTest.L2UnresolvedNhopsECMPInHWEmpty (6640 ms)
[       OK ] warm_boot.HwEcmpTest.L2UnresolvedNhopsECMPInHWEmpty (4736 ms)
[       OK ] cold_boot.HwEcmpTest.UcmpOverflowZero (6666 ms)
[       OK ] warm_boot.HwEcmpTest.UcmpOverflowZero (4790 ms)
[       OK ] cold_boot.HwEcmpTest.UcmpOverflowZeroNotEnoughToRoundUp (6707 ms)
[       OK ] warm_boot.HwEcmpTest.UcmpOverflowZeroNotEnoughToRoundUp (4638 ms)
[       OK ] cold_boot.HwEcmpTest.ResolvePendingResolveNexthop (6440 ms)
[       OK ] warm_boot.HwEcmpTest.ResolvePendingResolveNexthop (4771 ms)
[       OK ] cold_boot.HwEcmpTest.UcmpL2ResolveAllNhopsInThenLinkDown (5121 ms)
[       OK ] cold_boot.HwEcmpTest.UcmpL2ResolveBothNhopsInThenLinkFlap (5248 ms)
[       OK ] cold_boot.HwWideEcmpTest.WideUcmpUnderflow (5270 ms)
[       OK ] cold_boot.HwWideEcmpTest.WideUcmpCheckMultipleSlotUnderflow (5261 ms)
[       OK ] cold_boot.HwFlexPortTest.FlexPortTWOX50G (5806 ms)
[       OK ] warm_boot.HwFlexPortTest.FlexPortTWOX50G (4753 ms)
[       OK ] cold_boot.HwFlexPortTest.FlexPortFOURX10G (5800 ms)
[       OK ] warm_boot.HwFlexPortTest.FlexPortFOURX10G (4737 ms)
[       OK ] cold_boot.HwFlexPortTest.FlexPortFOURX25G (5808 ms)
[       OK ] warm_boot.HwFlexPortTest.FlexPortFOURX25G (4756 ms)
[       OK ] cold_boot.HwFlexPortTest.FlexPortONEX40G (5701 ms)
[       OK ] warm_boot.HwFlexPortTest.FlexPortONEX40G (4724 ms)
[       OK ] cold_boot.HwFlexPortTest.FlexPortONEX100G (5697 ms)
[       OK ] warm_boot.HwFlexPortTest.FlexPortONEX100G (4652 ms)
[       OK ] cold_boot.HwEcmpTrunkTest.TrunkNotRemovedFromEcmpWithMinLinks (6632 ms)
[       OK ] warm_boot.HwEcmpTrunkTest.TrunkNotRemovedFromEcmpWithMinLinks (4751 ms)
[       OK ] cold_boot.HwEcmpTrunkTest.TrunkMemberRemoveWithRouteTest (6652 ms)
[       OK ] warm_boot.HwEcmpTrunkTest.TrunkMemberRemoveWithRouteTest (4738 ms)
[       OK ] cold_boot.HwEcmpTrunkTest.TrunkL2ResolveNhopThenLinkAndLACPDownThenUpThenStateUp (6655 ms)
[       OK ] warm_boot.HwEcmpTrunkTest.TrunkL2ResolveNhopThenLinkAndLACPDownThenUpThenStateUp (4734 ms)
[       OK ] cold_boot.HwEcmpTrunkTest.TrunkL2ResolveNhopThenLinkDownThenUpThenStateUp (6661 ms)
[       OK ] warm_boot.HwEcmpTrunkTest.TrunkL2ResolveNhopThenLinkDownThenUpThenStateUp (4747 ms)
[       OK ] cold_boot.HwEcmpTrunkTest.TrunkL2ResolveNhopThenLinkAndLACPDownThenUpBeforeReinit (6634 ms)
[       OK ] warm_boot.HwEcmpTrunkTest.TrunkL2ResolveNhopThenLinkAndLACPDownThenUpBeforeReinit (4762 ms)
[       OK ] cold_boot.HwEcmpTrunkTest.TrunkL2ResolveNhopThenLinkUpDownUpBeforeReinit (6660 ms)
[       OK ] warm_boot.HwEcmpTrunkTest.TrunkL2ResolveNhopThenLinkUpDownUpBeforeReinit (4736 ms)
[       OK ] cold_boot.HwRouteScaleTest.rswRouteScale (4161 ms)
[       OK ] cold_boot.HwRouteScaleTest.fswRouteScale (4208 ms)
[       OK ] cold_boot.HwRouteScaleTest.thAlpmScale (4228 ms)
[       OK ] cold_boot.HwRouteScaleTest.hgridDuScaleTest (4249 ms)
[       OK ] cold_boot.HwRouteScaleTest.hgridUuScaleTest (4222 ms)
[       OK ] cold_boot.HwRouteScaleTest.turboFabricScaleTest (4258 ms)
[       OK ] cold_boot.HwTrunkTest.TrunkCreateHighLowKeyIds (5723 ms)
[       OK ] warm_boot.HwTrunkTest.TrunkCreateHighLowKeyIds (4707 ms)
[       OK ] cold_boot.HwTrunkTest.TrunkCheckIngressPktAggPort (5722 ms)
[       OK ] warm_boot.HwTrunkTest.TrunkCheckIngressPktAggPort (4575 ms)
[       OK ] cold_boot.HwTrunkTest.TrunkMemberPortDownMinLinksViolated (5743 ms)
[       OK ] warm_boot.HwTrunkTest.TrunkMemberPortDownMinLinksViolated (4575 ms)
[       OK ] cold_boot.HwTrunkTest.TrunkPortStatsWithMplsPush (6223 ms)
[       OK ] warm_boot.HwTrunkTest.TrunkPortStatsWithMplsPush (5165 ms)
[       OK ] cold_boot.HwTrunkTest.TrunkPortStats (6210 ms)
[       OK ] warm_boot.HwTrunkTest.TrunkPortStats (5172 ms)
[       OK ] cold_boot.HwVlanTest.VlanApplyConfig (5695 ms)
[       OK ] warm_boot.HwVlanTest.VlanApplyConfig (4732 ms)
[       OK ] cold_boot.HwL2ClassIDTest.VerifyClassID (5793 ms)
[       OK ] warm_boot.HwL2ClassIDTest.VerifyClassID (4755 ms)
[       OK ] cold_boot.HwAclMatchActionsTest.AddTrafficPolicy (5658 ms)
[       OK ] warm_boot.HwAclMatchActionsTest.AddTrafficPolicy (4723 ms)
[       OK ] cold_boot.HwAclMatchActionsTest.SetDscpMatchAction (5687 ms)
[       OK ] warm_boot.HwAclMatchActionsTest.SetDscpMatchAction (4730 ms)
[       OK ] cold_boot.HwAclMatchActionsTest.AddSameMatcherTwice (5653 ms)
[       OK ] warm_boot.HwAclMatchActionsTest.AddSameMatcherTwice (4720 ms)
[       OK ] cold_boot.HwAclMatchActionsTest.AddMultipleActions (5691 ms)
[       OK ] warm_boot.HwAclMatchActionsTest.AddMultipleActions (4694 ms)
[       OK ] cold_boot.HwAclMatchActionsTest.AddRemoveActions (5688 ms)
[       OK ] warm_boot.HwAclMatchActionsTest.AddRemoveActions (4685 ms)
[       OK ] cold_boot.HwAclMatchActionsTest.AddTrafficPolicyMultipleRemoveOne (5678 ms)
[       OK ] warm_boot.HwAclMatchActionsTest.AddTrafficPolicyMultipleRemoveOne (4789 ms)
[       OK ] cold_boot.HwAclPriorityTest.CheckAclPriorityOrder (5680 ms)
[       OK ] warm_boot.HwAclPriorityTest.CheckAclPriorityOrder (4677 ms)
[       OK ] cold_boot.HwAclPriorityTest.CheckAclPriortyOrderInsertMiddle (5643 ms)
[       OK ] warm_boot.HwAclPriorityTest.CheckAclPriortyOrderInsertMiddle (4543 ms)
[       OK ] cold_boot.HwAclPriorityTest.AclNameChange (5648 ms)
[       OK ] warm_boot.HwAclPriorityTest.AclNameChange (4547 ms)
[       OK ] cold_boot.HwAclQualifierTest.AclIp4TcpQualifiers (5713 ms)
[       OK ] warm_boot.HwAclQualifierTest.AclIp4TcpQualifiers (4703 ms)
[       OK ] cold_boot.HwAclQualifierTest.AclIp6TcpQualifiers (5702 ms)
[       OK ] warm_boot.HwAclQualifierTest.AclIp6TcpQualifiers (4731 ms)
[       OK ] cold_boot.HwAclQualifierTest.AclIcmp4Qualifiers (5659 ms)
[       OK ] warm_boot.HwAclQualifierTest.AclIcmp4Qualifiers (4672 ms)
[       OK ] cold_boot.HwAclQualifierTest.AclIcmp6Qualifiers (5699 ms)
[       OK ] warm_boot.HwAclQualifierTest.AclIcmp6Qualifiers (4684 ms)
[       OK ] cold_boot.HwAclQualifierTest.AclRemove (5718 ms)
[       OK ] warm_boot.HwAclQualifierTest.AclRemove (4693 ms)
[       OK ] cold_boot.HwAclQualifierTest.AclModifyQualifier (5516 ms)
[       OK ] warm_boot.HwAclQualifierTest.AclModifyQualifier (4754 ms)
[       OK ] cold_boot.HwAclQualifierTest.AclEmptyCodeIcmp (5505 ms)
[       OK ] warm_boot.HwAclQualifierTest.AclEmptyCodeIcmp (4732 ms)
[       OK ] cold_boot.HwAclQualifierTest.AclIp4Qualifiers (5697 ms)
[       OK ] warm_boot.HwAclQualifierTest.AclIp4Qualifiers (4739 ms)
[       OK ] cold_boot.HwAclQualifierTest.AclIp6Qualifiers (5650 ms)
[       OK ] warm_boot.HwAclQualifierTest.AclIp6Qualifiers (4645 ms)
[       OK ] cold_boot.HwAclQualifierTest.AclIp4LookupClassL2 (5671 ms)
[       OK ] warm_boot.HwAclQualifierTest.AclIp4LookupClassL2 (4661 ms)
[       OK ] cold_boot.HwAclQualifierTest.AclIp4LookupClassNeighbor (5681 ms)
[       OK ] warm_boot.HwAclQualifierTest.AclIp4LookupClassNeighbor (4714 ms)
[       OK ] cold_boot.HwAclQualifierTest.AclIp4LookupClassRoute (5679 ms)
[       OK ] warm_boot.HwAclQualifierTest.AclIp4LookupClassRoute (4634 ms)
[       OK ] cold_boot.HwAclQualifierTest.AclIp6LookupClassL2 (5685 ms)
[       OK ] warm_boot.HwAclQualifierTest.AclIp6LookupClassL2 (4653 ms)
[       OK ] cold_boot.HwAclQualifierTest.AclIp6LookupClassNeighbor (5681 ms)
[       OK ] warm_boot.HwAclQualifierTest.AclIp6LookupClassNeighbor (4721 ms)
[       OK ] cold_boot.HwAclQualifierTest.AclIp6LookupClassRoute (5679 ms)
[       OK ] warm_boot.HwAclQualifierTest.AclIp6LookupClassRoute (4697 ms)
[       OK ] cold_boot.HwAclStatTest.AclStatCreate (5722 ms)
[       OK ] warm_boot.HwAclStatTest.AclStatCreate (4734 ms)
[       OK ] cold_boot.HwAclStatTest.AclStatMultipleCounters (5684 ms)
[       OK ] warm_boot.HwAclStatTest.AclStatMultipleCounters (4766 ms)
[       OK ] cold_boot.HwAclStatTest.AclStatChangeCounterType (5684 ms)
[       OK ] warm_boot.HwAclStatTest.AclStatChangeCounterType (4802 ms)
[       OK ] cold_boot.HwAclStatTest.AclStatCreateShared (5727 ms)
[       OK ] warm_boot.HwAclStatTest.AclStatCreateShared (4667 ms)
[       OK ] cold_boot.HwAclStatTest.AclStatCreateMultiple (5666 ms)
[       OK ] warm_boot.HwAclStatTest.AclStatCreateMultiple (4540 ms)
[       OK ] cold_boot.HwAclStatTest.AclStatMultipleActions (5677 ms)
[       OK ] warm_boot.HwAclStatTest.AclStatMultipleActions (4700 ms)
[       OK ] cold_boot.HwAclStatTest.AclStatDelete (5686 ms)
[       OK ] warm_boot.HwAclStatTest.AclStatDelete (4699 ms)
[       OK ] cold_boot.HwAclStatTest.AclStatDeleteShared (5653 ms)
[       OK ] warm_boot.HwAclStatTest.AclStatDeleteShared (4706 ms)
[       OK ] cold_boot.HwAclStatTest.AclStatRename (5651 ms)
[       OK ] warm_boot.HwAclStatTest.AclStatRename (4758 ms)
[       OK ] cold_boot.HwAclStatTest.AclStatRenameShared (5692 ms)
[       OK ] warm_boot.HwAclStatTest.AclStatRenameShared (4712 ms)
[       OK ] cold_boot.HwAclStatTest.AclStatCreateSameTwice (4170 ms)
[       OK ] cold_boot.HwAclStatTest.AclStatDeleteNonExistent (4118 ms)
[       OK ] cold_boot.HwAclStatTest.AclStatModify (5754 ms)
[       OK ] warm_boot.HwAclStatTest.AclStatModify (4548 ms)
[       OK ] cold_boot.HwAclStatTest.AclStatShuffle (5679 ms)
[       OK ] warm_boot.HwAclStatTest.AclStatShuffle (4687 ms)
[       OK ] cold_boot.HwAclStatTest.StatNumberOfCounters (5698 ms)
[       OK ] warm_boot.HwAclStatTest.StatNumberOfCounters (4706 ms)
[       OK ] cold_boot.HwAclStatTest.EmptyAclCheck (5663 ms)
[       OK ] warm_boot.HwAclStatTest.EmptyAclCheck (4670 ms)
[       OK ] cold_boot.HwDiagShellStressTest.stressDiagCmds (6823 ms)
[       OK ] warm_boot.HwDiagShellStressTest.stressDiagCmds (4770 ms)
[   FAILED ] cold_boot.HwPortLedTest.TestLed (0 ms)
[   FAILED ] warm_boot.HwPortLedTest.TestLed (0 ms)
[       OK ] cold_boot.HwTest_PROFILE_10G_1_NRZ_NOFEC_COPPER.TestProfile (5908 ms)
[       OK ] warm_boot.HwTest_PROFILE_10G_1_NRZ_NOFEC_COPPER.TestProfile (4802 ms)
[       OK ] cold_boot.HwTest_PROFILE_10G_1_NRZ_NOFEC_OPTICAL.TestProfile (5857 ms)
[       OK ] warm_boot.HwTest_PROFILE_10G_1_NRZ_NOFEC_OPTICAL.TestProfile (4771 ms)
[       OK ] cold_boot.HwTest_PROFILE_25G_1_NRZ_NOFEC_COPPER.TestProfile (5843 ms)
[       OK ] warm_boot.HwTest_PROFILE_25G_1_NRZ_NOFEC_COPPER.TestProfile (4769 ms)
[       OK ] cold_boot.HwTest_PROFILE_25G_1_NRZ_CL74_COPPER.TestProfile (5861 ms)
[       OK ] warm_boot.HwTest_PROFILE_25G_1_NRZ_CL74_COPPER.TestProfile (4757 ms)
[  SKIPPED ] HwTest_PROFILE_25G_1_NRZ_RS528_COPPER.TestProfile (4127 ms)
[       OK ] cold_boot.HwTest_PROFILE_40G_4_NRZ_NOFEC_COPPER.TestProfile (5833 ms)
[       OK ] warm_boot.HwTest_PROFILE_40G_4_NRZ_NOFEC_COPPER.TestProfile (4753 ms)
[       OK ] cold_boot.HwTest_PROFILE_40G_4_NRZ_NOFEC_OPTICAL.TestProfile (5703 ms)
[       OK ] warm_boot.HwTest_PROFILE_40G_4_NRZ_NOFEC_OPTICAL.TestProfile (4746 ms)
[       OK ] cold_boot.HwTest_PROFILE_50G_2_NRZ_NOFEC_COPPER.TestProfile (5810 ms)
[       OK ] warm_boot.HwTest_PROFILE_50G_2_NRZ_NOFEC_COPPER.TestProfile (4828 ms)
[       OK ] cold_boot.HwTest_PROFILE_50G_2_NRZ_CL74_COPPER.TestProfile (5781 ms)
[       OK ] warm_boot.HwTest_PROFILE_50G_2_NRZ_CL74_COPPER.TestProfile (4749 ms)
[  SKIPPED ] HwTest_PROFILE_50G_2_NRZ_RS528_COPPER.TestProfile (4133 ms)
[  SKIPPED ] HwTest_PROFILE_100G_4_NRZ_RS528_COPPER.TestProfile (4239 ms)
[  SKIPPED ] HwTest_PROFILE_100G_4_NRZ_RS528_OPTICAL.TestProfile (4213 ms)
[       OK ] cold_boot.HwTest_PROFILE_100G_4_NRZ_CL91_COPPER.TestProfile (5821 ms)
[       OK ] warm_boot.HwTest_PROFILE_100G_4_NRZ_CL91_COPPER.TestProfile (4734 ms)
[       OK ] cold_boot.HwTest_PROFILE_100G_4_NRZ_CL91_OPTICAL.TestProfile (5702 ms)
[       OK ] warm_boot.HwTest_PROFILE_100G_4_NRZ_CL91_OPTICAL.TestProfile (4717 ms)
[   FAILED ] cold_boot.HwTest_PROFILE_25G_1_NRZ_NOFEC_OPTICAL.TestProfile (0 ms)
[   FAILED ] warm_boot.HwTest_PROFILE_25G_1_NRZ_NOFEC_OPTICAL.TestProfile (0 ms)
[   FAILED ] cold_boot.HwTest_PROFILE_50G_2_NRZ_NOFEC_OPTICAL.TestProfile (0 ms)
[   FAILED ] warm_boot.HwTest_PROFILE_50G_2_NRZ_NOFEC_OPTICAL.TestProfile (0 ms)
[  SKIPPED ] HwTest_PROFILE_100G_4_NRZ_NOFEC_COPPER.TestProfile (4145 ms)
[  SKIPPED ] HwTest_PROFILE_200G_4_PAM4_RS544X2N_COPPER.TestProfile (4111 ms)
[  SKIPPED ] HwTest_PROFILE_200G_4_PAM4_RS544X2N_OPTICAL.TestProfile (4223 ms)
[  SKIPPED ] HwTest_PROFILE_400G_8_PAM4_RS544X2N_OPTICAL.TestProfile (4218 ms)
[  SKIPPED ] HwTest_PROFILE_100G_4_NRZ_RS528.TestProfile (4218 ms)
[  SKIPPED ] HwTest_PROFILE_40G_4_NRZ_NOFEC.TestProfile (4235 ms)
[  SKIPPED ] HwTest_PROFILE_200G_4_PAM4_RS544X2N.TestProfile (4245 ms)
[       OK ] cold_boot.HwPortStressTest.adminStateToggle (8530 ms)
[       OK ] warm_boot.HwPortStressTest.adminStateToggle (6431 ms)
[       OK ] cold_boot.HwPortStressTest.linkStateToggle (16566 ms)
[       OK ] warm_boot.HwPortStressTest.linkStateToggle (14506 ms)
[       OK ] cold_boot.HwResourceStatsTest.l3Stats (6747 ms)
[       OK ] warm_boot.HwResourceStatsTest.l3Stats (5127 ms)
[       OK ] cold_boot.HwResourceStatsTest.aclStats (6504 ms)
[       OK ] warm_boot.HwResourceStatsTest.aclStats (5072 ms)
[       OK ] cold_boot.HwSwitchStateReplayTest.test (6423 ms)
[       OK ] warm_boot.HwSwitchStateReplayTest.test (5004 ms)
[   FAILED ] cold_boot.HwParityErrorTest.verifyParityError (0 ms)
[   FAILED ] warm_boot.HwParityErrorTest.verifyParityError (0 ms)
[       OK ] cold_boot.HwAclCounterTest.VerifyCounterBumpOnHitFrontPanel (6848 ms)
[       OK ] warm_boot.HwAclCounterTest.VerifyCounterBumpOnHitFrontPanel (4977 ms)
[       OK ] cold_boot.HwAclCounterTest.VerifyCounterBumpOnHitCpu (6857 ms)
[       OK ] warm_boot.HwAclCounterTest.VerifyCounterBumpOnHitCpu (4929 ms)
[       OK ] cold_boot.HwAclCounterTest.VerifyCounterNoHitNoBumpFrontPanel (6826 ms)
[       OK ] warm_boot.HwAclCounterTest.VerifyCounterNoHitNoBumpFrontPanel (4964 ms)
[       OK ] cold_boot.HwAclCounterTest.VerifyCounterNoHitNoBumpCpu (6816 ms)
[       OK ] warm_boot.HwAclCounterTest.VerifyCounterNoHitNoBumpCpu (4910 ms)
[       OK ] cold_boot.HwConfigVerifyQosTest.verifyDscpQueueMapping (5682 ms)
[       OK ] warm_boot.HwConfigVerifyQosTest.verifyDscpQueueMapping (4734 ms)
[       OK ] cold_boot.HwCoppQosTest.HighVsLowerPriorityCpuQueueTrafficPrioritization (10205 ms)
[       OK ] warm_boot.HwCoppQosTest.HighVsLowerPriorityCpuQueueTrafficPrioritization (11172 ms)
[       OK ] cold_boot.HwDscpQueueMappingTest.VerifyDscpQueueMappingFrontPanel (7028 ms)
[       OK ] warm_boot.HwDscpQueueMappingTest.VerifyDscpQueueMappingFrontPanel (5154 ms)
[       OK ] cold_boot.HwDscpQueueMappingTest.VerifyDscpQueueMappingCpu (6855 ms)
[       OK ] warm_boot.HwDscpQueueMappingTest.VerifyDscpQueueMappingCpu (5158 ms)
[       OK ] cold_boot.HwDscpQueueMappingTest.VerifyAclAndQosMapFrontPanel (7051 ms)
[       OK ] warm_boot.HwDscpQueueMappingTest.VerifyAclAndQosMapFrontPanel (5090 ms)
[       OK ] cold_boot.HwDscpQueueMappingTest.VerifyAclAndQosMapCpu (7027 ms)
[       OK ] warm_boot.HwDscpQueueMappingTest.VerifyAclAndQosMapCpu (5092 ms)
[       OK ] cold_boot.HwDscpQueueMappingTest.VerifyAclAndQosMapConflictFrontPanel (7173 ms)
[       OK ] warm_boot.HwDscpQueueMappingTest.VerifyAclAndQosMapConflictFrontPanel (5303 ms)
[       OK ] cold_boot.HwDscpQueueMappingTest.VerifyAclAndQosMapConflictCpu (7200 ms)
[       OK ] warm_boot.HwDscpQueueMappingTest.VerifyAclAndQosMapConflictCpu (5295 ms)
[       OK ] cold_boot.HwAqmTest.verifyEcn (6307 ms)
[       OK ] warm_boot.HwAqmTest.verifyEcn (5106 ms)
[       OK ] cold_boot.HwAqmTest.verifyWred (6134 ms)
[       OK ] warm_boot.HwAqmTest.verifyWred (5077 ms)
[       OK ] cold_boot.HwJumboFramesTest.JumboFramesGetThrough (5958 ms)
[       OK ] warm_boot.HwJumboFramesTest.JumboFramesGetThrough (4959 ms)
[       OK ] cold_boot.HwJumboFramesTest.SuperJumboFramesGetDropped (7412 ms)
[       OK ] warm_boot.HwJumboFramesTest.SuperJumboFramesGetDropped (6618 ms)
[       OK ] cold_boot.HwInDiscardsCounterTest.nullRouteHit (7110 ms)
[       OK ] warm_boot.HwInDiscardsCounterTest.nullRouteHit (5301 ms)
[       OK ] cold_boot.HwInPauseDiscardsCounterTest.rxPauseDisabled (7030 ms)
[       OK ] warm_boot.HwInPauseDiscardsCounterTest.rxPauseDisabled (5092 ms)
[       OK ] cold_boot.HwInPauseDiscardsCounterTest.rxPauseEnabled (6985 ms)
[       OK ] warm_boot.HwInPauseDiscardsCounterTest.rxPauseEnabled (5010 ms)
[       OK ] cold_boot.HwL4PortBlackHolingTest.v6UDP (14612 ms)
[       OK ] warm_boot.HwL4PortBlackHolingTest.v6UDP (13796 ms)
[       OK ] cold_boot.HwL4PortBlackHolingTest.v4UDP (14874 ms)
[       OK ] warm_boot.HwL4PortBlackHolingTest.v4UDP (13677 ms)
[       OK ] cold_boot.HwMacLearningStaticEntriesTest.VerifyStaticMacEntryAdd (8029 ms)
[       OK ] warm_boot.HwMacLearningStaticEntriesTest.VerifyStaticMacEntryAdd (7017 ms)
[       OK ] cold_boot.HwMacLearningStaticEntriesTest.VerifyStaticDynamicTransformations (11869 ms)
[       OK ] warm_boot.HwMacLearningStaticEntriesTest.VerifyStaticDynamicTransformations (6753 ms)
[       OK ] cold_boot.HwMacLearningTest.VerifyHwLearningForPort (5936 ms)
[       OK ] warm_boot.HwMacLearningTest.VerifyHwLearningForPort (4927 ms)
[       OK ] cold_boot.HwMacLearningTest.VerifyHwLearningForTrunk (6073 ms)
[       OK ] warm_boot.HwMacLearningTest.VerifyHwLearningForTrunk (4963 ms)
[       OK ] cold_boot.HwMacLearningTest.VerifyHwAgingForPort (13003 ms)
[       OK ] warm_boot.HwMacLearningTest.VerifyHwAgingForPort (11987 ms)
[       OK ] cold_boot.HwMacLearningTest.VerifyHwAgingForTrunk (13007 ms)
[       OK ] warm_boot.HwMacLearningTest.VerifyHwAgingForTrunk (12181 ms)
[       OK ] cold_boot.HwMacLearningTest.VerifyHwToSwLearningForPort (6074 ms)
[   FAILED ] warm_boot.HwMacLearningTest.VerifyHwToSwLearningForPort (0 ms)
[  TIMEOUT ] cold_boot.HwMacLearningTest.VerifySwToHwLearningForPort (300000 ms)
[  TIMEOUT ] cold_boot.HwMacSwLearningModeTest.VerifySwLearningForPort (300000 ms)
[  TIMEOUT ] cold_boot.HwMacSwLearningModeTest.VerifySwLearningForTrunk (300000 ms)
[  TIMEOUT ] cold_boot.HwMacSwLearningModeTest.VerifySwAgingForPort (300000 ms)
[  TIMEOUT ] cold_boot.HwMacSwLearningModeTest.VerifySwAgingForTrunk (300000 ms)
[       OK ] cold_boot.HwMacSwLearningModeTest.VerifyNbrMacInL2Table (4328 ms)
[  TIMEOUT ] cold_boot.HwMacSwLearningModeTest.VerifyCallbacksOnMacEntryChange (300000 ms)
[  TIMEOUT ] cold_boot.HwMacLearningMacMoveTest.VerifyMacMoveForPort (300000 ms)
[       OK ] cold_boot.HwMacLearningBatchEntriesTest.VerifyMacLearningScale (6758 ms)
[       OK ] warm_boot.HwMacLearningBatchEntriesTest.VerifyMacLearningScale (5361 ms)
[   FAILED ] cold_boot.HwMacLearningBatchEntriesTest.VerifyMacAgingScale (0 ms)
[   FAILED ] warm_boot.HwMacLearningBatchEntriesTest.VerifyMacAgingScale (0 ms)
[   FAILED ] cold_boot.HwMacLearningBatchEntriesTest.VerifyMacLearningAgingReleaseResource (0 ms)
[       OK ] warm_boot.HwMacLearningBatchEntriesTest.VerifyMacLearningAgingReleaseResource (4902 ms)
[       OK ] cold_boot.HwMacLearningBatchEntriesTest.VerifyMacLearningUpdateExistingL2Entry (8664 ms)
[       OK ] warm_boot.HwMacLearningBatchEntriesTest.VerifyMacLearningUpdateExistingL2Entry (5065 ms)
[       OK ] cold_boot.HwLoadBalancerTestV4.EcmpLoadBalanceFullHashCpuTraffic (7489 ms)
[       OK ] warm_boot.HwLoadBalancerTestV4.EcmpLoadBalanceFullHashCpuTraffic (5494 ms)
[       OK ] cold_boot.HwLoadBalancerTestV4.EcmpLoadBalanceHalfHashCpuTraffic (7453 ms)
[       OK ] warm_boot.HwLoadBalancerTestV4.EcmpLoadBalanceHalfHashCpuTraffic (5508 ms)
[       OK ] cold_boot.HwLoadBalancerTestV4.UcmpLoadBalanceFullHashCpuTraffic (7433 ms)
[       OK ] warm_boot.HwLoadBalancerTestV4.UcmpLoadBalanceFullHashCpuTraffic (5509 ms)
[       OK ] cold_boot.HwLoadBalancerTestV4.UcmpLoadBalanceHalfHashCpuTraffic (7435 ms)
[       OK ] warm_boot.HwLoadBalancerTestV4.UcmpLoadBalanceHalfHashCpuTraffic (5543 ms)
[       OK ] cold_boot.HwLoadBalancerTestV4.WideUcmpLoadBalanceFullHashCpuTraffic (5108 ms)
[       OK ] cold_boot.HwLoadBalancerTestV4.WideUcmpLoadBalanceHalfHashCpuTraffic (5260 ms)
[       OK ] cold_boot.HwLoadBalancerTestV4.EcmpLoadBalanceFullHashFrontPanelTraffic (7384 ms)
[       OK ] warm_boot.HwLoadBalancerTestV4.EcmpLoadBalanceFullHashFrontPanelTraffic (5298 ms)
[       OK ] cold_boot.HwLoadBalancerTestV4.EcmpLoadBalanceHalfHashFrontPanelTraffic (7263 ms)
[       OK ] warm_boot.HwLoadBalancerTestV4.EcmpLoadBalanceHalfHashFrontPanelTraffic (5294 ms)
[       OK ] cold_boot.HwLoadBalancerTestV4.UcmpLoadBalanceFullHashFrontPanelTraffic (7228 ms)
[       OK ] warm_boot.HwLoadBalancerTestV4.UcmpLoadBalanceFullHashFrontPanelTraffic (5372 ms)
[       OK ] cold_boot.HwLoadBalancerTestV4.UcmpLoadBalanceHalfHashFrontPanelTraffic (7237 ms)
[       OK ] warm_boot.HwLoadBalancerTestV4.UcmpLoadBalanceHalfHashFrontPanelTraffic (5362 ms)
[       OK ] cold_boot.HwLoadBalancerTestV4.WideUcmpLoadBalanceFullHashFrontPanelTraffic (5150 ms)
[       OK ] cold_boot.HwLoadBalancerTestV4.WideUcmpLoadBalanceHalfHashFrontPanelTraffic (5281 ms)
[       OK ] cold_boot.HwLoadBalancerTestV4.ECMPShrinkExpandLoadBalanceFullHashCpuTraffic (16317 ms)
[       OK ] cold_boot.HwLoadBalancerTestV4.ECMPShrinkExpandLoadBalanceHalfHashCpuTraffic (16349 ms)
[       OK ] cold_boot.HwLoadBalancerTestV6.EcmpLoadBalanceFullHashCpuTraffic (7510 ms)
[       OK ] warm_boot.HwLoadBalancerTestV6.EcmpLoadBalanceFullHashCpuTraffic (5555 ms)
[       OK ] cold_boot.HwLoadBalancerTestV6.EcmpLoadBalanceHalfHashCpuTraffic (7438 ms)
[       OK ] warm_boot.HwLoadBalancerTestV6.EcmpLoadBalanceHalfHashCpuTraffic (5529 ms)
[       OK ] cold_boot.HwLoadBalancerTestV6.UcmpLoadBalanceFullHashCpuTraffic (7489 ms)
[       OK ] warm_boot.HwLoadBalancerTestV6.UcmpLoadBalanceFullHashCpuTraffic (5412 ms)
[       OK ] cold_boot.HwLoadBalancerTestV6.UcmpLoadBalanceHalfHashCpuTraffic (7469 ms)
[       OK ] warm_boot.HwLoadBalancerTestV6.UcmpLoadBalanceHalfHashCpuTraffic (5581 ms)
[       OK ] cold_boot.HwLoadBalancerTestV6.WideUcmpLoadBalanceFullHashCpuTraffic (5142 ms)
[       OK ] cold_boot.HwLoadBalancerTestV6.WideUcmpLoadBalanceHalfHashCpuTraffic (5253 ms)
[       OK ] cold_boot.HwLoadBalancerTestV6.EcmpLoadBalanceFullHashFrontPanelTraffic (7345 ms)
[       OK ] warm_boot.HwLoadBalancerTestV6.EcmpLoadBalanceFullHashFrontPanelTraffic (5352 ms)
[       OK ] cold_boot.HwLoadBalancerTestV6.EcmpLoadBalanceHalfHashFrontPanelTraffic (7284 ms)
[       OK ] warm_boot.HwLoadBalancerTestV6.EcmpLoadBalanceHalfHashFrontPanelTraffic (5390 ms)
[       OK ] cold_boot.HwLoadBalancerTestV6.UcmpLoadBalanceFullHashFrontPanelTraffic (7274 ms)
[       OK ] warm_boot.HwLoadBalancerTestV6.UcmpLoadBalanceFullHashFrontPanelTraffic (5220 ms)
[       OK ] cold_boot.HwLoadBalancerTestV6.UcmpLoadBalanceHalfHashFrontPanelTraffic (7108 ms)
[       OK ] warm_boot.HwLoadBalancerTestV6.UcmpLoadBalanceHalfHashFrontPanelTraffic (5411 ms)
[       OK ] cold_boot.HwLoadBalancerTestV6.WideUcmpLoadBalanceFullHashFrontPanelTraffic (5153 ms)
[       OK ] cold_boot.HwLoadBalancerTestV6.WideUcmpLoadBalanceHalfHashFrontPanelTraffic (5271 ms)
[       OK ] cold_boot.HwLoadBalancerTestV6.ECMPShrinkExpandLoadBalanceFullHashCpuTraffic (16303 ms)
[       OK ] cold_boot.HwLoadBalancerTestV6.ECMPShrinkExpandLoadBalanceHalfHashCpuTraffic (16253 ms)
[       OK ] cold_boot.HwLoadBalancerTestV4ToMpls.EcmpLoadBalanceFullHashCpuTraffic (7551 ms)
[       OK ] warm_boot.HwLoadBalancerTestV4ToMpls.EcmpLoadBalanceFullHashCpuTraffic (5397 ms)
[       OK ] cold_boot.HwLoadBalancerTestV4ToMpls.EcmpLoadBalanceHalfHashCpuTraffic (7282 ms)
[       OK ] warm_boot.HwLoadBalancerTestV4ToMpls.EcmpLoadBalanceHalfHashCpuTraffic (5502 ms)
[       OK ] cold_boot.HwLoadBalancerTestV4ToMpls.UcmpLoadBalanceFullHashCpuTraffic (7421 ms)
[       OK ] warm_boot.HwLoadBalancerTestV4ToMpls.UcmpLoadBalanceFullHashCpuTraffic (5577 ms)
[       OK ] cold_boot.HwLoadBalancerTestV4ToMpls.UcmpLoadBalanceHalfHashCpuTraffic (7447 ms)
[       OK ] warm_boot.HwLoadBalancerTestV4ToMpls.UcmpLoadBalanceHalfHashCpuTraffic (5562 ms)
[       OK ] cold_boot.HwLoadBalancerTestV4ToMpls.WideUcmpLoadBalanceFullHashCpuTraffic (5134 ms)
[       OK ] cold_boot.HwLoadBalancerTestV4ToMpls.WideUcmpLoadBalanceHalfHashCpuTraffic (5241 ms)
[       OK ] cold_boot.HwLoadBalancerTestV4ToMpls.EcmpLoadBalanceFullHashFrontPanelTraffic (7401 ms)
[       OK ] warm_boot.HwLoadBalancerTestV4ToMpls.EcmpLoadBalanceFullHashFrontPanelTraffic (5366 ms)
[       OK ] cold_boot.HwLoadBalancerTestV4ToMpls.EcmpLoadBalanceHalfHashFrontPanelTraffic (7215 ms)
[       OK ] warm_boot.HwLoadBalancerTestV4ToMpls.EcmpLoadBalanceHalfHashFrontPanelTraffic (5322 ms)
[       OK ] cold_boot.HwLoadBalancerTestV4ToMpls.UcmpLoadBalanceFullHashFrontPanelTraffic (7302 ms)
[       OK ] warm_boot.HwLoadBalancerTestV4ToMpls.UcmpLoadBalanceFullHashFrontPanelTraffic (5349 ms)
[       OK ] cold_boot.HwLoadBalancerTestV4ToMpls.UcmpLoadBalanceHalfHashFrontPanelTraffic (7279 ms)
[       OK ] warm_boot.HwLoadBalancerTestV4ToMpls.UcmpLoadBalanceHalfHashFrontPanelTraffic (5374 ms)
[       OK ] cold_boot.HwLoadBalancerTestV4ToMpls.WideUcmpLoadBalanceFullHashFrontPanelTraffic (5128 ms)
[       OK ] cold_boot.HwLoadBalancerTestV4ToMpls.WideUcmpLoadBalanceHalfHashFrontPanelTraffic (5274 ms)
[       OK ] cold_boot.HwLoadBalancerTestV4ToMpls.ECMPShrinkExpandLoadBalanceFullHashCpuTraffic (16240 ms)
[       OK ] cold_boot.HwLoadBalancerTestV4ToMpls.ECMPShrinkExpandLoadBalanceHalfHashCpuTraffic (16262 ms)
[       OK ] cold_boot.HwLoadBalancerTestV6ToMpls.EcmpLoadBalanceFullHashCpuTraffic (7439 ms)
[       OK ] warm_boot.HwLoadBalancerTestV6ToMpls.EcmpLoadBalanceFullHashCpuTraffic (5645 ms)
[       OK ] cold_boot.HwLoadBalancerTestV6ToMpls.EcmpLoadBalanceHalfHashCpuTraffic (7441 ms)
[       OK ] warm_boot.HwLoadBalancerTestV6ToMpls.EcmpLoadBalanceHalfHashCpuTraffic (5537 ms)
[       OK ] cold_boot.HwLoadBalancerTestV6ToMpls.UcmpLoadBalanceFullHashCpuTraffic (7477 ms)
[       OK ] warm_boot.HwLoadBalancerTestV6ToMpls.UcmpLoadBalanceFullHashCpuTraffic (5566 ms)
[       OK ] cold_boot.HwLoadBalancerTestV6ToMpls.UcmpLoadBalanceHalfHashCpuTraffic (7476 ms)
[       OK ] warm_boot.HwLoadBalancerTestV6ToMpls.UcmpLoadBalanceHalfHashCpuTraffic (5525 ms)
[       OK ] cold_boot.HwLoadBalancerTestV6ToMpls.WideUcmpLoadBalanceFullHashCpuTraffic (5111 ms)
[       OK ] cold_boot.HwLoadBalancerTestV6ToMpls.WideUcmpLoadBalanceHalfHashCpuTraffic (5292 ms)
[       OK ] cold_boot.HwLoadBalancerTestV6ToMpls.EcmpLoadBalanceFullHashFrontPanelTraffic (7382 ms)
[       OK ] warm_boot.HwLoadBalancerTestV6ToMpls.EcmpLoadBalanceFullHashFrontPanelTraffic (5210 ms)
[       OK ] cold_boot.HwLoadBalancerTestV6ToMpls.EcmpLoadBalanceHalfHashFrontPanelTraffic (7229 ms)
[       OK ] warm_boot.HwLoadBalancerTestV6ToMpls.EcmpLoadBalanceHalfHashFrontPanelTraffic (5362 ms)
[       OK ] cold_boot.HwLoadBalancerTestV6ToMpls.UcmpLoadBalanceFullHashFrontPanelTraffic (7290 ms)
[       OK ] warm_boot.HwLoadBalancerTestV6ToMpls.UcmpLoadBalanceFullHashFrontPanelTraffic (5392 ms)
[       OK ] cold_boot.HwLoadBalancerTestV6ToMpls.UcmpLoadBalanceHalfHashFrontPanelTraffic (7270 ms)
[       OK ] warm_boot.HwLoadBalancerTestV6ToMpls.UcmpLoadBalanceHalfHashFrontPanelTraffic (5397 ms)
[       OK ] cold_boot.HwLoadBalancerTestV6ToMpls.WideUcmpLoadBalanceFullHashFrontPanelTraffic (5142 ms)
[       OK ] cold_boot.HwLoadBalancerTestV6ToMpls.WideUcmpLoadBalanceHalfHashFrontPanelTraffic (5210 ms)
[       OK ] cold_boot.HwLoadBalancerTestV6ToMpls.ECMPShrinkExpandLoadBalanceFullHashCpuTraffic (16291 ms)
[       OK ] cold_boot.HwLoadBalancerTestV6ToMpls.ECMPShrinkExpandLoadBalanceHalfHashCpuTraffic (16021 ms)
[       OK ] cold_boot.HwLoadBalancerTestsV4InMplsPhp.EcmpLoadBalanceFullHashFrontPanelTraffic (7392 ms)
[       OK ] warm_boot.HwLoadBalancerTestsV4InMplsPhp.EcmpLoadBalanceFullHashFrontPanelTraffic (5423 ms)
[       OK ] cold_boot.HwLoadBalancerTestsV4InMplsPhp.EcmpLoadBalanceHalfHashFrontPanelTraffic (7309 ms)
[       OK ] warm_boot.HwLoadBalancerTestsV4InMplsPhp.EcmpLoadBalanceHalfHashFrontPanelTraffic (5412 ms)
[       OK ] cold_boot.HwLoadBalancerTestsV4InMplsPhp.UcmpLoadBalanceFullHashFrontPanelTraffic (7267 ms)
[       OK ] warm_boot.HwLoadBalancerTestsV4InMplsPhp.UcmpLoadBalanceFullHashFrontPanelTraffic (5360 ms)
[       OK ] cold_boot.HwLoadBalancerTestsV4InMplsPhp.UcmpLoadBalanceHalfHashFrontPanelTraffic (7334 ms)
[       OK ] warm_boot.HwLoadBalancerTestsV4InMplsPhp.UcmpLoadBalanceHalfHashFrontPanelTraffic (5468 ms)
[       OK ] cold_boot.HwLoadBalancerTestsV4InMplsPhp.WideUcmpLoadBalanceFullHashFrontPanelTraffic (5125 ms)
[       OK ] cold_boot.HwLoadBalancerTestsV4InMplsPhp.WideUcmpLoadBalanceHalfHashFrontPanelTraffic (5243 ms)
[       OK ] cold_boot.HwLoadBalancerTestsV6InMplsPhp.EcmpLoadBalanceFullHashFrontPanelTraffic (7431 ms)
[       OK ] warm_boot.HwLoadBalancerTestsV6InMplsPhp.EcmpLoadBalanceFullHashFrontPanelTraffic (5387 ms)
[       OK ] cold_boot.HwLoadBalancerTestsV6InMplsPhp.EcmpLoadBalanceHalfHashFrontPanelTraffic (7290 ms)
[       OK ] warm_boot.HwLoadBalancerTestsV6InMplsPhp.EcmpLoadBalanceHalfHashFrontPanelTraffic (5443 ms)
[       OK ] cold_boot.HwLoadBalancerTestsV6InMplsPhp.UcmpLoadBalanceFullHashFrontPanelTraffic (7250 ms)
[       OK ] warm_boot.HwLoadBalancerTestsV6InMplsPhp.UcmpLoadBalanceFullHashFrontPanelTraffic (5437 ms)
[       OK ] cold_boot.HwLoadBalancerTestsV6InMplsPhp.UcmpLoadBalanceHalfHashFrontPanelTraffic (7317 ms)
[       OK ] warm_boot.HwLoadBalancerTestsV6InMplsPhp.UcmpLoadBalanceHalfHashFrontPanelTraffic (5449 ms)
[       OK ] cold_boot.HwLoadBalancerTestsV6InMplsPhp.WideUcmpLoadBalanceFullHashFrontPanelTraffic (5140 ms)
[       OK ] cold_boot.HwLoadBalancerTestsV6InMplsPhp.WideUcmpLoadBalanceHalfHashFrontPanelTraffic (5261 ms)
[       OK ] cold_boot.HwLoadBalancerTestsV4InMplsSwap.EcmpLoadBalanceFullHashFrontPanelTraffic (7261 ms)
[       OK ] warm_boot.HwLoadBalancerTestsV4InMplsSwap.EcmpLoadBalanceFullHashFrontPanelTraffic (5410 ms)
[       OK ] cold_boot.HwLoadBalancerTestsV4InMplsSwap.EcmpLoadBalanceHalfHashFrontPanelTraffic (7330 ms)
[       OK ] warm_boot.HwLoadBalancerTestsV4InMplsSwap.EcmpLoadBalanceHalfHashFrontPanelTraffic (5428 ms)
[       OK ] cold_boot.HwLoadBalancerTestsV4InMplsSwap.UcmpLoadBalanceFullHashFrontPanelTraffic (7319 ms)
[       OK ] warm_boot.HwLoadBalancerTestsV4InMplsSwap.UcmpLoadBalanceFullHashFrontPanelTraffic (5426 ms)
[       OK ] cold_boot.HwLoadBalancerTestsV4InMplsSwap.UcmpLoadBalanceHalfHashFrontPanelTraffic (7317 ms)
[       OK ] warm_boot.HwLoadBalancerTestsV4InMplsSwap.UcmpLoadBalanceHalfHashFrontPanelTraffic (5442 ms)
[       OK ] cold_boot.HwLoadBalancerTestsV4InMplsSwap.WideUcmpLoadBalanceFullHashFrontPanelTraffic (5123 ms)
[       OK ] cold_boot.HwLoadBalancerTestsV4InMplsSwap.WideUcmpLoadBalanceHalfHashFrontPanelTraffic (5230 ms)
[       OK ] cold_boot.HwLoadBalancerTestsV6InMplsSwap.EcmpLoadBalanceFullHashFrontPanelTraffic (7414 ms)
[       OK ] warm_boot.HwLoadBalancerTestsV6InMplsSwap.EcmpLoadBalanceFullHashFrontPanelTraffic (5222 ms)
[       OK ] cold_boot.HwLoadBalancerTestsV6InMplsSwap.EcmpLoadBalanceHalfHashFrontPanelTraffic (7319 ms)
[       OK ] warm_boot.HwLoadBalancerTestsV6InMplsSwap.EcmpLoadBalanceHalfHashFrontPanelTraffic (5378 ms)
[       OK ] cold_boot.HwLoadBalancerTestsV6InMplsSwap.UcmpLoadBalanceFullHashFrontPanelTraffic (7292 ms)
[       OK ] warm_boot.HwLoadBalancerTestsV6InMplsSwap.UcmpLoadBalanceFullHashFrontPanelTraffic (5448 ms)
[       OK ] cold_boot.HwLoadBalancerTestsV6InMplsSwap.UcmpLoadBalanceHalfHashFrontPanelTraffic (7298 ms)
[       OK ] warm_boot.HwLoadBalancerTestsV6InMplsSwap.UcmpLoadBalanceHalfHashFrontPanelTraffic (5408 ms)
[       OK ] cold_boot.HwLoadBalancerTestsV6InMplsSwap.WideUcmpLoadBalanceFullHashFrontPanelTraffic (5128 ms)
[       OK ] cold_boot.HwLoadBalancerTestsV6InMplsSwap.WideUcmpLoadBalanceHalfHashFrontPanelTraffic (5232 ms)
[       OK ] cold_boot.HwLoopBackTest.VerifyLoopBackFrontPanel (6042 ms)
[       OK ] warm_boot.HwLoopBackTest.VerifyLoopBackFrontPanel (4820 ms)
[       OK ] cold_boot.HwLoopBackTest.VerifyLoopBackCpu (5934 ms)
[       OK ] warm_boot.HwLoopBackTest.VerifyLoopBackCpu (4732 ms)
[       OK ] cold_boot.HwMmuTuningTest.verifyReservedBytesTuning (10309 ms)
[       OK ] warm_boot.HwMmuTuningTest.verifyReservedBytesTuning (9210 ms)
[       OK ] cold_boot.HwMmuTuningTest.verifyScalingFactorTuning (10219 ms)
[       OK ] warm_boot.HwMmuTuningTest.verifyScalingFactorTuning (9357 ms)
[       OK ] cold_boot.HwOlympicQosTests.VerifyDscpQueueMappingFrontPanel (6884 ms)
[       OK ] warm_boot.HwOlympicQosTests.VerifyDscpQueueMappingFrontPanel (4982 ms)
[       OK ] cold_boot.HwOlympicQosTests.VerifyDscpQueueMappingCpu (6961 ms)
[       OK ] warm_boot.HwOlympicQosTests.VerifyDscpQueueMappingCpu (4912 ms)
[       OK ] cold_boot.HwOlympicQosSchedulerTest.VerifyWRR (8740 ms)
[       OK ] warm_boot.HwOlympicQosSchedulerTest.VerifyWRR (7820 ms)
[       OK ] cold_boot.HwOlympicQosSchedulerTest.VerifySP (8426 ms)
[       OK ] warm_boot.HwOlympicQosSchedulerTest.VerifySP (7421 ms)
[       OK ] cold_boot.HwOlympicQosSchedulerTest.VerifyWRRAndICP (8944 ms)
[       OK ] warm_boot.HwOlympicQosSchedulerTest.VerifyWRRAndICP (7939 ms)
[       OK ] cold_boot.HwOlympicQosSchedulerTest.VerifyWRRAndNC (9015 ms)
[       OK ] warm_boot.HwOlympicQosSchedulerTest.VerifyWRRAndNC (8025 ms)
[       OK ] cold_boot.HwOlympicQosSchedulerTest.VerifyWRRToAllSPDscpToQueue (5944 ms)
[       OK ] warm_boot.HwOlympicQosSchedulerTest.VerifyWRRToAllSPDscpToQueue (5237 ms)
[       OK ] cold_boot.HwOlympicQosSchedulerTest.VerifyWRRToAllSPTraffic (5750 ms)
[       OK ] warm_boot.HwOlympicQosSchedulerTest.VerifyWRRToAllSPTraffic (8161 ms)
[       OK ] cold_boot.HwPfcTest.verifyPfcDefault (4725 ms)
[       OK ] cold_boot.HwPfcTest.verifyPfcWithMapChanges_0 (4790 ms)
[       OK ] cold_boot.HwPfcTest.verifyPfcWithMapChanges_1 (4810 ms)
[       OK ] cold_boot.HwPfcTest.PfcWatchdog (4811 ms)
[       OK ] cold_boot.HwPfcTest.PfcWatchdogReset (4817 ms)
[       OK ] cold_boot.HwProdInvariantsTest.verifyInvariants (9170 ms)
[       OK ] warm_boot.HwProdInvariantsTest.verifyInvariants (7093 ms)
[       OK ] cold_boot.HwPacketSendTest.LldpToFrontPanelOutOfPort (6341 ms)
[       OK ] warm_boot.HwPacketSendTest.LldpToFrontPanelOutOfPort (5411 ms)
[       OK ] cold_boot.HwPacketSendTest.LldpToFrontPanelWithBufClone (8607 ms)
[       OK ] warm_boot.HwPacketSendTest.LldpToFrontPanelWithBufClone (7514 ms)
[       OK ] cold_boot.HwPacketSendTest.ArpRequestToFrontPanelPortSwitched (7981 ms)
[       OK ] warm_boot.HwPacketSendTest.ArpRequestToFrontPanelPortSwitched (6955 ms)
[       OK ] cold_boot.HwPacketSendReceiveTest.LldpPacketReceiveSrcPort (6296 ms)
[       OK ] warm_boot.HwPacketSendReceiveTest.LldpPacketReceiveSrcPort (5220 ms)
[       OK ] cold_boot.HwPacketFloodTest.ArpRequestFloodTest (6737 ms)
[       OK ] warm_boot.HwPacketFloodTest.ArpRequestFloodTest (5556 ms)
[       OK ] cold_boot.HwPacketFloodTest.NdpFloodTest (6585 ms)
[       OK ] warm_boot.HwPacketFloodTest.NdpFloodTest (5439 ms)
[       OK ] cold_boot.HwPortBandwidthTest.VerifyPps (16165 ms)
[       OK ] warm_boot.HwPortBandwidthTest.VerifyPps (15353 ms)
[       OK ] cold_boot.HwPortBandwidthTest.VerifyKbps (16360 ms)
[       OK ] warm_boot.HwPortBandwidthTest.VerifyKbps (15358 ms)
[       OK ] cold_boot.HwQueuePerHostL2Test.VerifyHostToQueueMappingClassIDCpu (6579 ms)
[       OK ] warm_boot.HwQueuePerHostL2Test.VerifyHostToQueueMappingClassIDCpu (5544 ms)
[       OK ] cold_boot.HwQueuePerHostL2Test.VerifyHostToQueueMappingClassIDFrontPanel (6568 ms)
[       OK ] warm_boot.HwQueuePerHostL2Test.VerifyHostToQueueMappingClassIDFrontPanel (5522 ms)
[       OK ] cold_boot.HwOverflowTest.overflowRoutes (13792 ms)
[       OK ] cold_boot.HwSendPacketToQueueTest.SendPacketOutOfPortToUCQueue (6053 ms)
[       OK ] warm_boot.HwSendPacketToQueueTest.SendPacketOutOfPortToUCQueue (4889 ms)
[       OK ] cold_boot.HwSendPacketToQueueTest.SendPacketOutOfPortToDefaultUCQueue (5935 ms)
[       OK ] warm_boot.HwSendPacketToQueueTest.SendPacketOutOfPortToDefaultUCQueue (4961 ms)
[       OK ] cold_boot.HwSendPacketToQueueTest.SendPacketSwitchedToDefaultUCQueue (5917 ms)
[       OK ] warm_boot.HwSendPacketToQueueTest.SendPacketSwitchedToDefaultUCQueue (4935 ms)
[       OK ] cold_boot.HwSflowTest.SflowSamplingEnabled (7263 ms)
[       OK ] warm_boot.HwSflowTest.SflowSamplingEnabled (6269 ms)
[       OK ] cold_boot.HwSflowTest.SflowSamplingDisabled (6572 ms)
[       OK ] warm_boot.HwSflowTest.SflowSamplingDisabled (5258 ms)
[       OK ] cold_boot.HwSflowMirrorTest.VerifySampledPacket (7504 ms)
[       OK ] warm_boot.HwSflowMirrorTest.VerifySampledPacket (5608 ms)
[       OK ] cold_boot.HwSflowMirrorTest.VerifySampledPacketWithTruncateV4 (5682 ms)
[       OK ] cold_boot.HwSflowMirrorTest.VerifySampledPacketWithTruncateV6 (5749 ms)
[       OK ] cold_boot.HwSflowMirrorTest.VerifySampledPacketCount (17228 ms)
[       OK ] warm_boot.HwSflowMirrorTest.VerifySampledPacketCount (71786 ms)
[       OK ] cold_boot.HwSflowMirrorTest.VerifySampledPacketCountWithLargePackets (5646 ms)
[       OK ] cold_boot.HwSflowMirrorTest.VerifySampledPacketWithLagMemberAsEgressPort (5736 ms)
[       OK ] cold_boot.HwSwitchStatsTxCounterTest.SendPacket (9098 ms)
[       OK ] warm_boot.HwSwitchStatsTxCounterTest.SendPacket (7942 ms)
[       OK ] cold_boot.Hw2QueueToOlympicQoSTest.verifyDscpToQueueMappingCpu (6906 ms)
[       OK ] warm_boot.Hw2QueueToOlympicQoSTest.verifyDscpToQueueMappingCpu (5391 ms)
[       OK ] cold_boot.Hw2QueueToOlympicQoSTest.verifyDscpToQueueMappingFrontPanel (6979 ms)
[       OK ] warm_boot.Hw2QueueToOlympicQoSTest.verifyDscpToQueueMappingFrontPanel (5376 ms)
[       OK ] cold_boot.HwTrunkLoadBalancerTest.ECMPFullTrunkHalfHash4X3WideTrunksV6CpuTraffic (7581 ms)
[       OK ] warm_boot.HwTrunkLoadBalancerTest.ECMPFullTrunkHalfHash4X3WideTrunksV6CpuTraffic (5324 ms)
[       OK ] cold_boot.HwTrunkLoadBalancerTest.ECMPFullTrunkHalfHash4X3WideTrunksV4CpuTraffic (7812 ms)
[       OK ] warm_boot.HwTrunkLoadBalancerTest.ECMPFullTrunkHalfHash4X3WideTrunksV4CpuTraffic (5507 ms)
[       OK ] cold_boot.HwTrunkLoadBalancerTest.ECMPFullTrunkHalf4X3WideTrunksV6FrontPanelTraffic (7425 ms)
[       OK ] warm_boot.HwTrunkLoadBalancerTest.ECMPFullTrunkHalf4X3WideTrunksV6FrontPanelTraffic (5357 ms)
[       OK ] cold_boot.HwTrunkLoadBalancerTest.ECMPFullTrunkHalf4X3WideTrunksV4FrontPanelTraffic (7444 ms)
[       OK ] warm_boot.HwTrunkLoadBalancerTest.ECMPFullTrunkHalf4X3WideTrunksV4FrontPanelTraffic (5375 ms)
[       OK ] cold_boot.HwTrunkLoadBalancerTest.ECMPFullTrunkHalf4X3WideTrunksV6MplsFrontPanelTraffic (7432 ms)
[       OK ] warm_boot.HwTrunkLoadBalancerTest.ECMPFullTrunkHalf4X3WideTrunksV6MplsFrontPanelTraffic (5308 ms)
[       OK ] cold_boot.HwTrunkLoadBalancerTest.ECMPFullTrunkHalf4X3WideTrunksV4MplsFrontPanelTraffic (7486 ms)
[       OK ] warm_boot.HwTrunkLoadBalancerTest.ECMPFullTrunkHalf4X3WideTrunksV4MplsFrontPanelTraffic (5428 ms)
[       OK ] cold_boot.HwTrunkLoadBalancerTest.ECMPFullTrunkHalf4X3WideTrunksV6MplsSwapFrontPanelTraffic (7541 ms)
[       OK ] warm_boot.HwTrunkLoadBalancerTest.ECMPFullTrunkHalf4X3WideTrunksV6MplsSwapFrontPanelTraffic (5414 ms)
[       OK ] cold_boot.HwTrunkLoadBalancerTest.ECMPFullTrunkHalf4X3WideTrunksV4MplsSwapFrontPanelTraffic (7545 ms)
[       OK ] warm_boot.HwTrunkLoadBalancerTest.ECMPFullTrunkHalf4X3WideTrunksV4MplsSwapFrontPanelTraffic (5438 ms)
[       OK ] cold_boot.HwTrunkLoadBalancerTest.ECMPFullTrunkHalf4X3WideTrunksV6MplsPhpFrontPanelTraffic (7513 ms)
[       OK ] warm_boot.HwTrunkLoadBalancerTest.ECMPFullTrunkHalf4X3WideTrunksV6MplsPhpFrontPanelTraffic (5374 ms)
[       OK ] cold_boot.HwTrunkLoadBalancerTest.ECMPFullTrunkHalf4X3WideTrunksV4MplsPhpFrontPanelTraffic (7532 ms)
[       OK ] warm_boot.HwTrunkLoadBalancerTest.ECMPFullTrunkHalf4X3WideTrunksV4MplsPhpFrontPanelTraffic (5457 ms)
[       OK ] cold_boot.HwTrunkLoadBalancerTest.ECMPFullTrunkHalfHash4X2WideTrunksV6CpuTraffic (7396 ms)
[       OK ] warm_boot.HwTrunkLoadBalancerTest.ECMPFullTrunkHalfHash4X2WideTrunksV6CpuTraffic (5635 ms)
[       OK ] cold_boot.HwTrunkLoadBalancerTest.ECMPFullTrunkHalfHash4X2WideTrunksV4CpuTraffic (7522 ms)
[       OK ] warm_boot.HwTrunkLoadBalancerTest.ECMPFullTrunkHalfHash4X2WideTrunksV4CpuTraffic (5531 ms)
[       OK ] cold_boot.HwTrunkLoadBalancerTest.ECMPFullTrunkHalf4X2WideTrunksV6FrontPanelTraffic (7418 ms)
[       OK ] warm_boot.HwTrunkLoadBalancerTest.ECMPFullTrunkHalf4X2WideTrunksV6FrontPanelTraffic (5364 ms)
[       OK ] cold_boot.HwTrunkLoadBalancerTest.ECMPFullTrunkHalf4X2WideTrunksV4FrontPanelTraffic (7413 ms)
[       OK ] warm_boot.HwTrunkLoadBalancerTest.ECMPFullTrunkHalf4X2WideTrunksV4FrontPanelTraffic (5336 ms)
[       OK ] cold_boot.HwTrunkLoadBalancerTest.ECMPFullTrunkHalf4X2WideTrunksV6MplsFrontPanelTraffic (7448 ms)
[       OK ] warm_boot.HwTrunkLoadBalancerTest.ECMPFullTrunkHalf4X2WideTrunksV6MplsFrontPanelTraffic (5385 ms)
[       OK ] cold_boot.HwTrunkLoadBalancerTest.ECMPFullTrunkHalf4X2WideTrunksV4MplsFrontPanelTraffic (7467 ms)
[       OK ] warm_boot.HwTrunkLoadBalancerTest.ECMPFullTrunkHalf4X2WideTrunksV4MplsFrontPanelTraffic (5380 ms)
[   FAILED ] cold_boot.HwTrunkLoadBalancerTest.ECMPFullTrunkHalf4X2WideTrunksV6MplsSwapFrontPanelTraffic (0 ms)
[   FAILED ] warm_boot.HwTrunkLoadBalancerTest.ECMPFullTrunkHalf4X2WideTrunksV6MplsSwapFrontPanelTraffic (0 ms)
[       OK ] cold_boot.HwTrunkLoadBalancerTest.ECMPFullTrunkHalf4X2WideTrunksV4MplsSwapFrontPanelTraffic (7540 ms)
[       OK ] warm_boot.HwTrunkLoadBalancerTest.ECMPFullTrunkHalf4X2WideTrunksV4MplsSwapFrontPanelTraffic (5406 ms)
[   FAILED ] cold_boot.HwTrunkLoadBalancerTest.ECMPFullTrunkHalf4X2WideTrunksV6MplsPhpFrontPanelTraffic (0 ms)
[   FAILED ] warm_boot.HwTrunkLoadBalancerTest.ECMPFullTrunkHalf4X2WideTrunksV6MplsPhpFrontPanelTraffic (0 ms)
[       OK ] cold_boot.HwTrunkLoadBalancerTest.ECMPFullTrunkHalf4X2WideTrunksV4MplsPhpFrontPanelTraffic (7587 ms)
[       OK ] warm_boot.HwTrunkLoadBalancerTest.ECMPFullTrunkHalf4X2WideTrunksV4MplsPhpFrontPanelTraffic (5418 ms)
[       OK ] cold_boot.HwTrunkLoadBalancerTest.ECMPHalfTrunkFullHash4X3WideTrunksV6CpuTraffic (7594 ms)
[       OK ] warm_boot.HwTrunkLoadBalancerTest.ECMPHalfTrunkFullHash4X3WideTrunksV6CpuTraffic (5533 ms)
[       OK ] cold_boot.HwTrunkLoadBalancerTest.ECMPHalfTrunkFullHash4X3WideTrunksV4CpuTraffic (7598 ms)
[       OK ] warm_boot.HwTrunkLoadBalancerTest.ECMPHalfTrunkFullHash4X3WideTrunksV4CpuTraffic (5497 ms)
[       OK ] cold_boot.HwTrunkLoadBalancerTest.ECMPHalfTrunkFull4X3WideTrunksV6FrontPanelTraffic (7407 ms)
[       OK ] warm_boot.HwTrunkLoadBalancerTest.ECMPHalfTrunkFull4X3WideTrunksV6FrontPanelTraffic (5390 ms)
[       OK ] cold_boot.HwTrunkLoadBalancerTest.ECMPHalfTrunkFull4X3WideTrunksV4FrontPanelTraffic (7414 ms)
[       OK ] warm_boot.HwTrunkLoadBalancerTest.ECMPHalfTrunkFull4X3WideTrunksV4FrontPanelTraffic (5387 ms)
[       OK ] cold_boot.HwTrunkLoadBalancerTest.ECMPHalfTrunkFull4X3WideTrunksV6MplsFrontPanelTraffic (7455 ms)
[       OK ] warm_boot.HwTrunkLoadBalancerTest.ECMPHalfTrunkFull4X3WideTrunksV6MplsFrontPanelTraffic (5421 ms)
[       OK ] cold_boot.HwTrunkLoadBalancerTest.ECMPHalfTrunkFull4X3WideTrunksV4MplsFrontPanelTraffic (7446 ms)
[       OK ] warm_boot.HwTrunkLoadBalancerTest.ECMPHalfTrunkFull4X3WideTrunksV4MplsFrontPanelTraffic (5370 ms)
[       OK ] cold_boot.HwTrunkLoadBalancerTest.ECMPHalfTrunkFull4X3WideTrunksV6MplsSwapFrontPanelTraffic (7539 ms)
[       OK ] warm_boot.HwTrunkLoadBalancerTest.ECMPHalfTrunkFull4X3WideTrunksV6MplsSwapFrontPanelTraffic (5301 ms)
[       OK ] cold_boot.HwTrunkLoadBalancerTest.ECMPHalfTrunkFull4X3WideTrunksV4MplsSwapFrontPanelTraffic (7347 ms)
[       OK ] warm_boot.HwTrunkLoadBalancerTest.ECMPHalfTrunkFull4X3WideTrunksV4MplsSwapFrontPanelTraffic (5370 ms)
[       OK ] cold_boot.HwTrunkLoadBalancerTest.ECMPHalfTrunkFull4X3WideTrunksV6MplsPhpFrontPanelTraffic (7512 ms)
[       OK ] warm_boot.HwTrunkLoadBalancerTest.ECMPHalfTrunkFull4X3WideTrunksV6MplsPhpFrontPanelTraffic (5435 ms)
[       OK ] cold_boot.HwTrunkLoadBalancerTest.ECMPHalfTrunkFull4X3WideTrunksV4MplsPhpFrontPanelTraffic (7535 ms)
[       OK ] warm_boot.HwTrunkLoadBalancerTest.ECMPHalfTrunkFull4X3WideTrunksV4MplsPhpFrontPanelTraffic (5441 ms)
[       OK ] cold_boot.HwTrunkLoadBalancerTest.ECMPHalfTrunkFullHash4X2WideTrunksV6CpuTraffic (7589 ms)
[       OK ] warm_boot.HwTrunkLoadBalancerTest.ECMPHalfTrunkFullHash4X2WideTrunksV6CpuTraffic (5553 ms)
[       OK ] cold_boot.HwTrunkLoadBalancerTest.ECMPHalfTrunkFullHash4X2WideTrunksV4CpuTraffic (7609 ms)
[       OK ] warm_boot.HwTrunkLoadBalancerTest.ECMPHalfTrunkFullHash4X2WideTrunksV4CpuTraffic (5578 ms)
[       OK ] cold_boot.HwTrunkLoadBalancerTest.ECMPHalfTrunkFull4X2WideTrunksV6FrontPanelTraffic (7409 ms)
[       OK ] warm_boot.HwTrunkLoadBalancerTest.ECMPHalfTrunkFull4X2WideTrunksV6FrontPanelTraffic (5360 ms)
[       OK ] cold_boot.HwTrunkLoadBalancerTest.ECMPHalfTrunkFull4X2WideTrunksV4FrontPanelTraffic (7406 ms)
[       OK ] warm_boot.HwTrunkLoadBalancerTest.ECMPHalfTrunkFull4X2WideTrunksV4FrontPanelTraffic (5364 ms)
[       OK ] cold_boot.HwTrunkLoadBalancerTest.ECMPHalfTrunkFull4X2WideTrunksV6MplsFrontPanelTraffic (7392 ms)
[       OK ] warm_boot.HwTrunkLoadBalancerTest.ECMPHalfTrunkFull4X2WideTrunksV6MplsFrontPanelTraffic (5308 ms)
[       OK ] cold_boot.HwTrunkLoadBalancerTest.ECMPHalfTrunkFull4X2WideTrunksV4MplsFrontPanelTraffic (7454 ms)
[       OK ] warm_boot.HwTrunkLoadBalancerTest.ECMPHalfTrunkFull4X2WideTrunksV4MplsFrontPanelTraffic (5340 ms)
[   FAILED ] cold_boot.HwTrunkLoadBalancerTest.ECMPHalfTrunkFull4X2WideTrunksV6MplsSwapFrontPanelTraffic (0 ms)
[   FAILED ] warm_boot.HwTrunkLoadBalancerTest.ECMPHalfTrunkFull4X2WideTrunksV6MplsSwapFrontPanelTraffic (0 ms)
[       OK ] cold_boot.HwTrunkLoadBalancerTest.ECMPHalfTrunkFull4X2WideTrunksV4MplsSwapFrontPanelTraffic (7546 ms)
[       OK ] warm_boot.HwTrunkLoadBalancerTest.ECMPHalfTrunkFull4X2WideTrunksV4MplsSwapFrontPanelTraffic (5381 ms)
[   FAILED ] cold_boot.HwTrunkLoadBalancerTest.ECMPHalfTrunkFull4X2WideTrunksV6MplsPhpFrontPanelTraffic (0 ms)
[   FAILED ] warm_boot.HwTrunkLoadBalancerTest.ECMPHalfTrunkFull4X2WideTrunksV6MplsPhpFrontPanelTraffic (0 ms)
[       OK ] cold_boot.HwTrunkLoadBalancerTest.ECMPHalfTrunkFull4X2WideTrunksV4MplsPhpFrontPanelTraffic (7541 ms)
[       OK ] warm_boot.HwTrunkLoadBalancerTest.ECMPHalfTrunkFull4X2WideTrunksV4MplsPhpFrontPanelTraffic (5415 ms)
[       OK ] cold_boot.HwWatermarkTest.VerifyDefaultQueue (6004 ms)
[       OK ] warm_boot.HwWatermarkTest.VerifyDefaultQueue (4960 ms)
[       OK ] cold_boot.HwWatermarkTest.VerifyNonDefaultQueue (6037 ms)
[       OK ] warm_boot.HwWatermarkTest.VerifyNonDefaultQueue (4910 ms)
[       OK ] cold_boot.HwWatermarkTest.VerifyDeviceWatermark (5907 ms)
[       OK ] warm_boot.HwWatermarkTest.VerifyDeviceWatermark (4929 ms)
Summary:
   OK : 755
   FAILED : 20
   SKIPPED : 11
   TIMEOUT : 7
