[       OK ] cold_boot.BcmDeathTest.DieOnHostRouteWithEcmpNextHops (4256 ms)
[       OK ] cold_boot.BcmTest.chipColdBootDefaults (3591 ms)
[       OK ] cold_boot.BcmTest.fpGroupExists (3578 ms)
[       OK ] cold_boot.BcmTest.fpOnlyDesiredGrpsConfigured (3581 ms)
[       OK ] cold_boot.BcmTest.fpDesiredGrpsExist (3587 ms)
[       OK ] cold_boot.BcmTest.fpNoMissingOrQsetChangedGrpsPostInit (3585 ms)
[       OK ] cold_boot.BcmTest.onlyExpectedQueueStatsSeen (5899 ms)
[       OK ] warm_boot.BcmTest.onlyExpectedQueueStatsSeen (4815 ms)
[       OK ] cold_boot.BcmTest.addPortFails (3544 ms)
[       OK ] cold_boot.BcmTest.removePortFails (3612 ms)
[       OK ] cold_boot.BcmTest.validQosPolicyConfigWithRules (4373 ms)
[       OK ] cold_boot.BcmTest.validQosPolicyConfigWithRulesAndDifferentPolicyForPort (4381 ms)
[       OK ] cold_boot.BcmTest.expAndDscpQosMapDefaultQosPolicy (4360 ms)
[       OK ] cold_boot.BcmTest.dscpQosMapForPort (4403 ms)
[       OK ] cold_boot.BcmTest.expQosMapForPort (4367 ms)
[       OK ] cold_boot.BcmTest.QsetCmp (3578 ms)
[       OK ] cold_boot.BcmTest.BcmAddsExtraQuals (3582 ms)
[       OK ] cold_boot.BcmAclCoppTest.CoppAcl (5324 ms)
[       OK ] warm_boot.BcmAclCoppTest.CoppAcl (4271 ms)
[       OK ] cold_boot.BcmAclCoppTest.CoppAclAddDelInterface (5339 ms)
[       OK ] warm_boot.BcmAclCoppTest.CoppAclAddDelInterface (4249 ms)
[       OK ] cold_boot.BcmAclCoppTest.CoppAclAddInterfaceAddr (5346 ms)
[       OK ] warm_boot.BcmAclCoppTest.CoppAclAddInterfaceAddr (4287 ms)
[       OK ] cold_boot.BcmAclCoppTest.CoppAclAddInterface (5356 ms)
[       OK ] warm_boot.BcmAclCoppTest.CoppAclAddInterface (4342 ms)
[       OK ] cold_boot.BcmAclUnitTests.AclDataMaskStateSame (1 ms)
[       OK ] cold_boot.BcmAclUnitTests.AclDataMaskStateSame2 (0 ms)
[       OK ] cold_boot.BcmAclUnitTests.AclModDataMaskStateSame (0 ms)
[       OK ] cold_boot.BcmAclUnitTests.AclArrayDataMaskStateSame (0 ms)
[       OK ] cold_boot.BcmAddDelEcmpTest.addDelRoutes (5444 ms)
[       OK ] warm_boot.BcmAddDelEcmpTest.addDelRoutes (4211 ms)
[       OK ] cold_boot.BcmBstStatsMgrTest.StatEnableDisable (5392 ms)
[       OK ] warm_boot.BcmBstStatsMgrTest.StatEnableDisable (4363 ms)
[       OK ] cold_boot.BcmControlPlaneTest.CosQueueUtils (3568 ms)
[       OK ] cold_boot.BcmControlPlaneTest.DefaultCPUQueuesCheckWithoutConfig (3650 ms)
[       OK ] cold_boot.BcmControlPlaneTest.ConfigCPUQueuesSetup (5361 ms)
[       OK ] warm_boot.BcmControlPlaneTest.ConfigCPUQueuesSetup (4131 ms)
[       OK ] cold_boot.BcmControlPlaneTest.ChangeCPULowQueueSettings (4268 ms)
[       OK ] cold_boot.BcmControlPlaneTest.DisableCPULowQueueSettings (4362 ms)
[       OK ] cold_boot.BcmControlPlaneTest.TestBcmAndCfgReasonConversions (3597 ms)
[       OK ] cold_boot.BcmControlPlaneTest.VerifyReasonToQueueMapping (5351 ms)
[       OK ] warm_boot.BcmControlPlaneTest.VerifyReasonToQueueMapping (4334 ms)
[       OK ] cold_boot.BcmControlPlaneTest.WriteOverReasonToQueue (5272 ms)
[       OK ] warm_boot.BcmControlPlaneTest.WriteOverReasonToQueue (4253 ms)
[       OK ] cold_boot.BcmQueueManagerCounterTest.SetupPortQueueCounters (4255 ms)
[       OK ] cold_boot.BcmQueueManagerCounterTest.SetupCPUQueueCounters (4253 ms)
[       OK ] cold_boot.BcmEcmpTest.SearchMissingEgressInECMP (5458 ms)
[       OK ] warm_boot.BcmEcmpTest.SearchMissingEgressInECMP (4174 ms)
[       OK ] cold_boot.BcmEcmpTrunkTest.TrunkNotRemovedFromEcmpWithMinLinks (5495 ms)
[       OK ] warm_boot.BcmEcmpTrunkTest.TrunkNotRemovedFromEcmpWithMinLinks (4179 ms)
[       OK ] cold_boot.BcmEcmpTrunkTest.TrunkMemberRemoveWithRouteTest (5497 ms)
[       OK ] warm_boot.BcmEcmpTrunkTest.TrunkMemberRemoveWithRouteTest (4157 ms)
[       OK ] cold_boot.BcmEcmpTrunkTest.TrunkL2ResolveNhopThenLinkAndLACPDownThenUpThenStateUp (5497 ms)
[       OK ] warm_boot.BcmEcmpTrunkTest.TrunkL2ResolveNhopThenLinkAndLACPDownThenUpThenStateUp (4194 ms)
[       OK ] cold_boot.BcmEcmpTrunkTest.TrunkL2ResolveNhopThenLinkDownThenUpThenStateUp (5495 ms)
[       OK ] warm_boot.BcmEcmpTrunkTest.TrunkL2ResolveNhopThenLinkDownThenUpThenStateUp (4165 ms)
[       OK ] cold_boot.BcmEcmpTrunkTest.TrunkL2ResolveNhopThenLinkAndLACPDownThenUpBeforeReinit (5482 ms)
[       OK ] warm_boot.BcmEcmpTrunkTest.TrunkL2ResolveNhopThenLinkAndLACPDownThenUpBeforeReinit (4168 ms)
[       OK ] cold_boot.BcmEcmpTrunkTest.TrunkL2ResolveNhopThenLinkUpDownUpBeforeReinit (5502 ms)
[       OK ] warm_boot.BcmEcmpTrunkTest.TrunkL2ResolveNhopThenLinkUpDownUpBeforeReinit (4116 ms)
[       OK ] cold_boot.BcmEmptyEcmpTest.emptyEcmpRecoveryOnWarmboot (5107 ms)
[       OK ] warm_boot.BcmEmptyEcmpTest.emptyEcmpRecoveryOnWarmboot (4319 ms)
[       OK ] cold_boot.BcmHostKey.unResolvedNextHop (0 ms)
[       OK ] cold_boot.BcmHostKey.resolvedNextHop (0 ms)
[       OK ] cold_boot.BcmHostKey.labeledNextHopWithSwap (0 ms)
[       OK ] cold_boot.BcmHostKey.labeledNextHopWithPush (0 ms)
[       OK ] cold_boot.BcmHostKey.labeledNextHopWithPushOnlyOne (0 ms)
[       OK ] cold_boot.BcmHostKey.unLabeledNextHopWitForLabelForwarding (1 ms)
[       OK ] cold_boot.BcmHostKey.LabeledKeyStr (0 ms)
[       OK ] cold_boot.BcmHostTest.CreateV4AndV6L3Host (5304 ms)
[       OK ] warm_boot.BcmHostTest.CreateV4AndV6L3Host (4312 ms)
[       OK ] cold_boot.BcmHostTest.CreateInterfaceWithoutIp (5281 ms)
[       OK ] warm_boot.BcmHostTest.CreateInterfaceWithoutIp (4283 ms)
[       OK ] cold_boot.BcmHostTest.DeleteV4AndV6L3Host (5322 ms)
[       OK ] warm_boot.BcmHostTest.DeleteV4AndV6L3Host (4271 ms)
[       OK ] cold_boot.BcmHostTest.HostRouteLookupClassNotSet (3564 ms)
[       OK ] cold_boot.BcmInterfaceTest.InterfaceApplyConfig (5522 ms)
[       OK ] warm_boot.BcmInterfaceTest.InterfaceApplyConfig (4570 ms)
[       OK ] cold_boot.BcmInterfaceTest.fromJumboToNonJumboInterface (5256 ms)
[       OK ] warm_boot.BcmInterfaceTest.fromJumboToNonJumboInterface (4315 ms)
[       OK ] cold_boot.BcmInterfaceTest.checkMplsEnabled (5329 ms)
[       OK ] warm_boot.BcmInterfaceTest.checkMplsEnabled (4295 ms)
[       OK ] cold_boot.BcmLabeledEgressTest.labeledEgress (4280 ms)
[       OK ] cold_boot.BcmLabeledEgressTest.noLabeledEgress (4310 ms)
[       OK ] cold_boot.BcmLabeledEgressTest.LabeledEgressWithEcmp (4286 ms)
[       OK ] cold_boot.BcmLabeledEgressTest.labeledTunnelEgressWithEcmp (4275 ms)
[       OK ] cold_boot.BcmLabeledEgressTest.labeledTunnelEgressCommonTunnel (4278 ms)
[       OK ] cold_boot.BcmLabeledEgressTest.labeledTunnelEgressWithOneLabel (4284 ms)
[       OK ] cold_boot.BcmLabeledEgressTest.LabeledUnlabeledEgressWithEcmp (4254 ms)
[       OK ] cold_boot.BcmLabelSwitchActionTest.addLabelSwitchAction (5264 ms)
[       OK ] warm_boot.BcmLabelSwitchActionTest.addLabelSwitchAction (4314 ms)
[       OK ] cold_boot.BcmLabelSwitchActionTest.addLabelSwitchActionWithL3Routes (5281 ms)
[       OK ] warm_boot.BcmLabelSwitchActionTest.addLabelSwitchActionWithL3Routes (4354 ms)
[       OK ] cold_boot.BcmLabelSwitchActionTest.removeLabelSwitchAction (5296 ms)
[       OK ] warm_boot.BcmLabelSwitchActionTest.removeLabelSwitchAction (4327 ms)
[       OK ] cold_boot.BcmLabelForwardingTests.ValidLabelFIBDelta (4248 ms)
[       OK ] cold_boot.BcmLabelForwardingTests.InvalidLabelFIBDelta (4266 ms)
[       OK ] cold_boot.BcmLabelForwardingTests.ValidPushStack (4269 ms)
[       OK ] cold_boot.BcmLabelForwardingTests.InvalidPushStack (4229 ms)
[       OK ] cold_boot.BcmPortQueueManagerTest.DefaultPortQueuesCheckWithoutConfig (5271 ms)
[       OK ] warm_boot.BcmPortQueueManagerTest.DefaultPortQueuesCheckWithoutConfig (4295 ms)
[       OK ] cold_boot.BcmPortQueueManagerTest.ConfigPortQueuesSetup (5301 ms)
[       OK ] warm_boot.BcmPortQueueManagerTest.ConfigPortQueuesSetup (4344 ms)
[       OK ] cold_boot.BcmPortQueueManagerTest.ChangeQueue0Settings (4264 ms)
[       OK ] cold_boot.BcmPortQueueManagerTest.ClearPortQueueSettings (5311 ms)
[       OK ] warm_boot.BcmPortQueueManagerTest.ClearPortQueueSettings (4320 ms)
[       OK ] cold_boot.BcmPortQueueManagerTest.ChangePortQueueAQM (4273 ms)
[       OK ] cold_boot.BcmPortQueueManagerTest.InternalPriorityMappings (4282 ms)
[       OK ] cold_boot.BcmPortQueueManagerTest.InternalPriorityMappingsOverride (4272 ms)
[       OK ] cold_boot.BcmPortTest.PortApplyConfig (5273 ms)
[       OK ] warm_boot.BcmPortTest.PortApplyConfig (4311 ms)
[       OK ] cold_boot.BcmPortTest.PortSflowConfig (5267 ms)
[       OK ] warm_boot.BcmPortTest.PortSflowConfig (4290 ms)
[       OK ] cold_boot.BcmPortTest.PortLoopbackMode (5262 ms)
[       OK ] warm_boot.BcmPortTest.PortLoopbackMode (4311 ms)
[       OK ] cold_boot.BcmPortTest.PortLoopbackModeMAC40G (3565 ms)
[       OK ] cold_boot.BcmPortTest.PortLoopbackModePHY40G (5284 ms)
[       OK ] warm_boot.BcmPortTest.PortLoopbackModePHY40G (4317 ms)
[       OK ] cold_boot.BcmPortTest.PortLoopbackModeMAC100G (5264 ms)
[       OK ] warm_boot.BcmPortTest.PortLoopbackModeMAC100G (4281 ms)
[       OK ] cold_boot.BcmPortTest.PortLoopbackModePHY100G (5309 ms)
[       OK ] warm_boot.BcmPortTest.PortLoopbackModePHY100G (4317 ms)
[       OK ] cold_boot.BcmPortTest.SampleDestination (5292 ms)
[       OK ] warm_boot.BcmPortTest.SampleDestination (4349 ms)
[       OK ] cold_boot.BcmPortTest.NoSampleDestinationSet (5312 ms)
[       OK ] warm_boot.BcmPortTest.NoSampleDestinationSet (4335 ms)
[       OK ] cold_boot.BcmPortTest.IngressMirror (5295 ms)
[       OK ] warm_boot.BcmPortTest.IngressMirror (4345 ms)
[       OK ] cold_boot.BcmPortTest.EgressMirror (5292 ms)
[       OK ] warm_boot.BcmPortTest.EgressMirror (4159 ms)
[       OK ] cold_boot.BcmPortTest.SampleDestinationMirror (5311 ms)
[       OK ] warm_boot.BcmPortTest.SampleDestinationMirror (4229 ms)
[       OK ] cold_boot.BcmPortTest.SampleDestinationCpu (5368 ms)
[       OK ] warm_boot.BcmPortTest.SampleDestinationCpu (4124 ms)
[       OK ] cold_boot.BcmPortTest.AssertL3Enabled (5400 ms)
[       OK ] warm_boot.BcmPortTest.AssertL3Enabled (4159 ms)
[       OK ] cold_boot.BcmPortStressTest.statEnableLoop (8055 ms)
[       OK ] warm_boot.BcmPortStressTest.statEnableLoop (6391 ms)
[       OK ] cold_boot.BcmQosPolicyTest.QosPolicyCreate (5252 ms)
[       OK ] warm_boot.BcmQosPolicyTest.QosPolicyCreate (4331 ms)
[       OK ] cold_boot.BcmQosPolicyTest.QosPolicyCreateMultiple (5235 ms)
[       OK ] warm_boot.BcmQosPolicyTest.QosPolicyCreateMultiple (4280 ms)
[       OK ] cold_boot.BcmQosPolicyTest.QosPolicyDelete (5270 ms)
[       OK ] warm_boot.BcmQosPolicyTest.QosPolicyDelete (4318 ms)
[       OK ] cold_boot.BcmQosPolicyTest.QosPolicyModify (5244 ms)
[       OK ] warm_boot.BcmQosPolicyTest.QosPolicyModify (4318 ms)
[       OK ] cold_boot.BcmQosPolicyTest.QosPolicyInvalidQueueId (4284 ms)
[       OK ] cold_boot.BcmQosPolicyTest.QosPolicyInvalidDscp (3602 ms)
[       OK ] cold_boot.BcmQosPolicyTest.QosPolicyDefault (5238 ms)
[   FAILED ] warm_boot.BcmQosPolicyTest.QosPolicyDefault (0 ms)
[       OK ] cold_boot.BcmQosPolicyTest.QosPolicyRemoveDefault (5271 ms)
[       OK ] warm_boot.BcmQosPolicyTest.QosPolicyRemoveDefault (4294 ms)
[       OK ] cold_boot.BcmQosPolicyTest.QosPolicyOverrideDefault (5256 ms)
[   FAILED ] warm_boot.BcmQosPolicyTest.QosPolicyOverrideDefault (0 ms)
[       OK ] cold_boot.BcmQosPolicyTest.QosPolicyCPU (5234 ms)
[       OK ] warm_boot.BcmQosPolicyTest.QosPolicyCPU (4319 ms)
[       OK ] cold_boot.BcmQosPolicyTest.QosPolicyCPURemove (5237 ms)
[       OK ] warm_boot.BcmQosPolicyTest.QosPolicyCPURemove (4306 ms)
[       OK ] cold_boot.BcmQosPolicyTest.QosPolicySdkAssertions (3597 ms)
[       OK ] cold_boot.BcmQosPolicyTest.QosPolicyConfigMigrate (5268 ms)
[   FAILED ] warm_boot.BcmQosPolicyTest.QosPolicyConfigMigrate (0 ms)
[       OK ] cold_boot.BcmQosMapTest.BcmNumberOfQoSMaps (5216 ms)
[       OK ] warm_boot.BcmQosMapTest.BcmNumberOfQoSMaps (4292 ms)
[       OK ] cold_boot.BcmQosMapTest.BcmDscpMapWithRules (5243 ms)
[   FAILED ] warm_boot.BcmQosMapTest.BcmDscpMapWithRules (0 ms)
[   FAILED ] cold_boot.BcmQosMapTest.BcmAllQosMaps (0 ms)
[   FAILED ] warm_boot.BcmQosMapTest.BcmAllQosMaps (0 ms)
[       OK ] cold_boot.BcmRtag7Test.programLoadBalancerMap (4572 ms)
[       OK ] warm_boot.BcmRtag7Test.programLoadBalancerMap (3970 ms)
[       OK ] cold_boot.BcmRtag7Test.programMPLSLoadBalancer (4590 ms)
[       OK ] warm_boot.BcmRtag7Test.programMPLSLoadBalancer (3978 ms)
[       OK ] cold_boot.BcmRouteTest.AddRoutesAndCountPrintCheckToCPU (5740 ms)
[       OK ] warm_boot.BcmRouteTest.AddRoutesAndCountPrintCheckToCPU (4804 ms)
[       OK ] cold_boot.BcmRouteTest.AddV4NonHostRoute (5336 ms)
[       OK ] warm_boot.BcmRouteTest.AddV4NonHostRoute (4471 ms)
[       OK ] cold_boot.BcmRouteTest.AddV4HostRoute (5386 ms)
[       OK ] warm_boot.BcmRouteTest.AddV4HostRoute (4412 ms)
[       OK ] cold_boot.BcmRouteTest.AddV6NonHostRoute (5412 ms)
[       OK ] warm_boot.BcmRouteTest.AddV6NonHostRoute (4472 ms)
[       OK ] cold_boot.BcmRouteTest.AddV6HostRoute (5385 ms)
[       OK ] warm_boot.BcmRouteTest.AddV6HostRoute (4458 ms)
[       OK ] cold_boot.BcmRouteTest.HostRouteStat (4272 ms)
[       OK ] cold_boot.BcmRouteTest.LpmRouteV6Stat128b (4215 ms)
[       OK ] cold_boot.BcmRouteTest.BcmHostReference (4252 ms)
[       OK ] cold_boot.BcmRouteTest.EgressUpdateOnHostRouteUpdateOneHopToManyHops (5234 ms)
[       OK ] warm_boot.BcmRouteTest.EgressUpdateOnHostRouteUpdateOneHopToManyHops (4324 ms)
[       OK ] cold_boot.BcmRouteTest.UnresolveResolveNextHop (4256 ms)
[       OK ] cold_boot.BcmRouteHostReferenceTest.AddRouteAndCheckHostReference (5248 ms)
[       OK ] warm_boot.BcmRouteHostReferenceTest.AddRouteAndCheckHostReference (4304 ms)
[       OK ] cold_boot.BcmRouteHostReferenceTest.AddRoutesWithDistinctNextHopsAndCheckHostReference (5225 ms)
[       OK ] warm_boot.BcmRouteHostReferenceTest.AddRoutesWithDistinctNextHopsAndCheckHostReference (4314 ms)
[       OK ] cold_boot.BcmRouteHostReferenceTest.AddRoutesWithSharedNextHopsAndCheckHostReference (5266 ms)
[       OK ] warm_boot.BcmRouteHostReferenceTest.AddRoutesWithSharedNextHopsAndCheckHostReference (4313 ms)
[       OK ] cold_boot.BcmRouteHostReferenceTest.DeleteRoutesAndCheckHostReference (5230 ms)
[       OK ] warm_boot.BcmRouteHostReferenceTest.DeleteRoutesAndCheckHostReference (4283 ms)
[       OK ] cold_boot.BcmRouteHostReferenceTest.AddRouteAndCheckInvalidHostReference (5266 ms)
[       OK ] warm_boot.BcmRouteHostReferenceTest.AddRouteAndCheckInvalidHostReference (4316 ms)
[       OK ] cold_boot.BcmRouteHostReferenceTest.AddNoRoutesAndCheckDefaultHostReference (5203 ms)
[       OK ] warm_boot.BcmRouteHostReferenceTest.AddNoRoutesAndCheckDefaultHostReference (4351 ms)
[       OK ] cold_boot.BcmSwitchStateReplayTest.test (5063 ms)
[       OK ] warm_boot.BcmSwitchStateReplayTest.test (4292 ms)
[       OK ] cold_boot.BcmTrunkTest.TrunkCreateHighLowKeyIds (5356 ms)
[       OK ] warm_boot.BcmTrunkTest.TrunkCreateHighLowKeyIds (4502 ms)
[       OK ] cold_boot.BcmTrunkTest.TrunkCheckIngressPktAggPort (5335 ms)
[       OK ] warm_boot.BcmTrunkTest.TrunkCheckIngressPktAggPort (4538 ms)
[       OK ] cold_boot.BcmTrunkTest.TrunkMemberPortDownMinLinksViolated (5364 ms)
[       OK ] warm_boot.BcmTrunkTest.TrunkMemberPortDownMinLinksViolated (4554 ms)
[       OK ] cold_boot.BcmTrunkTest.findTrunkApiChecks (5345 ms)
[       OK ] warm_boot.BcmTrunkTest.findTrunkApiChecks (4526 ms)
[       OK ] cold_boot.BcmUnitTests.FlexportCalculate (0 ms)
[       OK ] cold_boot.BcmSflowTest.SflowSamplingEnabled (5850 ms)
[       OK ] warm_boot.BcmSflowTest.SflowSamplingEnabled (6018 ms)
[       OK ] cold_boot.BcmSflowTest.SflowSamplingDisabled (5869 ms)
[       OK ] warm_boot.BcmSflowTest.SflowSamplingDisabled (5035 ms)
[       OK ] cold_boot.BcmMultiAqmProfileTest.verifyWred (5965 ms)
[   FAILED ] warm_boot.BcmMultiAqmProfileTest.verifyWred (0 ms)
[       OK ] cold_boot.BcmMultiAqmProfileTest.verifyEcn (5930 ms)
[   FAILED ] warm_boot.BcmMultiAqmProfileTest.verifyEcn (0 ms)
[       OK ] cold_boot.BcmConfigVerifyQosTest.verifyDscpQueueMapping (5319 ms)
[       OK ] warm_boot.BcmConfigVerifyQosTest.verifyDscpQueueMapping (4512 ms)
[       OK ] cold_boot.BcmQcmDataTest.VerifyMonitorQcmCfgPortOnly (4912 ms)
[       OK ] cold_boot.BcmQcmDataTest.VerifyPortMonitoringPriorityPortsConfigured (4941 ms)
[       OK ] cold_boot.BcmQcmDataTest.VerifyPortMonitoringNoneConfigured (4898 ms)
[       OK ] cold_boot.BcmQcmDataTest.VerifyQcmFirmwareInit (4945 ms)
[       OK ] cold_boot.BcmQcmDataTest.FlowLearningPolicer (4912 ms)
[       OK ] cold_boot.BcmQcmDataTest.FlowLearning (4954 ms)
[       OK ] cold_boot.BcmQcmDataTest.MultiFlows (4925 ms)
[       OK ] cold_boot.BcmQcmDataTest.RestrictFlowLearning (4936 ms)
[       OK ] cold_boot.BcmQcmDataTest.VerifyQcmStartStop (4920 ms)
[       OK ] cold_boot.BcmQcmDataTest.VerifyQcmStartStopPddcMode (4935 ms)
[       OK ] cold_boot.BcmQcmDataTest.VerifyQcmPddcModeScanIntervalZero (4933 ms)
[       OK ] cold_boot.HwEcmpTest.L2ResolveOneNhopThenLinkDownThenUp (5431 ms)
[       OK ] warm_boot.HwEcmpTest.L2ResolveOneNhopThenLinkDownThenUp (4207 ms)
[       OK ] cold_boot.HwEcmpTest.ecmpToDropToEcmp (4535 ms)
[       OK ] cold_boot.HwEcmpTest.L2ResolveOneNhopThenLinkDownThenUpThenL2ResolveNhop (5462 ms)
[       OK ] warm_boot.HwEcmpTest.L2ResolveOneNhopThenLinkDownThenUpThenL2ResolveNhop (4180 ms)
[       OK ] cold_boot.HwEcmpTest.L2UnresolvedNhopsECMPInHWEmpty (5430 ms)
[       OK ] warm_boot.HwEcmpTest.L2UnresolvedNhopsECMPInHWEmpty (4248 ms)
[       OK ] cold_boot.HwEcmpTest.UcmpOverflowZero (5465 ms)
[       OK ] warm_boot.HwEcmpTest.UcmpOverflowZero (4209 ms)
[       OK ] cold_boot.HwEcmpTest.UcmpOverflowZeroNotEnoughToRoundUp (5501 ms)
[       OK ] warm_boot.HwEcmpTest.UcmpOverflowZeroNotEnoughToRoundUp (4208 ms)
[       OK ] cold_boot.HwEcmpTest.ResolvePendingResolveNexthop (5448 ms)
[       OK ] warm_boot.HwEcmpTest.ResolvePendingResolveNexthop (4169 ms)
[       OK ] cold_boot.HwEcmpTest.UcmpL2ResolveAllNhopsInThenLinkDown (4526 ms)
[       OK ] cold_boot.HwEcmpTest.UcmpL2ResolveBothNhopsInThenLinkFlap (4519 ms)
[       OK ] cold_boot.HwRouteScaleTest.rswRouteScale (3583 ms)
[       OK ] cold_boot.HwRouteScaleTest.fswRouteScale (3584 ms)
[       OK ] cold_boot.HwRouteScaleTest.thAlpmScale (3583 ms)
[       OK ] cold_boot.HwRouteScaleTest.hgridDuScaleTest (3565 ms)
[       OK ] cold_boot.HwRouteScaleTest.hgridUuScaleTest (3576 ms)
[       OK ] cold_boot.HwRouteScaleTest.turboFabricScaleTest (3574 ms)
[       OK ] cold_boot.HwTest.overflowRoutes (34051 ms)
[       OK ] cold_boot.HwVlanTest.VlanApplyConfig (5231 ms)
[       OK ] warm_boot.HwVlanTest.VlanApplyConfig (4270 ms)
[       OK ] cold_boot.HwL2ClassIDTest.VerifyClassID (5319 ms)
[       OK ] warm_boot.HwL2ClassIDTest.VerifyClassID (4341 ms)
[       OK ] cold_boot.HwAclMatchActionsTest.AddTrafficPolicy (5241 ms)
[       OK ] warm_boot.HwAclMatchActionsTest.AddTrafficPolicy (4320 ms)
[       OK ] cold_boot.HwAclMatchActionsTest.SetDscpMatchAction (5222 ms)
[       OK ] warm_boot.HwAclMatchActionsTest.SetDscpMatchAction (4329 ms)
[       OK ] cold_boot.HwAclMatchActionsTest.AddSameMatcherTwice (5245 ms)
[       OK ] warm_boot.HwAclMatchActionsTest.AddSameMatcherTwice (4290 ms)
[       OK ] cold_boot.HwAclMatchActionsTest.AddMultipleActions (5225 ms)
[       OK ] warm_boot.HwAclMatchActionsTest.AddMultipleActions (4281 ms)
[       OK ] cold_boot.HwAclMatchActionsTest.AddRemoveActions (5240 ms)
[       OK ] warm_boot.HwAclMatchActionsTest.AddRemoveActions (4312 ms)
[       OK ] cold_boot.HwAclMatchActionsTest.AddTrafficPolicyMultipleRemoveOne (5228 ms)
[       OK ] warm_boot.HwAclMatchActionsTest.AddTrafficPolicyMultipleRemoveOne (4306 ms)
[       OK ] cold_boot.HwAclPriorityTest.CheckAclPriorityOrder (5249 ms)
[       OK ] warm_boot.HwAclPriorityTest.CheckAclPriorityOrder (4334 ms)
[       OK ] cold_boot.HwAclPriorityTest.CheckAclPriortyOrderInsertMiddle (5255 ms)
[       OK ] warm_boot.HwAclPriorityTest.CheckAclPriortyOrderInsertMiddle (4331 ms)
[       OK ] cold_boot.HwAclPriorityTest.AclNameChange (5255 ms)
[       OK ] warm_boot.HwAclPriorityTest.AclNameChange (4301 ms)
[       OK ] cold_boot.HwAclQualifierTest.AclIp4TcpQualifiers (5225 ms)
[       OK ] warm_boot.HwAclQualifierTest.AclIp4TcpQualifiers (4269 ms)
[       OK ] cold_boot.HwAclQualifierTest.AclIp6TcpQualifiers (5221 ms)
[       OK ] warm_boot.HwAclQualifierTest.AclIp6TcpQualifiers (4303 ms)
[       OK ] cold_boot.HwAclQualifierTest.AclIcmp4Qualifiers (5228 ms)
[       OK ] warm_boot.HwAclQualifierTest.AclIcmp4Qualifiers (4300 ms)
[       OK ] cold_boot.HwAclQualifierTest.AclIcmp6Qualifiers (5240 ms)
[       OK ] warm_boot.HwAclQualifierTest.AclIcmp6Qualifiers (4356 ms)
[       OK ] cold_boot.HwAclQualifierTest.AclRemove (5247 ms)
[       OK ] warm_boot.HwAclQualifierTest.AclRemove (4309 ms)
[       OK ] cold_boot.HwAclQualifierTest.AclModifyQualifier (5258 ms)
[       OK ] warm_boot.HwAclQualifierTest.AclModifyQualifier (4346 ms)
[       OK ] cold_boot.HwAclQualifierTest.AclEmptyCodeIcmp (5234 ms)
[       OK ] warm_boot.HwAclQualifierTest.AclEmptyCodeIcmp (4337 ms)
[       OK ] cold_boot.HwAclQualifierTest.AclIp4Qualifiers (5248 ms)
[       OK ] warm_boot.HwAclQualifierTest.AclIp4Qualifiers (4318 ms)
[       OK ] cold_boot.HwAclQualifierTest.AclIp6Qualifiers (5261 ms)
[       OK ] warm_boot.HwAclQualifierTest.AclIp6Qualifiers (4315 ms)
[       OK ] cold_boot.HwAclQualifierTest.AclIp4AndLookupClassQualifiers (5257 ms)
[       OK ] warm_boot.HwAclQualifierTest.AclIp4AndLookupClassQualifiers (4271 ms)
[       OK ] cold_boot.HwAclQualifierTest.AclIp6AndLookupClassQualifiers (5238 ms)
[       OK ] warm_boot.HwAclQualifierTest.AclIp6AndLookupClassQualifiers (4321 ms)
[       OK ] cold_boot.HwAclStatTest.AclStatCreate (5227 ms)
[       OK ] warm_boot.HwAclStatTest.AclStatCreate (4332 ms)
[       OK ] cold_boot.HwAclStatTest.AclStatMultipleCounters (5254 ms)
[       OK ] warm_boot.HwAclStatTest.AclStatMultipleCounters (4278 ms)
[       OK ] cold_boot.HwAclStatTest.AclStatChangeCounterType (5313 ms)
[       OK ] warm_boot.HwAclStatTest.AclStatChangeCounterType (4360 ms)
[       OK ] cold_boot.HwAclStatTest.AclStatCreateShared (5291 ms)
[       OK ] warm_boot.HwAclStatTest.AclStatCreateShared (4200 ms)
[       OK ] cold_boot.HwAclStatTest.AclStatCreateMultiple (5251 ms)
[       OK ] warm_boot.HwAclStatTest.AclStatCreateMultiple (4167 ms)
[       OK ] cold_boot.HwAclStatTest.AclStatMultipleActions (5323 ms)
[       OK ] warm_boot.HwAclStatTest.AclStatMultipleActions (4312 ms)
[       OK ] cold_boot.HwAclStatTest.AclStatDelete (5265 ms)
[       OK ] warm_boot.HwAclStatTest.AclStatDelete (4344 ms)
[       OK ] cold_boot.HwAclStatTest.AclStatDeleteShared (5232 ms)
[       OK ] warm_boot.HwAclStatTest.AclStatDeleteShared (4316 ms)
[       OK ] cold_boot.HwAclStatTest.AclStatRename (5246 ms)
[       OK ] warm_boot.HwAclStatTest.AclStatRename (4368 ms)
[       OK ] cold_boot.HwAclStatTest.AclStatRenameShared (5259 ms)
[       OK ] warm_boot.HwAclStatTest.AclStatRenameShared (4339 ms)
[       OK ] cold_boot.HwAclStatTest.AclStatCreateSameTwice (4280 ms)
[       OK ] cold_boot.HwAclStatTest.AclStatDeleteNonExistent (4290 ms)
[       OK ] cold_boot.HwAclStatTest.AclStatModify (5262 ms)
[       OK ] warm_boot.HwAclStatTest.AclStatModify (4329 ms)
[       OK ] cold_boot.HwAclStatTest.AclStatShuffle (5234 ms)
[       OK ] warm_boot.HwAclStatTest.AclStatShuffle (4351 ms)
[       OK ] cold_boot.HwAclStatTest.StatNumberOfCounters (5255 ms)
[       OK ] warm_boot.HwAclStatTest.StatNumberOfCounters (4279 ms)
[       OK ] cold_boot.HwPortStressTest.adminStateToggle (6588 ms)
[       OK ] warm_boot.HwPortStressTest.adminStateToggle (5273 ms)
[       OK ] cold_boot.HwPortStressTest.linkStateToggle (14967 ms)
[       OK ] warm_boot.HwPortStressTest.linkStateToggle (13797 ms)
[       OK ] cold_boot.HwResourceStatsTest.l3Stats (5301 ms)
[       OK ] warm_boot.HwResourceStatsTest.l3Stats (4549 ms)
[       OK ] cold_boot.HwResourceStatsTest.aclStats (5300 ms)
[       OK ] warm_boot.HwResourceStatsTest.aclStats (4539 ms)
[       OK ] cold_boot.HwFlexPortTest.FlexPortTWOX50G (5309 ms)
[       OK ] warm_boot.HwFlexPortTest.FlexPortTWOX50G (4347 ms)
[       OK ] cold_boot.HwFlexPortTest.FlexPortFOURX10G (5325 ms)
[       OK ] warm_boot.HwFlexPortTest.FlexPortFOURX10G (4360 ms)
[       OK ] cold_boot.HwFlexPortTest.FlexPortFOURX25G (5331 ms)
[       OK ] warm_boot.HwFlexPortTest.FlexPortFOURX25G (4334 ms)
[       OK ] cold_boot.HwFlexPortTest.FlexPortONEX40G (5270 ms)
[       OK ] warm_boot.HwFlexPortTest.FlexPortONEX40G (4267 ms)
[       OK ] cold_boot.HwFlexPortTest.FlexPortONEX100G (5260 ms)
[       OK ] warm_boot.HwFlexPortTest.FlexPortONEX100G (4341 ms)
[       OK ] cold_boot.HwAclCounterTest.TestCounterBumpOnHit (5457 ms)
[       OK ] warm_boot.HwAclCounterTest.TestCounterBumpOnHit (4153 ms)
[       OK ] cold_boot.HwAclCounterTest.TestCounterNoHitNoBump (5468 ms)
[       OK ] warm_boot.HwAclCounterTest.TestCounterNoHitNoBump (4199 ms)
[       OK ] cold_boot.HwCoppTest.VerifyCoppPpsLowPri (17814 ms)
[       OK ] warm_boot.HwCoppTest.VerifyCoppPpsLowPri (16929 ms)
[       OK ] cold_boot.HwCoppTest.LocalDstIpBgpPortToHighPriQ (5937 ms)
[       OK ] warm_boot.HwCoppTest.LocalDstIpBgpPortToHighPriQ (6111 ms)
[       OK ] cold_boot.HwCoppTest.LocalDstIpNonBgpPortToMidPriQ (5930 ms)
[       OK ] warm_boot.HwCoppTest.LocalDstIpNonBgpPortToMidPriQ (6071 ms)
[       OK ] cold_boot.HwCoppTest.Ipv6LinkLocalMcastToMidPriQ (5967 ms)
[       OK ] warm_boot.HwCoppTest.Ipv6LinkLocalMcastToMidPriQ (6030 ms)
[       OK ] cold_boot.HwCoppTest.Ipv6LinkLocalMcastTxFromCpu (10992 ms)
[       OK ] warm_boot.HwCoppTest.Ipv6LinkLocalMcastTxFromCpu (10075 ms)
[       OK ] cold_boot.HwCoppTest.Ipv6LinkLocalUcastToMidPriQ (5903 ms)
[       OK ] warm_boot.HwCoppTest.Ipv6LinkLocalUcastToMidPriQ (6077 ms)
[       OK ] cold_boot.HwCoppTest.SlowProtocolsMacToHighPriQ (5903 ms)
[       OK ] warm_boot.HwCoppTest.SlowProtocolsMacToHighPriQ (6080 ms)
[       OK ] cold_boot.HwCoppTest.DstIpNetworkControlDscpToHighPriQ (10971 ms)
[       OK ] warm_boot.HwCoppTest.DstIpNetworkControlDscpToHighPriQ (11033 ms)
[       OK ] cold_boot.HwCoppTest.Ipv6LinkLocalUcastIpNetworkControlDscpToHighPriQ (5961 ms)
[       OK ] warm_boot.HwCoppTest.Ipv6LinkLocalUcastIpNetworkControlDscpToHighPriQ (6040 ms)
[       OK ] cold_boot.HwCoppTest.Ipv6LinkLocalMcastNetworkControlDscpToHighPriQ (5945 ms)
[       OK ] warm_boot.HwCoppTest.Ipv6LinkLocalMcastNetworkControlDscpToHighPriQ (6087 ms)
[       OK ] cold_boot.HwCoppTest.L3MTUErrorToLowPriQ (5941 ms)
[       OK ] warm_boot.HwCoppTest.L3MTUErrorToLowPriQ (6048 ms)
[       OK ] cold_boot.HwCoppTest.ArpRequestAndReplyToHighPriQ (5950 ms)
[       OK ] warm_boot.HwCoppTest.ArpRequestAndReplyToHighPriQ (6031 ms)
[       OK ] cold_boot.HwDscpQueueMappingTest.CheckDscpQueueMapping (5757 ms)
[       OK ] warm_boot.HwDscpQueueMappingTest.CheckDscpQueueMapping (4955 ms)
[       OK ] cold_boot.HwDscpQueueMappingTest.AclAndQosMap (5752 ms)
[       OK ] warm_boot.HwDscpQueueMappingTest.AclAndQosMap (5019 ms)
[       OK ] cold_boot.HwDscpQueueMappingTest.AclAndQosMapConflict (5963 ms)
[       OK ] warm_boot.HwDscpQueueMappingTest.AclAndQosMapConflict (5129 ms)
[       OK ] cold_boot.HwAqmTest.verifyEcn (5968 ms)
[   FAILED ] warm_boot.HwAqmTest.verifyEcn (0 ms)
[   FAILED ] cold_boot.HwAqmTest.verifyWred (0 ms)
[   FAILED ] warm_boot.HwAqmTest.verifyWred (0 ms)
[       OK ] cold_boot.HwJumboFramesTest.JumboFramesGetThrough (5722 ms)
[       OK ] warm_boot.HwJumboFramesTest.JumboFramesGetThrough (4893 ms)
[       OK ] cold_boot.HwJumboFramesTest.SuperJumboFramesGetDropped (8118 ms)
[       OK ] warm_boot.HwJumboFramesTest.SuperJumboFramesGetDropped (7328 ms)
[       OK ] cold_boot.HwInDiscardsCounterTest.nullRouteHit (6093 ms)
[       OK ] warm_boot.HwInDiscardsCounterTest.nullRouteHit (4863 ms)
[       OK ] cold_boot.HwInPauseDiscardsCounterTest.rxPauseDisabled (5905 ms)
[       OK ] warm_boot.HwInPauseDiscardsCounterTest.rxPauseDisabled (4600 ms)
[       OK ] cold_boot.HwInPauseDiscardsCounterTest.rxPauseEnabled (5883 ms)
[       OK ] warm_boot.HwInPauseDiscardsCounterTest.rxPauseEnabled (4663 ms)
[       OK ] cold_boot.HwL4PortBlackHolingTest.v6UDP (14148 ms)
[       OK ] warm_boot.HwL4PortBlackHolingTest.v6UDP (13597 ms)
[       OK ] cold_boot.HwL4PortBlackHolingTest.v4UDP (14443 ms)
[       OK ] warm_boot.HwL4PortBlackHolingTest.v4UDP (13493 ms)
[       OK ] cold_boot.HwMPLSTest.Push (6110 ms)
[   FAILED ] warm_boot.HwMPLSTest.Push (0 ms)
[       OK ] cold_boot.HwMPLSTest.Swap (6065 ms)
[   FAILED ] warm_boot.HwMPLSTest.Swap (0 ms)
[       OK ] cold_boot.HwMacLearningStaticEntriesTest.VerifyStaticMacEntryAdd (7784 ms)
[       OK ] warm_boot.HwMacLearningStaticEntriesTest.VerifyStaticMacEntryAdd (6967 ms)
[       OK ] cold_boot.HwMacLearningStaticEntriesTest.VerifyStaticDynamicTransformations (12673 ms)
[       OK ] warm_boot.HwMacLearningStaticEntriesTest.VerifyStaticDynamicTransformations (6920 ms)
[       OK ] cold_boot.HwMacLearningTest.VerifyMacLearningScale (6740 ms)
[       OK ] warm_boot.HwMacLearningTest.VerifyMacLearningScale (5421 ms)
[       OK ] cold_boot.HwMacLearningTest.VerifyHwLearningForPort (5957 ms)
[       OK ] warm_boot.HwMacLearningTest.VerifyHwLearningForPort (4954 ms)
[       OK ] cold_boot.HwMacLearningTest.VerifyHwLearningForTrunk (5971 ms)
[       OK ] warm_boot.HwMacLearningTest.VerifyHwLearningForTrunk (4954 ms)
[       OK ] cold_boot.HwMacLearningTest.VerifyHwAgingForPort (11675 ms)
[       OK ] warm_boot.HwMacLearningTest.VerifyHwAgingForPort (11006 ms)
[       OK ] cold_boot.HwMacLearningTest.VerifyHwAgingForTrunk (11690 ms)
[       OK ] warm_boot.HwMacLearningTest.VerifyHwAgingForTrunk (11118 ms)
[       OK ] cold_boot.HwMacLearningTest.VerifyHwToSwLearningForPort (5990 ms)
[       OK ] warm_boot.HwMacLearningTest.VerifyHwToSwLearningForPort (5024 ms)
[       OK ] cold_boot.HwMacLearningTest.VerifySwToHwLearningForPort (5645 ms)
[       OK ] warm_boot.HwMacLearningTest.VerifySwToHwLearningForPort (7575 ms)
[       OK ] cold_boot.HwMacSwLearningModeTest.VerifySwLearningForPort (5589 ms)
[       OK ] warm_boot.HwMacSwLearningModeTest.VerifySwLearningForPort (4539 ms)
[       OK ] cold_boot.HwMacSwLearningModeTest.VerifySwLearningForTrunk (5602 ms)
[       OK ] warm_boot.HwMacSwLearningModeTest.VerifySwLearningForTrunk (4577 ms)
[       OK ] cold_boot.HwMacSwLearningModeTest.VerifySwAgingForPort (6681 ms)
[       OK ] warm_boot.HwMacSwLearningModeTest.VerifySwAgingForPort (5873 ms)
[       OK ] cold_boot.HwMacSwLearningModeTest.VerifySwAgingForTrunk (6679 ms)
[       OK ] warm_boot.HwMacSwLearningModeTest.VerifySwAgingForTrunk (5829 ms)
[       OK ] cold_boot.HwMacSwLearningModeTest.VerifyNbrMacInL2Table (4395 ms)
[       OK ] cold_boot.HwMacSwLearningModeTest.VerifyCallbacksOnMacEntryChange (21744 ms)
[       OK ] warm_boot.HwMacSwLearningModeTest.VerifyCallbacksOnMacEntryChange (20895 ms)
[       OK ] cold_boot.HwMacLearningMacMoveTest.VerifyMacMoveForPort (6884 ms)
[       OK ] warm_boot.HwMacLearningMacMoveTest.VerifyMacMoveForPort (6205 ms)
[       OK ] cold_boot.HwLoadBalancerTestV4.EcmpLoadBalanceFullHashCpuTraffic (6238 ms)
[       OK ] warm_boot.HwLoadBalancerTestV4.EcmpLoadBalanceFullHashCpuTraffic (4947 ms)
[       OK ] cold_boot.HwLoadBalancerTestV4.EcmpLoadBalanceHalfHashCpuTraffic (6253 ms)
[       OK ] warm_boot.HwLoadBalancerTestV4.EcmpLoadBalanceHalfHashCpuTraffic (4947 ms)
[       OK ] cold_boot.HwLoadBalancerTestV4.UcmpLoadBalanceFullHashCpuTraffic (6271 ms)
[       OK ] warm_boot.HwLoadBalancerTestV4.UcmpLoadBalanceFullHashCpuTraffic (4980 ms)
[       OK ] cold_boot.HwLoadBalancerTestV4.UcmpLoadBalanceHalfHashCpuTraffic (6388 ms)
[       OK ] warm_boot.HwLoadBalancerTestV4.UcmpLoadBalanceHalfHashCpuTraffic (5066 ms)
[       OK ] cold_boot.HwLoadBalancerTestV4.EcmpLoadBalanceFullHashFrontPanelTraffic (6143 ms)
[       OK ] warm_boot.HwLoadBalancerTestV4.EcmpLoadBalanceFullHashFrontPanelTraffic (4682 ms)
[       OK ] cold_boot.HwLoadBalancerTestV4.EcmpLoadBalanceHalfHashFrontPanelTraffic (6129 ms)
[       OK ] warm_boot.HwLoadBalancerTestV4.EcmpLoadBalanceHalfHashFrontPanelTraffic (4644 ms)
[       OK ] cold_boot.HwLoadBalancerTestV4.UcmpLoadBalanceFullHashFrontPanelTraffic (6285 ms)
[       OK ] warm_boot.HwLoadBalancerTestV4.UcmpLoadBalanceFullHashFrontPanelTraffic (4734 ms)
[       OK ] cold_boot.HwLoadBalancerTestV4.UcmpLoadBalanceHalfHashFrontPanelTraffic (6212 ms)
[       OK ] warm_boot.HwLoadBalancerTestV4.UcmpLoadBalanceHalfHashFrontPanelTraffic (4766 ms)
[       OK ] cold_boot.HwLoadBalancerTestV4.ECMPShrinkExpandLoadBalanceFullHashCpuTraffic (15556 ms)
[       OK ] cold_boot.HwLoadBalancerTestV4.ECMPShrinkExpandLoadBalanceHalfHashCpuTraffic (15592 ms)
[       OK ] cold_boot.HwLoadBalancerTestV6.EcmpLoadBalanceFullHashCpuTraffic (6257 ms)
[       OK ] warm_boot.HwLoadBalancerTestV6.EcmpLoadBalanceFullHashCpuTraffic (4993 ms)
[       OK ] cold_boot.HwLoadBalancerTestV6.EcmpLoadBalanceHalfHashCpuTraffic (6235 ms)
[       OK ] warm_boot.HwLoadBalancerTestV6.EcmpLoadBalanceHalfHashCpuTraffic (4944 ms)
[       OK ] cold_boot.HwLoadBalancerTestV6.UcmpLoadBalanceFullHashCpuTraffic (6270 ms)
[       OK ] warm_boot.HwLoadBalancerTestV6.UcmpLoadBalanceFullHashCpuTraffic (4958 ms)
[       OK ] cold_boot.HwLoadBalancerTestV6.UcmpLoadBalanceHalfHashCpuTraffic (6265 ms)
[       OK ] warm_boot.HwLoadBalancerTestV6.UcmpLoadBalanceHalfHashCpuTraffic (4970 ms)
[       OK ] cold_boot.HwLoadBalancerTestV6.EcmpLoadBalanceFullHashFrontPanelTraffic (6079 ms)
[       OK ] warm_boot.HwLoadBalancerTestV6.EcmpLoadBalanceFullHashFrontPanelTraffic (4775 ms)
[       OK ] cold_boot.HwLoadBalancerTestV6.EcmpLoadBalanceHalfHashFrontPanelTraffic (6067 ms)
[       OK ] warm_boot.HwLoadBalancerTestV6.EcmpLoadBalanceHalfHashFrontPanelTraffic (4772 ms)
[       OK ] cold_boot.HwLoadBalancerTestV6.UcmpLoadBalanceFullHashFrontPanelTraffic (6068 ms)
[       OK ] warm_boot.HwLoadBalancerTestV6.UcmpLoadBalanceFullHashFrontPanelTraffic (4786 ms)
[       OK ] cold_boot.HwLoadBalancerTestV6.UcmpLoadBalanceHalfHashFrontPanelTraffic (6079 ms)
[       OK ] warm_boot.HwLoadBalancerTestV6.UcmpLoadBalanceHalfHashFrontPanelTraffic (4774 ms)
[       OK ] cold_boot.HwLoadBalancerTestV6.ECMPShrinkExpandLoadBalanceFullHashCpuTraffic (15554 ms)
[       OK ] cold_boot.HwLoadBalancerTestV6.ECMPShrinkExpandLoadBalanceHalfHashCpuTraffic (15775 ms)
[       OK ] cold_boot.HwLoadBalancerTestV4ToMpls.EcmpLoadBalanceFullHashCpuTraffic (6236 ms)
[       OK ] warm_boot.HwLoadBalancerTestV4ToMpls.EcmpLoadBalanceFullHashCpuTraffic (4994 ms)
[       OK ] cold_boot.HwLoadBalancerTestV4ToMpls.EcmpLoadBalanceHalfHashCpuTraffic (6240 ms)
[       OK ] warm_boot.HwLoadBalancerTestV4ToMpls.EcmpLoadBalanceHalfHashCpuTraffic (4993 ms)
[       OK ] cold_boot.HwLoadBalancerTestV4ToMpls.UcmpLoadBalanceFullHashCpuTraffic (6278 ms)
[       OK ] warm_boot.HwLoadBalancerTestV4ToMpls.UcmpLoadBalanceFullHashCpuTraffic (4929 ms)
[       OK ] cold_boot.HwLoadBalancerTestV4ToMpls.UcmpLoadBalanceHalfHashCpuTraffic (6233 ms)
[       OK ] warm_boot.HwLoadBalancerTestV4ToMpls.UcmpLoadBalanceHalfHashCpuTraffic (4884 ms)
[       OK ] cold_boot.HwLoadBalancerTestV4ToMpls.EcmpLoadBalanceFullHashFrontPanelTraffic (6027 ms)
[       OK ] warm_boot.HwLoadBalancerTestV4ToMpls.EcmpLoadBalanceFullHashFrontPanelTraffic (4736 ms)
[       OK ] cold_boot.HwLoadBalancerTestV4ToMpls.EcmpLoadBalanceHalfHashFrontPanelTraffic (5993 ms)
[       OK ] warm_boot.HwLoadBalancerTestV4ToMpls.EcmpLoadBalanceHalfHashFrontPanelTraffic (4750 ms)
[       OK ] cold_boot.HwLoadBalancerTestV4ToMpls.UcmpLoadBalanceFullHashFrontPanelTraffic (6043 ms)
[       OK ] warm_boot.HwLoadBalancerTestV4ToMpls.UcmpLoadBalanceFullHashFrontPanelTraffic (4798 ms)
[       OK ] cold_boot.HwLoadBalancerTestV4ToMpls.UcmpLoadBalanceHalfHashFrontPanelTraffic (6045 ms)
[       OK ] warm_boot.HwLoadBalancerTestV4ToMpls.UcmpLoadBalanceHalfHashFrontPanelTraffic (4792 ms)
[       OK ] cold_boot.HwLoadBalancerTestV4ToMpls.ECMPShrinkExpandLoadBalanceFullHashCpuTraffic (15607 ms)
[       OK ] cold_boot.HwLoadBalancerTestV4ToMpls.ECMPShrinkExpandLoadBalanceHalfHashCpuTraffic (15508 ms)
[       OK ] cold_boot.HwLoadBalancerTestV6ToMpls.EcmpLoadBalanceFullHashCpuTraffic (6257 ms)
[       OK ] warm_boot.HwLoadBalancerTestV6ToMpls.EcmpLoadBalanceFullHashCpuTraffic (5000 ms)
[       OK ] cold_boot.HwLoadBalancerTestV6ToMpls.EcmpLoadBalanceHalfHashCpuTraffic (6216 ms)
[       OK ] warm_boot.HwLoadBalancerTestV6ToMpls.EcmpLoadBalanceHalfHashCpuTraffic (4916 ms)
[       OK ] cold_boot.HwLoadBalancerTestV6ToMpls.UcmpLoadBalanceFullHashCpuTraffic (6245 ms)
[       OK ] warm_boot.HwLoadBalancerTestV6ToMpls.UcmpLoadBalanceFullHashCpuTraffic (4935 ms)
[       OK ] cold_boot.HwLoadBalancerTestV6ToMpls.UcmpLoadBalanceHalfHashCpuTraffic (6264 ms)
[       OK ] warm_boot.HwLoadBalancerTestV6ToMpls.UcmpLoadBalanceHalfHashCpuTraffic (4970 ms)
[       OK ] cold_boot.HwLoadBalancerTestV6ToMpls.EcmpLoadBalanceFullHashFrontPanelTraffic (6042 ms)
[       OK ] warm_boot.HwLoadBalancerTestV6ToMpls.EcmpLoadBalanceFullHashFrontPanelTraffic (4819 ms)
[       OK ] cold_boot.HwLoadBalancerTestV6ToMpls.EcmpLoadBalanceHalfHashFrontPanelTraffic (6055 ms)
[       OK ] warm_boot.HwLoadBalancerTestV6ToMpls.EcmpLoadBalanceHalfHashFrontPanelTraffic (4772 ms)
[       OK ] cold_boot.HwLoadBalancerTestV6ToMpls.UcmpLoadBalanceFullHashFrontPanelTraffic (6045 ms)
[       OK ] warm_boot.HwLoadBalancerTestV6ToMpls.UcmpLoadBalanceFullHashFrontPanelTraffic (4755 ms)
[       OK ] cold_boot.HwLoadBalancerTestV6ToMpls.UcmpLoadBalanceHalfHashFrontPanelTraffic (6043 ms)
[       OK ] warm_boot.HwLoadBalancerTestV6ToMpls.UcmpLoadBalanceHalfHashFrontPanelTraffic (4763 ms)
[       OK ] cold_boot.HwLoadBalancerTestV6ToMpls.ECMPShrinkExpandLoadBalanceFullHashCpuTraffic (15624 ms)
[       OK ] cold_boot.HwLoadBalancerTestV6ToMpls.ECMPShrinkExpandLoadBalanceHalfHashCpuTraffic (15650 ms)
[       OK ] cold_boot.HwLoadBalancerTestsV4InMplsPhp.EcmpLoadBalanceFullHashFrontPanelTraffic (6085 ms)
[       OK ] warm_boot.HwLoadBalancerTestsV4InMplsPhp.EcmpLoadBalanceFullHashFrontPanelTraffic (4854 ms)
[       OK ] cold_boot.HwLoadBalancerTestsV4InMplsPhp.EcmpLoadBalanceHalfHashFrontPanelTraffic (6093 ms)
[       OK ] warm_boot.HwLoadBalancerTestsV4InMplsPhp.EcmpLoadBalanceHalfHashFrontPanelTraffic (4832 ms)
[       OK ] cold_boot.HwLoadBalancerTestsV4InMplsPhp.UcmpLoadBalanceFullHashFrontPanelTraffic (6103 ms)
[       OK ] warm_boot.HwLoadBalancerTestsV4InMplsPhp.UcmpLoadBalanceFullHashFrontPanelTraffic (4827 ms)
[       OK ] cold_boot.HwLoadBalancerTestsV4InMplsPhp.UcmpLoadBalanceHalfHashFrontPanelTraffic (6093 ms)
[       OK ] warm_boot.HwLoadBalancerTestsV4InMplsPhp.UcmpLoadBalanceHalfHashFrontPanelTraffic (4781 ms)
[       OK ] cold_boot.HwLoadBalancerTestsV6InMplsPhp.EcmpLoadBalanceFullHashFrontPanelTraffic (6066 ms)
[       OK ] warm_boot.HwLoadBalancerTestsV6InMplsPhp.EcmpLoadBalanceFullHashFrontPanelTraffic (4809 ms)
[       OK ] cold_boot.HwLoadBalancerTestsV6InMplsPhp.EcmpLoadBalanceHalfHashFrontPanelTraffic (6059 ms)
[       OK ] warm_boot.HwLoadBalancerTestsV6InMplsPhp.EcmpLoadBalanceHalfHashFrontPanelTraffic (4822 ms)
[       OK ] cold_boot.HwLoadBalancerTestsV6InMplsPhp.UcmpLoadBalanceFullHashFrontPanelTraffic (6082 ms)
[       OK ] warm_boot.HwLoadBalancerTestsV6InMplsPhp.UcmpLoadBalanceFullHashFrontPanelTraffic (4795 ms)
[       OK ] cold_boot.HwLoadBalancerTestsV6InMplsPhp.UcmpLoadBalanceHalfHashFrontPanelTraffic (6097 ms)
[       OK ] warm_boot.HwLoadBalancerTestsV6InMplsPhp.UcmpLoadBalanceHalfHashFrontPanelTraffic (4835 ms)
[       OK ] cold_boot.HwLoadBalancerTestsV4InMplsSwap.EcmpLoadBalanceFullHashFrontPanelTraffic (6105 ms)
[       OK ] warm_boot.HwLoadBalancerTestsV4InMplsSwap.EcmpLoadBalanceFullHashFrontPanelTraffic (4784 ms)
[       OK ] cold_boot.HwLoadBalancerTestsV4InMplsSwap.EcmpLoadBalanceHalfHashFrontPanelTraffic (6146 ms)
[       OK ] warm_boot.HwLoadBalancerTestsV4InMplsSwap.EcmpLoadBalanceHalfHashFrontPanelTraffic (4846 ms)
[       OK ] cold_boot.HwLoadBalancerTestsV4InMplsSwap.UcmpLoadBalanceFullHashFrontPanelTraffic (6095 ms)
[       OK ] warm_boot.HwLoadBalancerTestsV4InMplsSwap.UcmpLoadBalanceFullHashFrontPanelTraffic (4825 ms)
[       OK ] cold_boot.HwLoadBalancerTestsV4InMplsSwap.UcmpLoadBalanceHalfHashFrontPanelTraffic (6077 ms)
[       OK ] warm_boot.HwLoadBalancerTestsV4InMplsSwap.UcmpLoadBalanceHalfHashFrontPanelTraffic (4858 ms)
[       OK ] cold_boot.HwLoadBalancerTestsV6InMplsSwap.EcmpLoadBalanceFullHashFrontPanelTraffic (6081 ms)
[       OK ] warm_boot.HwLoadBalancerTestsV6InMplsSwap.EcmpLoadBalanceFullHashFrontPanelTraffic (4822 ms)
[       OK ] cold_boot.HwLoadBalancerTestsV6InMplsSwap.EcmpLoadBalanceHalfHashFrontPanelTraffic (6106 ms)
[       OK ] warm_boot.HwLoadBalancerTestsV6InMplsSwap.EcmpLoadBalanceHalfHashFrontPanelTraffic (4848 ms)
[       OK ] cold_boot.HwLoadBalancerTestsV6InMplsSwap.UcmpLoadBalanceFullHashFrontPanelTraffic (6100 ms)
[       OK ] warm_boot.HwLoadBalancerTestsV6InMplsSwap.UcmpLoadBalanceFullHashFrontPanelTraffic (4814 ms)
[       OK ] cold_boot.HwLoadBalancerTestsV6InMplsSwap.UcmpLoadBalanceHalfHashFrontPanelTraffic (6125 ms)
[       OK ] warm_boot.HwLoadBalancerTestsV6InMplsSwap.UcmpLoadBalanceHalfHashFrontPanelTraffic (4826 ms)
[       OK ] cold_boot.HwMmuTuningTest.verifyReservedBytesTuning (7873 ms)
[   FAILED ] warm_boot.HwMmuTuningTest.verifyReservedBytesTuning (0 ms)
[       OK ] cold_boot.HwMmuTuningTest.verifyScalingFactorTuning (7856 ms)
[   FAILED ] warm_boot.HwMmuTuningTest.verifyScalingFactorTuning (0 ms)
[       OK ] cold_boot.HwOlympicQosTests.VerifyDscpQueueMappingFrontPanel (5890 ms)
[   FAILED ] warm_boot.HwOlympicQosTests.VerifyDscpQueueMappingFrontPanel (0 ms)
[       OK ] cold_boot.HwOlympicQosTests.VerifyDscpQueueMappingCpu (5863 ms)
[   FAILED ] warm_boot.HwOlympicQosTests.VerifyDscpQueueMappingCpu (0 ms)
[       OK ] cold_boot.HwOlympicQosSchedulerTest.VerifyWRR (8801 ms)
[   FAILED ] warm_boot.HwOlympicQosSchedulerTest.VerifyWRR (0 ms)
[       OK ] cold_boot.HwOlympicQosSchedulerTest.VerifySP (7764 ms)
[   FAILED ] warm_boot.HwOlympicQosSchedulerTest.VerifySP (0 ms)
[       OK ] cold_boot.HwOlympicQosSchedulerTest.VerifyWRRAndICP (9414 ms)
[   FAILED ] warm_boot.HwOlympicQosSchedulerTest.VerifyWRRAndICP (0 ms)
[       OK ] cold_boot.HwOlympicQosSchedulerTest.VerifyWRRAndNC (9375 ms)
[   FAILED ] warm_boot.HwOlympicQosSchedulerTest.VerifyWRRAndNC (0 ms)
[       OK ] cold_boot.HwPacketSendTest.ArpRequestToFrontPanelPortSwitched (8730 ms)
[       OK ] warm_boot.HwPacketSendTest.ArpRequestToFrontPanelPortSwitched (7929 ms)
[       OK ] cold_boot.HwPortBandwidthTest.VerifyPps (16948 ms)
[   FAILED ] warm_boot.HwPortBandwidthTest.VerifyPps (0 ms)
[       OK ] cold_boot.HwPortBandwidthTest.VerifyKbps (16946 ms)
[   FAILED ] warm_boot.HwPortBandwidthTest.VerifyKbps (0 ms)
[       OK ] cold_boot.HwSendPacketToQueueTest.SendPacketOutOfPortToUCQueue (5787 ms)
[       OK ] warm_boot.HwSendPacketToQueueTest.SendPacketOutOfPortToUCQueue (4866 ms)
[       OK ] cold_boot.HwSendPacketToQueueTest.SendPacketOutOfPortToDefaultUCQueue (5631 ms)
[       OK ] warm_boot.HwSendPacketToQueueTest.SendPacketOutOfPortToDefaultUCQueue (4770 ms)
[       OK ] cold_boot.HwSendPacketToQueueTest.SendPacketSwitchedToDefaultUCQueue (5605 ms)
[       OK ] warm_boot.HwSendPacketToQueueTest.SendPacketSwitchedToDefaultUCQueue (4834 ms)
[       OK ] cold_boot.HwSwitchStatsTxCounterTest.SendPacket (10562 ms)
[       OK ] warm_boot.HwSwitchStatsTxCounterTest.SendPacket (9411 ms)
[       OK ] cold_boot.Hw2QueueToOlympicQoSTest.verifyDscpToQueueMappingCpu (6083 ms)
[   FAILED ] warm_boot.Hw2QueueToOlympicQoSTest.verifyDscpToQueueMappingCpu (0 ms)
[       OK ] cold_boot.Hw2QueueToOlympicQoSTest.verifyDscpToQueueMappingFrontPanel (6079 ms)
[   FAILED ] warm_boot.Hw2QueueToOlympicQoSTest.verifyDscpToQueueMappingFrontPanel (0 ms)
[       OK ] cold_boot.HwTrunkLoadBalancerTest.ECMPFullTrunkHalfHash4X3WideTrunksV6CpuTraffic (6403 ms)
[       OK ] warm_boot.HwTrunkLoadBalancerTest.ECMPFullTrunkHalfHash4X3WideTrunksV6CpuTraffic (4920 ms)
[       OK ] cold_boot.HwTrunkLoadBalancerTest.ECMPFullTrunkHalfHash4X3WideTrunksV4CpuTraffic (6319 ms)
[       OK ] warm_boot.HwTrunkLoadBalancerTest.ECMPFullTrunkHalfHash4X3WideTrunksV4CpuTraffic (4936 ms)
[       OK ] cold_boot.HwTrunkLoadBalancerTest.ECMPFullTrunkHalf4X3WideTrunksV6FrontPanelTraffic (6226 ms)
[       OK ] warm_boot.HwTrunkLoadBalancerTest.ECMPFullTrunkHalf4X3WideTrunksV6FrontPanelTraffic (4767 ms)
[       OK ] cold_boot.HwTrunkLoadBalancerTest.ECMPFullTrunkHalf4X3WideTrunksV4FrontPanelTraffic (6240 ms)
[       OK ] warm_boot.HwTrunkLoadBalancerTest.ECMPFullTrunkHalf4X3WideTrunksV4FrontPanelTraffic (4758 ms)
[       OK ] cold_boot.HwTrunkLoadBalancerTest.ECMPFullTrunkHalfHash4X2WideTrunksV6CpuTraffic (6360 ms)
[       OK ] warm_boot.HwTrunkLoadBalancerTest.ECMPFullTrunkHalfHash4X2WideTrunksV6CpuTraffic (4989 ms)
[       OK ] cold_boot.HwTrunkLoadBalancerTest.ECMPFullTrunkHalfHash4X2WideTrunksV4CpuTraffic (6393 ms)
[       OK ] warm_boot.HwTrunkLoadBalancerTest.ECMPFullTrunkHalfHash4X2WideTrunksV4CpuTraffic (4881 ms)
[       OK ] cold_boot.HwTrunkLoadBalancerTest.ECMPFullTrunkHalf4X2WideTrunksV6FrontPanelTraffic (6225 ms)
[       OK ] warm_boot.HwTrunkLoadBalancerTest.ECMPFullTrunkHalf4X2WideTrunksV6FrontPanelTraffic (4752 ms)
[       OK ] cold_boot.HwTrunkLoadBalancerTest.ECMPFullTrunkHalf4X2WideTrunksV4FrontPanelTraffic (6137 ms)
[       OK ] warm_boot.HwTrunkLoadBalancerTest.ECMPFullTrunkHalf4X2WideTrunksV4FrontPanelTraffic (4752 ms)
[       OK ] cold_boot.HwTrunkLoadBalancerTest.ECMPHalfTrunkFullHash4X3WideTrunksV6CpuTraffic (6404 ms)
[       OK ] warm_boot.HwTrunkLoadBalancerTest.ECMPHalfTrunkFullHash4X3WideTrunksV6CpuTraffic (4969 ms)
[       OK ] cold_boot.HwTrunkLoadBalancerTest.ECMPHalfTrunkFullHash4X3WideTrunksV4CpuTraffic (6385 ms)
[       OK ] warm_boot.HwTrunkLoadBalancerTest.ECMPHalfTrunkFullHash4X3WideTrunksV4CpuTraffic (4948 ms)
[       OK ] cold_boot.HwTrunkLoadBalancerTest.ECMPHalfTrunkFull4X3WideTrunksV6FrontPanelTraffic (6242 ms)
[       OK ] warm_boot.HwTrunkLoadBalancerTest.ECMPHalfTrunkFull4X3WideTrunksV6FrontPanelTraffic (4797 ms)
[       OK ] cold_boot.HwTrunkLoadBalancerTest.ECMPHalfTrunkFull4X3WideTrunksV4FrontPanelTraffic (6243 ms)
[       OK ] warm_boot.HwTrunkLoadBalancerTest.ECMPHalfTrunkFull4X3WideTrunksV4FrontPanelTraffic (4758 ms)
[       OK ] cold_boot.HwTrunkLoadBalancerTest.ECMPHalfTrunkFullHash4X2WideTrunksV6CpuTraffic (6345 ms)
[       OK ] warm_boot.HwTrunkLoadBalancerTest.ECMPHalfTrunkFullHash4X2WideTrunksV6CpuTraffic (4934 ms)
[       OK ] cold_boot.HwTrunkLoadBalancerTest.ECMPHalfTrunkFullHash4X2WideTrunksV4CpuTraffic (6354 ms)
[       OK ] warm_boot.HwTrunkLoadBalancerTest.ECMPHalfTrunkFullHash4X2WideTrunksV4CpuTraffic (4985 ms)
[       OK ] cold_boot.HwTrunkLoadBalancerTest.ECMPHalfTrunkFull4X2WideTrunksV6FrontPanelTraffic (6251 ms)
[       OK ] warm_boot.HwTrunkLoadBalancerTest.ECMPHalfTrunkFull4X2WideTrunksV6FrontPanelTraffic (4693 ms)
[       OK ] cold_boot.HwTrunkLoadBalancerTest.ECMPHalfTrunkFull4X2WideTrunksV4FrontPanelTraffic (6245 ms)
[       OK ] warm_boot.HwTrunkLoadBalancerTest.ECMPHalfTrunkFull4X2WideTrunksV4FrontPanelTraffic (4769 ms)
[       OK ] cold_boot.HwWatermarkTest.VerifyDefaultQueue (5729 ms)
[   FAILED ] warm_boot.HwWatermarkTest.VerifyDefaultQueue (0 ms)
[       OK ] cold_boot.HwWatermarkTest.VerifyNonDefaultQueue (5758 ms)
[   FAILED ] warm_boot.HwWatermarkTest.VerifyNonDefaultQueue (0 ms)
[       OK ] cold_boot.HwWatermarkTest.VerifyDeviceWatermark (5761 ms)
[   FAILED ] warm_boot.HwWatermarkTest.VerifyDeviceWatermark (0 ms)
Summary:
   OK : 578
   FAILED : 28
   SKIPPED : 0
   TIMEOUT : 0

[root@wedge100s fboss_bins-1btecwcjx]# ./bin/run_test.py bcm